#
# There is insufficient memory for the Java Runtime Environment to continue.
# Native memory allocation (malloc) failed to allocate 1288176 bytes for Chunk::new
# Possible reasons:
#   The system is out of physical RAM or swap space
#   The process is running with CompressedOops enabled, and the Java Heap may be blocking the growth of the native heap
# Possible solutions:
#   Reduce memory load on the system
#   Increase physical memory or swap space
#   Check if swap backing store is full
#   Decrease Java heap size (-Xmx/-Xms)
#   Decrease number of Java threads
#   Decrease Java thread stack sizes (-Xss)
#   Set larger code cache with -XX:ReservedCodeCacheSize=
#   JVM is running with Unscaled Compressed Oops mode in which the Java heap is
#     placed in the first 4GB address space. The Java Heap base address is the
#     maximum limit for the native heap growth. Please use -XX:HeapBaseMinAddress
#     to set the Java Heap base and to place the Java Heap above 4GB virtual address.
# This output file may be truncated or incomplete.
#
#  Out of Memory Error (./src/hotspot/share/memory/arena.cpp:197), pid=43856, tid=2872
#
# JRE version: OpenJDK Runtime Environment Temurin-11.0.12+7 (11.0.12+7) (build 11.0.12+7)
# Java VM: OpenJDK 64-Bit Server VM Temurin-11.0.12+7 (11.0.12+7, mixed mode, tiered, compressed oops, g1 gc, windows-amd64)
# No core dump will be written. Minidumps are not enabled by default on client versions of Windows
#

---------------  S U M M A R Y ------------

Command Line: -Xms64m -Xmx512m -Dapp.name=ltex-ls -Dapp.repo=c:\Users\Rothschild\.vscode\extensions\valentjn.vscode-ltex-13.1.0\lib\ltex-ls-15.2.0\lib -Dapp.home=c:\Users\Rothschild\.vscode\extensions\valentjn.vscode-ltex-13.1.0\lib\ltex-ls-15.2.0 -Dbasedir=c:\Users\Rothschild\.vscode\extensions\valentjn.vscode-ltex-13.1.0\lib\ltex-ls-15.2.0 org.bsplines.ltexls.LtexLanguageServerLauncher

Host: 11th Gen Intel(R) Core(TM) i5-1135G7 @ 2.40GHz, 8 cores, 15G,  Windows 10 , 64 bit Build 22621 (10.0.22621.1825)
Time: Mon Jun  5 20:14:15 2023 中国标准时间 elapsed time: 9.803577 seconds (0d 0h 0m 9s)

---------------  T H R E A D  ---------------

Current thread (0x0000017af15bf000):  JavaThread "C2 CompilerThread0" daemon [_thread_in_native, id=2872, stack(0x0000005c88300000,0x0000005c88400000)]


Current CompileTask:
C2:   9803 5169       4       morfologik.speller.Speller::findRepl (749 bytes)

Stack: [0x0000005c88300000,0x0000005c88400000]
Native frames: (J=compiled Java code, j=interpreted, Vv=VM code, C=native code)
V  [jvm.dll+0x601d0a]
V  [jvm.dll+0x78ab6e]
V  [jvm.dll+0x78c23f]
V  [jvm.dll+0x78c903]
V  [jvm.dll+0x24be68]
V  [jvm.dll+0xc219c]
V  [jvm.dll+0xc275c]
V  [jvm.dll+0x354812]
V  [jvm.dll+0x321f63]
V  [jvm.dll+0x32129a]
V  [jvm.dll+0x205515]
V  [jvm.dll+0x2046fd]
V  [jvm.dll+0x1898fc]
V  [jvm.dll+0x213d67]
V  [jvm.dll+0x211f2b]
V  [jvm.dll+0x74ec19]
V  [jvm.dll+0x747c84]
V  [jvm.dll+0x600ba6]
C  [ucrtbase.dll+0x29363]
C  [KERNEL32.DLL+0x126ad]
C  [ntdll.dll+0x5a9f8]


---------------  P R O C E S S  ---------------

Threads class SMR info:
_java_thread_list=0x0000017af6a86250, length=14, elements={
0x0000017ad7418800, 0x0000017af155d800, 0x0000017af1597000, 0x0000017af15b8800,
0x0000017af15ba800, 0x0000017af15bc000, 0x0000017af15bf000, 0x0000017af15c5800,
0x0000017af15ce800, 0x0000017af1eda000, 0x0000017af509e800, 0x0000017af4c22000,
0x0000017af67a9000, 0x0000017af4734000
}

Java Threads: ( => current thread )
  0x0000017ad7418800 JavaThread "main" [_thread_blocked, id=26524, stack(0x0000005c87700000,0x0000005c87800000)]
  0x0000017af155d800 JavaThread "Reference Handler" daemon [_thread_blocked, id=21292, stack(0x0000005c87e00000,0x0000005c87f00000)]
  0x0000017af1597000 JavaThread "Finalizer" daemon [_thread_blocked, id=32800, stack(0x0000005c87f00000,0x0000005c88000000)]
  0x0000017af15b8800 JavaThread "Signal Dispatcher" daemon [_thread_blocked, id=26576, stack(0x0000005c88000000,0x0000005c88100000)]
  0x0000017af15ba800 JavaThread "Attach Listener" daemon [_thread_blocked, id=41368, stack(0x0000005c88100000,0x0000005c88200000)]
  0x0000017af15bc000 JavaThread "Service Thread" daemon [_thread_blocked, id=20540, stack(0x0000005c88200000,0x0000005c88300000)]
=>0x0000017af15bf000 JavaThread "C2 CompilerThread0" daemon [_thread_in_native, id=2872, stack(0x0000005c88300000,0x0000005c88400000)]
  0x0000017af15c5800 JavaThread "C1 CompilerThread0" daemon [_thread_blocked, id=19788, stack(0x0000005c88400000,0x0000005c88500000)]
  0x0000017af15ce800 JavaThread "Sweeper thread" daemon [_thread_blocked, id=43892, stack(0x0000005c88500000,0x0000005c88600000)]
  0x0000017af1eda000 JavaThread "Common-Cleaner" daemon [_thread_blocked, id=3032, stack(0x0000005c88700000,0x0000005c88800000)]
  0x0000017af509e800 JavaThread "pool-2-thread-1" [_thread_in_native, id=34696, stack(0x0000005c89000000,0x0000005c89100000)]
  0x0000017af4c22000 JavaThread "pool-1-thread-1" [_thread_in_vm, id=41700, stack(0x0000005c89100000,0x0000005c89200000)]
  0x0000017af67a9000 JavaThread "C2 CompilerThread1" daemon [_thread_in_native, id=30020, stack(0x0000005c89600000,0x0000005c89700000)]
  0x0000017af4734000 JavaThread "C2 CompilerThread2" daemon [_thread_in_native, id=2436, stack(0x0000005c89700000,0x0000005c89800000)]

Other Threads:
  0x0000017af155b800 VMThread "VM Thread" [stack: 0x0000005c87d00000,0x0000005c87e00000] [id=36856]
  0x0000017af200d800 WatcherThread [stack: 0x0000005c88600000,0x0000005c88700000] [id=31500]
  0x0000017ad7430000 GCTaskThread "GC Thread#0" [stack: 0x0000005c87800000,0x0000005c87900000] [id=2432]
  0x0000017af2cc6000 GCTaskThread "GC Thread#1" [stack: 0x0000005c88a00000,0x0000005c88b00000] [id=1380]
  0x0000017af6954800 GCTaskThread "GC Thread#2" [stack: 0x0000005c88d00000,0x0000005c88e00000] [id=15488]
  0x0000017af4ac8000 GCTaskThread "GC Thread#3" [stack: 0x0000005c88e00000,0x0000005c88f00000] [id=31196]
  0x0000017af5d83800 GCTaskThread "GC Thread#4" [stack: 0x0000005c89200000,0x0000005c89300000] [id=42012]
  0x0000017af2bc2800 GCTaskThread "GC Thread#5" [stack: 0x0000005c89300000,0x0000005c89400000] [id=39880]
  0x0000017ad7440800 ConcurrentGCThread "G1 Main Marker" [stack: 0x0000005c87900000,0x0000005c87a00000] [id=42344]
  0x0000017ad7443000 ConcurrentGCThread "G1 Conc#0" [stack: 0x0000005c87a00000,0x0000005c87b00000] [id=28320]
  0x0000017af65ec800 ConcurrentGCThread "G1 Conc#1" [stack: 0x0000005c88b00000,0x0000005c88c00000] [id=25632]
  0x0000017ad74ab000 ConcurrentGCThread "G1 Refine#0" [stack: 0x0000005c87b00000,0x0000005c87c00000] [id=30944]
  0x0000017af4c25000 ConcurrentGCThread "G1 Refine#1" [stack: 0x0000005c88c00000,0x0000005c88d00000] [id=43392]
  0x0000017af5d26000 ConcurrentGCThread "G1 Refine#2" [stack: 0x0000005c88f00000,0x0000005c89000000] [id=37104]
  0x0000017af4ba8000 ConcurrentGCThread "G1 Refine#3" [stack: 0x0000005c89400000,0x0000005c89500000] [id=5648]
  0x0000017af3922000 ConcurrentGCThread "G1 Refine#4" [stack: 0x0000005c88800000,0x0000005c88900000] [id=9380]
  0x0000017af4c9a800 ConcurrentGCThread "G1 Refine#5" [stack: 0x0000005c88900000,0x0000005c88a00000] [id=2112]
  0x0000017af4c9b000 ConcurrentGCThread "G1 Refine#6" [stack: 0x0000005c89500000,0x0000005c89600000] [id=5656]
  0x0000017ad74ae000 ConcurrentGCThread "G1 Young RemSet Sampling" [stack: 0x0000005c87c00000,0x0000005c87d00000] [id=19248]

Threads with active compile tasks:
C2 CompilerThread0   9849 5169       4       morfologik.speller.Speller::findRepl (749 bytes)
C2 CompilerThread1   9850 5180       4       morfologik.speller.Speller::cuted (94 bytes)

VM state:not at safepoint (normal execution)

VM Mutex/Monitor currently owned by a thread: None

Heap address: 0x00000000e0000000, size: 512 MB, Compressed Oops mode: 32-bit
Narrow klass base: 0x0000000000000000, Narrow klass shift: 3
Compressed class space size: 1073741824 Address: 0x0000000100000000

Heap:
 garbage-first heap   total 261120K, used 187437K [0x00000000e0000000, 0x0000000100000000)
  region size 1024K, 32 young (32768K), 3 survivors (3072K)
 Metaspace       used 28535K, capacity 29081K, committed 29312K, reserved 1075200K
  class space    used 2926K, capacity 3162K, committed 3200K, reserved 1048576K
Heap Regions: E=young(eden), S=young(survivor), O=old, HS=humongous(starts), HC=humongous(continues), CS=collection set, F=free, A=archive, TAMS=top-at-mark-start (previous, next)
|   0|0x00000000e0000000, 0x00000000e0100000, 0x00000000e0100000|100%| O|  |TAMS 0x00000000e0100000, 0x00000000e0000000| Untracked 
|   1|0x00000000e0100000, 0x00000000e0200000, 0x00000000e0200000|100%| O|  |TAMS 0x00000000e0200000, 0x00000000e0100000| Untracked 
|   2|0x00000000e0200000, 0x00000000e0300000, 0x00000000e0300000|100%| O|  |TAMS 0x00000000e0300000, 0x00000000e0200000| Untracked 
|   3|0x00000000e0300000, 0x00000000e0400000, 0x00000000e0400000|100%| O|  |TAMS 0x00000000e0400000, 0x00000000e0300000| Untracked 
|   4|0x00000000e0400000, 0x00000000e0500000, 0x00000000e0500000|100%| O|  |TAMS 0x00000000e0500000, 0x00000000e0400000| Untracked 
|   5|0x00000000e0500000, 0x00000000e0600000, 0x00000000e0600000|100%| O|  |TAMS 0x00000000e0600000, 0x00000000e0500000| Untracked 
|   6|0x00000000e0600000, 0x00000000e0700000, 0x00000000e0700000|100%| O|  |TAMS 0x00000000e0674400, 0x00000000e0600000| Untracked 
|   7|0x00000000e0700000, 0x00000000e0800000, 0x00000000e0800000|100%| O|  |TAMS 0x00000000e0800000, 0x00000000e0700000| Untracked 
|   8|0x00000000e0800000, 0x00000000e0900000, 0x00000000e0900000|100%| O|  |TAMS 0x00000000e0900000, 0x00000000e0800000| Untracked 
|   9|0x00000000e0900000, 0x00000000e0a00000, 0x00000000e0a00000|100%| O|  |TAMS 0x00000000e0a00000, 0x00000000e0900000| Untracked 
|  10|0x00000000e0a00000, 0x00000000e0b00000, 0x00000000e0b00000|100%| O|  |TAMS 0x00000000e0b00000, 0x00000000e0a00000| Untracked 
|  11|0x00000000e0b00000, 0x00000000e0c00000, 0x00000000e0c00000|100%| O|  |TAMS 0x00000000e0c00000, 0x00000000e0b00000| Untracked 
|  12|0x00000000e0c00000, 0x00000000e0d00000, 0x00000000e0d00000|100%| O|  |TAMS 0x00000000e0d00000, 0x00000000e0c00000| Untracked 
|  13|0x00000000e0d00000, 0x00000000e0e00000, 0x00000000e0e00000|100%| O|  |TAMS 0x00000000e0e00000, 0x00000000e0d00000| Untracked 
|  14|0x00000000e0e00000, 0x00000000e0f00000, 0x00000000e0f00000|100%| O|  |TAMS 0x00000000e0f00000, 0x00000000e0e00000| Untracked 
|  15|0x00000000e0f00000, 0x00000000e1000000, 0x00000000e1000000|100%| O|  |TAMS 0x00000000e1000000, 0x00000000e0f00000| Untracked 
|  16|0x00000000e1000000, 0x00000000e1100000, 0x00000000e1100000|100%| O|  |TAMS 0x00000000e1100000, 0x00000000e1000000| Untracked 
|  17|0x00000000e1100000, 0x00000000e1200000, 0x00000000e1200000|100%| O|  |TAMS 0x00000000e1200000, 0x00000000e1100000| Untracked 
|  18|0x00000000e1200000, 0x00000000e1300000, 0x00000000e1300000|100%| O|  |TAMS 0x00000000e1300000, 0x00000000e1200000| Untracked 
|  19|0x00000000e1300000, 0x00000000e1400000, 0x00000000e1400000|100%| O|  |TAMS 0x00000000e1300000, 0x00000000e1300000| Untracked 
|  20|0x00000000e1400000, 0x00000000e1500000, 0x00000000e1500000|100%| O|  |TAMS 0x00000000e1500000, 0x00000000e1400000| Untracked 
|  21|0x00000000e1500000, 0x00000000e1600000, 0x00000000e1600000|100%| O|  |TAMS 0x00000000e1600000, 0x00000000e1500000| Untracked 
|  22|0x00000000e1600000, 0x00000000e1700000, 0x00000000e1700000|100%| O|  |TAMS 0x00000000e1700000, 0x00000000e1600000| Untracked 
|  23|0x00000000e1700000, 0x00000000e1800000, 0x00000000e1800000|100%|HS|  |TAMS 0x00000000e1800000, 0x00000000e1700000| Complete 
|  24|0x00000000e1800000, 0x00000000e1900000, 0x00000000e1900000|100%| O|  |TAMS 0x00000000e1900000, 0x00000000e1800000| Untracked 
|  25|0x00000000e1900000, 0x00000000e1a00000, 0x00000000e1a00000|100%| O|  |TAMS 0x00000000e1a00000, 0x00000000e1900000| Untracked 
|  26|0x00000000e1a00000, 0x00000000e1b00000, 0x00000000e1b00000|100%| O|  |TAMS 0x00000000e1b00000, 0x00000000e1a00000| Untracked 
|  27|0x00000000e1b00000, 0x00000000e1c00000, 0x00000000e1c00000|100%| O|  |TAMS 0x00000000e1c00000, 0x00000000e1b00000| Untracked 
|  28|0x00000000e1c00000, 0x00000000e1d00000, 0x00000000e1d00000|100%| O|  |TAMS 0x00000000e1c00000, 0x00000000e1c00000| Untracked 
|  29|0x00000000e1d00000, 0x00000000e1e00000, 0x00000000e1e00000|100%| O|  |TAMS 0x00000000e1e00000, 0x00000000e1d00000| Untracked 
|  30|0x00000000e1e00000, 0x00000000e1f00000, 0x00000000e1f00000|100%| O|  |TAMS 0x00000000e1f00000, 0x00000000e1e00000| Untracked 
|  31|0x00000000e1f00000, 0x00000000e2000000, 0x00000000e2000000|100%| O|  |TAMS 0x00000000e1f00000, 0x00000000e1f00000| Untracked 
|  32|0x00000000e2000000, 0x00000000e2100000, 0x00000000e2100000|100%| O|  |TAMS 0x00000000e2100000, 0x00000000e2000000| Untracked 
|  33|0x00000000e2100000, 0x00000000e2200000, 0x00000000e2200000|100%| O|  |TAMS 0x00000000e2100000, 0x00000000e2100000| Untracked 
|  34|0x00000000e2200000, 0x00000000e2300000, 0x00000000e2300000|100%| O|  |TAMS 0x00000000e2300000, 0x00000000e2200000| Untracked 
|  35|0x00000000e2300000, 0x00000000e2400000, 0x00000000e2400000|100%| O|  |TAMS 0x00000000e2400000, 0x00000000e2300000| Untracked 
|  36|0x00000000e2400000, 0x00000000e2500000, 0x00000000e2500000|100%| O|  |TAMS 0x00000000e2500000, 0x00000000e2400000| Untracked 
|  37|0x00000000e2500000, 0x00000000e2600000, 0x00000000e2600000|100%| O|  |TAMS 0x00000000e2500000, 0x00000000e2500000| Untracked 
|  38|0x00000000e2600000, 0x00000000e2700000, 0x00000000e2700000|100%| O|  |TAMS 0x00000000e2700000, 0x00000000e2600000| Untracked 
|  39|0x00000000e2700000, 0x00000000e2800000, 0x00000000e2800000|100%| O|  |TAMS 0x00000000e2800000, 0x00000000e2700000| Untracked 
|  40|0x00000000e2800000, 0x00000000e2900000, 0x00000000e2900000|100%| O|  |TAMS 0x00000000e2800000, 0x00000000e2800000| Untracked 
|  41|0x00000000e2900000, 0x00000000e2a00000, 0x00000000e2a00000|100%| O|  |TAMS 0x00000000e2900000, 0x00000000e2900000| Untracked 
|  42|0x00000000e2a00000, 0x00000000e2b00000, 0x00000000e2b00000|100%| O|  |TAMS 0x00000000e2b00000, 0x00000000e2a00000| Untracked 
|  43|0x00000000e2b00000, 0x00000000e2c00000, 0x00000000e2c00000|100%| O|  |TAMS 0x00000000e2c00000, 0x00000000e2b00000| Untracked 
|  44|0x00000000e2c00000, 0x00000000e2d00000, 0x00000000e2d00000|100%| O|  |TAMS 0x00000000e2d00000, 0x00000000e2c00000| Untracked 
|  45|0x00000000e2d00000, 0x00000000e2e00000, 0x00000000e2e00000|100%| O|  |TAMS 0x00000000e2e00000, 0x00000000e2d00000| Untracked 
|  46|0x00000000e2e00000, 0x00000000e2f00000, 0x00000000e2f00000|100%| O|  |TAMS 0x00000000e2f00000, 0x00000000e2e00000| Untracked 
|  47|0x00000000e2f00000, 0x00000000e3000000, 0x00000000e3000000|100%| O|  |TAMS 0x00000000e3000000, 0x00000000e2f00000| Untracked 
|  48|0x00000000e3000000, 0x00000000e3100000, 0x00000000e3100000|100%| O|  |TAMS 0x00000000e3100000, 0x00000000e3000000| Untracked 
|  49|0x00000000e3100000, 0x00000000e3200000, 0x00000000e3200000|100%| O|  |TAMS 0x00000000e3200000, 0x00000000e3100000| Untracked 
|  50|0x00000000e3200000, 0x00000000e3300000, 0x00000000e3300000|100%| O|  |TAMS 0x00000000e3200000, 0x00000000e3200000| Untracked 
|  51|0x00000000e3300000, 0x00000000e3400000, 0x00000000e3400000|100%| O|  |TAMS 0x00000000e3400000, 0x00000000e3300000| Untracked 
|  52|0x00000000e3400000, 0x00000000e3500000, 0x00000000e3500000|100%| O|  |TAMS 0x00000000e3500000, 0x00000000e3400000| Untracked 
|  53|0x00000000e3500000, 0x00000000e3600000, 0x00000000e3600000|100%| O|  |TAMS 0x00000000e3600000, 0x00000000e3500000| Untracked 
|  54|0x00000000e3600000, 0x00000000e3700000, 0x00000000e3700000|100%| O|  |TAMS 0x00000000e3700000, 0x00000000e3600000| Untracked 
|  55|0x00000000e3700000, 0x00000000e3800000, 0x00000000e3800000|100%| O|  |TAMS 0x00000000e3800000, 0x00000000e3700000| Untracked 
|  56|0x00000000e3800000, 0x00000000e3900000, 0x00000000e3900000|100%| O|  |TAMS 0x00000000e3900000, 0x00000000e3800000| Untracked 
|  57|0x00000000e3900000, 0x00000000e3a00000, 0x00000000e3a00000|100%| O|  |TAMS 0x00000000e3a00000, 0x00000000e3900000| Untracked 
|  58|0x00000000e3a00000, 0x00000000e3b00000, 0x00000000e3b00000|100%| O|  |TAMS 0x00000000e3b00000, 0x00000000e3a00000| Untracked 
|  59|0x00000000e3b00000, 0x00000000e3c00000, 0x00000000e3c00000|100%| O|  |TAMS 0x00000000e3c00000, 0x00000000e3b00000| Untracked 
|  60|0x00000000e3c00000, 0x00000000e3d00000, 0x00000000e3d00000|100%| O|  |TAMS 0x00000000e3d00000, 0x00000000e3c00000| Untracked 
|  61|0x00000000e3d00000, 0x00000000e3e00000, 0x00000000e3e00000|100%| O|  |TAMS 0x00000000e3e00000, 0x00000000e3d00000| Untracked 
|  62|0x00000000e3e00000, 0x00000000e3f00000, 0x00000000e3f00000|100%| O|  |TAMS 0x00000000e3f00000, 0x00000000e3e00000| Untracked 
|  63|0x00000000e3f00000, 0x00000000e4000000, 0x00000000e4000000|100%| O|  |TAMS 0x00000000e4000000, 0x00000000e3f00000| Untracked 
|  64|0x00000000e4000000, 0x00000000e4100000, 0x00000000e4100000|100%| O|  |TAMS 0x00000000e4100000, 0x00000000e4000000| Untracked 
|  65|0x00000000e4100000, 0x00000000e4200000, 0x00000000e4200000|100%| O|  |TAMS 0x00000000e4200000, 0x00000000e4100000| Untracked 
|  66|0x00000000e4200000, 0x00000000e4300000, 0x00000000e4300000|100%| O|  |TAMS 0x00000000e4300000, 0x00000000e4200000| Untracked 
|  67|0x00000000e4300000, 0x00000000e4400000, 0x00000000e4400000|100%| O|  |TAMS 0x00000000e4300000, 0x00000000e4300000| Untracked 
|  68|0x00000000e4400000, 0x00000000e4500000, 0x00000000e4500000|100%| O|  |TAMS 0x00000000e4400000, 0x00000000e4400000| Untracked 
|  69|0x00000000e4500000, 0x00000000e4600000, 0x00000000e4600000|100%| O|  |TAMS 0x00000000e4500000, 0x00000000e4500000| Untracked 
|  70|0x00000000e4600000, 0x00000000e4700000, 0x00000000e4700000|100%| O|  |TAMS 0x00000000e4600000, 0x00000000e4600000| Untracked 
|  71|0x00000000e4700000, 0x00000000e4800000, 0x00000000e4800000|100%| O|  |TAMS 0x00000000e4700000, 0x00000000e4700000| Untracked 
|  72|0x00000000e4800000, 0x00000000e4900000, 0x00000000e4900000|100%| O|  |TAMS 0x00000000e4800000, 0x00000000e4800000| Untracked 
|  73|0x00000000e4900000, 0x00000000e4a00000, 0x00000000e4a00000|100%| O|  |TAMS 0x00000000e4900000, 0x00000000e4900000| Untracked 
|  74|0x00000000e4a00000, 0x00000000e4b00000, 0x00000000e4b00000|100%| O|  |TAMS 0x00000000e4a00000, 0x00000000e4a00000| Untracked 
|  75|0x00000000e4b00000, 0x00000000e4c00000, 0x00000000e4c00000|100%| O|  |TAMS 0x00000000e4b00000, 0x00000000e4b00000| Untracked 
|  76|0x00000000e4c00000, 0x00000000e4d00000, 0x00000000e4d00000|100%| O|  |TAMS 0x00000000e4c00000, 0x00000000e4c00000| Untracked 
|  77|0x00000000e4d00000, 0x00000000e4e00000, 0x00000000e4e00000|100%| O|  |TAMS 0x00000000e4d00000, 0x00000000e4d00000| Untracked 
|  78|0x00000000e4e00000, 0x00000000e4f00000, 0x00000000e4f00000|100%| O|  |TAMS 0x00000000e4e00000, 0x00000000e4e00000| Untracked 
|  79|0x00000000e4f00000, 0x00000000e5000000, 0x00000000e5000000|100%| O|  |TAMS 0x00000000e4f00000, 0x00000000e4f00000| Untracked 
|  80|0x00000000e5000000, 0x00000000e5100000, 0x00000000e5100000|100%| O|  |TAMS 0x00000000e5000000, 0x00000000e5000000| Untracked 
|  81|0x00000000e5100000, 0x00000000e5200000, 0x00000000e5200000|100%| O|  |TAMS 0x00000000e5100000, 0x00000000e5100000| Untracked 
|  82|0x00000000e5200000, 0x00000000e5300000, 0x00000000e5300000|100%| O|  |TAMS 0x00000000e5200000, 0x00000000e5200000| Untracked 
|  83|0x00000000e5300000, 0x00000000e5400000, 0x00000000e5400000|100%| O|  |TAMS 0x00000000e5300000, 0x00000000e5300000| Untracked 
|  84|0x00000000e5400000, 0x00000000e5500000, 0x00000000e5500000|100%| O|  |TAMS 0x00000000e5400000, 0x00000000e5400000| Untracked 
|  85|0x00000000e5500000, 0x00000000e5600000, 0x00000000e5600000|100%| O|  |TAMS 0x00000000e5500000, 0x00000000e5500000| Untracked 
|  86|0x00000000e5600000, 0x00000000e5700000, 0x00000000e5700000|100%| O|  |TAMS 0x00000000e5600000, 0x00000000e5600000| Untracked 
|  87|0x00000000e5700000, 0x00000000e5800000, 0x00000000e5800000|100%| O|  |TAMS 0x00000000e5700000, 0x00000000e5700000| Untracked 
|  88|0x00000000e5800000, 0x00000000e5900000, 0x00000000e5900000|100%| O|  |TAMS 0x00000000e5800000, 0x00000000e5800000| Untracked 
|  89|0x00000000e5900000, 0x00000000e5a00000, 0x00000000e5a00000|100%| O|  |TAMS 0x00000000e5900000, 0x00000000e5900000| Untracked 
|  90|0x00000000e5a00000, 0x00000000e5b00000, 0x00000000e5b00000|100%| O|  |TAMS 0x00000000e5a00000, 0x00000000e5a00000| Untracked 
|  91|0x00000000e5b00000, 0x00000000e5c00000, 0x00000000e5c00000|100%| O|  |TAMS 0x00000000e5b00000, 0x00000000e5b00000| Untracked 
|  92|0x00000000e5c00000, 0x00000000e5d00000, 0x00000000e5d00000|100%| O|  |TAMS 0x00000000e5c00000, 0x00000000e5c00000| Untracked 
|  93|0x00000000e5d00000, 0x00000000e5e00000, 0x00000000e5e00000|100%| O|  |TAMS 0x00000000e5d00000, 0x00000000e5d00000| Untracked 
|  94|0x00000000e5e00000, 0x00000000e5f00000, 0x00000000e5f00000|100%| O|  |TAMS 0x00000000e5e00000, 0x00000000e5e00000| Untracked 
|  95|0x00000000e5f00000, 0x00000000e6000000, 0x00000000e6000000|100%| O|  |TAMS 0x00000000e5f00000, 0x00000000e5f00000| Untracked 
|  96|0x00000000e6000000, 0x00000000e6100000, 0x00000000e6100000|100%| O|  |TAMS 0x00000000e6000000, 0x00000000e6000000| Untracked 
|  97|0x00000000e6100000, 0x00000000e6200000, 0x00000000e6200000|100%| O|  |TAMS 0x00000000e6100000, 0x00000000e6100000| Untracked 
|  98|0x00000000e6200000, 0x00000000e6300000, 0x00000000e6300000|100%| O|  |TAMS 0x00000000e6200000, 0x00000000e6200000| Untracked 
|  99|0x00000000e6300000, 0x00000000e6400000, 0x00000000e6400000|100%| O|  |TAMS 0x00000000e6300000, 0x00000000e6300000| Untracked 
| 100|0x00000000e6400000, 0x00000000e6500000, 0x00000000e6500000|100%|HS|  |TAMS 0x00000000e6400000, 0x00000000e6400000| Complete 
| 101|0x00000000e6500000, 0x00000000e6600000, 0x00000000e6600000|100%|HS|  |TAMS 0x00000000e6500000, 0x00000000e6500000| Complete 
| 102|0x00000000e6600000, 0x00000000e6700000, 0x00000000e6700000|100%|HC|  |TAMS 0x00000000e6600000, 0x00000000e6600000| Complete 
| 103|0x00000000e6700000, 0x00000000e6800000, 0x00000000e6800000|100%| O|  |TAMS 0x00000000e6700000, 0x00000000e6700000| Untracked 
| 104|0x00000000e6800000, 0x00000000e6900000, 0x00000000e6900000|100%| O|  |TAMS 0x00000000e6800000, 0x00000000e6800000| Untracked 
| 105|0x00000000e6900000, 0x00000000e6a00000, 0x00000000e6a00000|100%| O|  |TAMS 0x00000000e6900000, 0x00000000e6900000| Untracked 
| 106|0x00000000e6a00000, 0x00000000e6b00000, 0x00000000e6b00000|100%| O|  |TAMS 0x00000000e6a00000, 0x00000000e6a00000| Untracked 
| 107|0x00000000e6b00000, 0x00000000e6c00000, 0x00000000e6c00000|100%| O|  |TAMS 0x00000000e6b00000, 0x00000000e6b00000| Untracked 
| 108|0x00000000e6c00000, 0x00000000e6d00000, 0x00000000e6d00000|100%| O|  |TAMS 0x00000000e6c00000, 0x00000000e6c00000| Untracked 
| 109|0x00000000e6d00000, 0x00000000e6e00000, 0x00000000e6e00000|100%|HS|  |TAMS 0x00000000e6d00000, 0x00000000e6d00000| Complete 
| 110|0x00000000e6e00000, 0x00000000e6f00000, 0x00000000e6f00000|100%|HS|  |TAMS 0x00000000e6e00000, 0x00000000e6e00000| Complete 
| 111|0x00000000e6f00000, 0x00000000e7000000, 0x00000000e7000000|100%|HC|  |TAMS 0x00000000e6f00000, 0x00000000e6f00000| Complete 
| 112|0x00000000e7000000, 0x00000000e7100000, 0x00000000e7100000|100%| O|  |TAMS 0x00000000e7000000, 0x00000000e7000000| Untracked 
| 113|0x00000000e7100000, 0x00000000e7200000, 0x00000000e7200000|100%| O|  |TAMS 0x00000000e7100000, 0x00000000e7100000| Untracked 
| 114|0x00000000e7200000, 0x00000000e7300000, 0x00000000e7300000|100%| O|  |TAMS 0x00000000e7200000, 0x00000000e7200000| Untracked 
| 115|0x00000000e7300000, 0x00000000e7400000, 0x00000000e7400000|100%| O|  |TAMS 0x00000000e7300000, 0x00000000e7300000| Untracked 
| 116|0x00000000e7400000, 0x00000000e7500000, 0x00000000e7500000|100%| O|  |TAMS 0x00000000e7400000, 0x00000000e7400000| Untracked 
| 117|0x00000000e7500000, 0x00000000e7600000, 0x00000000e7600000|100%| O|  |TAMS 0x00000000e7500000, 0x00000000e7500000| Untracked 
| 118|0x00000000e7600000, 0x00000000e7700000, 0x00000000e7700000|100%| O|  |TAMS 0x00000000e7600000, 0x00000000e7600000| Untracked 
| 119|0x00000000e7700000, 0x00000000e7800000, 0x00000000e7800000|100%| O|  |TAMS 0x00000000e7700000, 0x00000000e7700000| Untracked 
| 120|0x00000000e7800000, 0x00000000e7900000, 0x00000000e7900000|100%| O|  |TAMS 0x00000000e7800000, 0x00000000e7800000| Untracked 
| 121|0x00000000e7900000, 0x00000000e7a00000, 0x00000000e7a00000|100%| O|  |TAMS 0x00000000e7900000, 0x00000000e7900000| Untracked 
| 122|0x00000000e7a00000, 0x00000000e7b00000, 0x00000000e7b00000|100%| O|  |TAMS 0x00000000e7a00000, 0x00000000e7a00000| Untracked 
| 123|0x00000000e7b00000, 0x00000000e7c00000, 0x00000000e7c00000|100%| O|  |TAMS 0x00000000e7b00000, 0x00000000e7b00000| Untracked 
| 124|0x00000000e7c00000, 0x00000000e7d00000, 0x00000000e7d00000|100%| O|  |TAMS 0x00000000e7c00000, 0x00000000e7c00000| Untracked 
| 125|0x00000000e7d00000, 0x00000000e7e00000, 0x00000000e7e00000|100%| O|  |TAMS 0x00000000e7d00000, 0x00000000e7d00000| Untracked 
| 126|0x00000000e7e00000, 0x00000000e7f00000, 0x00000000e7f00000|100%| O|  |TAMS 0x00000000e7e00000, 0x00000000e7e00000| Untracked 
| 127|0x00000000e7f00000, 0x00000000e8000000, 0x00000000e8000000|100%| O|  |TAMS 0x00000000e7f00000, 0x00000000e7f00000| Untracked 
| 128|0x00000000e8000000, 0x00000000e8100000, 0x00000000e8100000|100%| O|  |TAMS 0x00000000e8000000, 0x00000000e8000000| Untracked 
| 129|0x00000000e8100000, 0x00000000e8200000, 0x00000000e8200000|100%| O|  |TAMS 0x00000000e8100000, 0x00000000e8100000| Untracked 
| 130|0x00000000e8200000, 0x00000000e8300000, 0x00000000e8300000|100%| O|  |TAMS 0x00000000e8200000, 0x00000000e8200000| Untracked 
| 131|0x00000000e8300000, 0x00000000e8400000, 0x00000000e8400000|100%| O|  |TAMS 0x00000000e8300000, 0x00000000e8300000| Untracked 
| 132|0x00000000e8400000, 0x00000000e8500000, 0x00000000e8500000|100%| O|  |TAMS 0x00000000e8400000, 0x00000000e8400000| Untracked 
| 133|0x00000000e8500000, 0x00000000e8600000, 0x00000000e8600000|100%| O|  |TAMS 0x00000000e8500000, 0x00000000e8500000| Untracked 
| 134|0x00000000e8600000, 0x00000000e8700000, 0x00000000e8700000|100%| O|  |TAMS 0x00000000e8600000, 0x00000000e8600000| Untracked 
| 135|0x00000000e8700000, 0x00000000e8800000, 0x00000000e8800000|100%| O|  |TAMS 0x00000000e8700000, 0x00000000e8700000| Untracked 
| 136|0x00000000e8800000, 0x00000000e8900000, 0x00000000e8900000|100%| O|  |TAMS 0x00000000e8800000, 0x00000000e8800000| Untracked 
| 137|0x00000000e8900000, 0x00000000e8a00000, 0x00000000e8a00000|100%| O|  |TAMS 0x00000000e8900000, 0x00000000e8900000| Untracked 
| 138|0x00000000e8a00000, 0x00000000e8b00000, 0x00000000e8b00000|100%| O|  |TAMS 0x00000000e8a00000, 0x00000000e8a00000| Untracked 
| 139|0x00000000e8b00000, 0x00000000e8c00000, 0x00000000e8c00000|100%| O|  |TAMS 0x00000000e8b00000, 0x00000000e8b00000| Untracked 
| 140|0x00000000e8c00000, 0x00000000e8d00000, 0x00000000e8d00000|100%| O|  |TAMS 0x00000000e8c00000, 0x00000000e8c00000| Untracked 
| 141|0x00000000e8d00000, 0x00000000e8d3e800, 0x00000000e8e00000| 24%| O|  |TAMS 0x00000000e8d00000, 0x00000000e8d00000| Untracked 
| 142|0x00000000e8e00000, 0x00000000e8e00000, 0x00000000e8f00000|  0%| F|  |TAMS 0x00000000e8e00000, 0x00000000e8e00000| Untracked 
| 143|0x00000000e8f00000, 0x00000000e8f00000, 0x00000000e9000000|  0%| F|  |TAMS 0x00000000e8f00000, 0x00000000e8f00000| Untracked 
| 144|0x00000000e9000000, 0x00000000e9100000, 0x00000000e9100000|100%| O|  |TAMS 0x00000000e9000000, 0x00000000e9000000| Untracked 
| 145|0x00000000e9100000, 0x00000000e9200000, 0x00000000e9200000|100%| O|  |TAMS 0x00000000e9100000, 0x00000000e9100000| Untracked 
| 146|0x00000000e9200000, 0x00000000e9300000, 0x00000000e9300000|100%| O|  |TAMS 0x00000000e9200000, 0x00000000e9200000| Untracked 
| 147|0x00000000e9300000, 0x00000000e9400000, 0x00000000e9400000|100%| O|  |TAMS 0x00000000e9300000, 0x00000000e9300000| Untracked 
| 148|0x00000000e9400000, 0x00000000e9500000, 0x00000000e9500000|100%| O|  |TAMS 0x00000000e9400000, 0x00000000e9400000| Untracked 
| 149|0x00000000e9500000, 0x00000000e9600000, 0x00000000e9600000|100%| O|  |TAMS 0x00000000e9500000, 0x00000000e9500000| Untracked 
| 150|0x00000000e9600000, 0x00000000e9600000, 0x00000000e9700000|  0%| F|  |TAMS 0x00000000e9600000, 0x00000000e9600000| Untracked 
| 151|0x00000000e9700000, 0x00000000e9700000, 0x00000000e9800000|  0%| F|  |TAMS 0x00000000e9700000, 0x00000000e9700000| Untracked 
| 152|0x00000000e9800000, 0x00000000e9800000, 0x00000000e9900000|  0%| F|  |TAMS 0x00000000e9800000, 0x00000000e9800000| Untracked 
| 153|0x00000000e9900000, 0x00000000e9a00000, 0x00000000e9a00000|100%|HS|  |TAMS 0x00000000e9900000, 0x00000000e9900000| Complete 
| 154|0x00000000e9a00000, 0x00000000e9a00000, 0x00000000e9b00000|  0%| F|  |TAMS 0x00000000e9a00000, 0x00000000e9a00000| Untracked 
| 155|0x00000000e9b00000, 0x00000000e9b00000, 0x00000000e9c00000|  0%| F|  |TAMS 0x00000000e9b00000, 0x00000000e9b00000| Untracked 
| 156|0x00000000e9c00000, 0x00000000e9c00000, 0x00000000e9d00000|  0%| F|  |TAMS 0x00000000e9c00000, 0x00000000e9c00000| Untracked 
| 157|0x00000000e9d00000, 0x00000000e9d00000, 0x00000000e9e00000|  0%| F|  |TAMS 0x00000000e9d00000, 0x00000000e9d00000| Untracked 
| 158|0x00000000e9e00000, 0x00000000e9e00000, 0x00000000e9f00000|  0%| F|  |TAMS 0x00000000e9e00000, 0x00000000e9e00000| Untracked 
| 159|0x00000000e9f00000, 0x00000000e9f00000, 0x00000000ea000000|  0%| F|  |TAMS 0x00000000e9f00000, 0x00000000e9f00000| Untracked 
| 160|0x00000000ea000000, 0x00000000ea000000, 0x00000000ea100000|  0%| F|  |TAMS 0x00000000ea000000, 0x00000000ea000000| Untracked 
| 161|0x00000000ea100000, 0x00000000ea100000, 0x00000000ea200000|  0%| F|  |TAMS 0x00000000ea100000, 0x00000000ea100000| Untracked 
| 162|0x00000000ea200000, 0x00000000ea200000, 0x00000000ea300000|  0%| F|  |TAMS 0x00000000ea200000, 0x00000000ea200000| Untracked 
| 163|0x00000000ea300000, 0x00000000ea300000, 0x00000000ea400000|  0%| F|  |TAMS 0x00000000ea300000, 0x00000000ea300000| Untracked 
| 164|0x00000000ea400000, 0x00000000ea400000, 0x00000000ea500000|  0%| F|  |TAMS 0x00000000ea400000, 0x00000000ea400000| Untracked 
| 165|0x00000000ea500000, 0x00000000ea500000, 0x00000000ea600000|  0%| F|  |TAMS 0x00000000ea500000, 0x00000000ea500000| Untracked 
| 166|0x00000000ea600000, 0x00000000ea600000, 0x00000000ea700000|  0%| F|  |TAMS 0x00000000ea600000, 0x00000000ea600000| Untracked 
| 167|0x00000000ea700000, 0x00000000ea700000, 0x00000000ea800000|  0%| F|  |TAMS 0x00000000ea700000, 0x00000000ea700000| Untracked 
| 168|0x00000000ea800000, 0x00000000ea800000, 0x00000000ea900000|  0%| F|  |TAMS 0x00000000ea800000, 0x00000000ea800000| Untracked 
| 169|0x00000000ea900000, 0x00000000ea900000, 0x00000000eaa00000|  0%| F|  |TAMS 0x00000000ea900000, 0x00000000ea900000| Untracked 
| 170|0x00000000eaa00000, 0x00000000eaa00000, 0x00000000eab00000|  0%| F|  |TAMS 0x00000000eaa00000, 0x00000000eaa00000| Untracked 
| 171|0x00000000eab00000, 0x00000000eab00000, 0x00000000eac00000|  0%| F|  |TAMS 0x00000000eab00000, 0x00000000eab00000| Untracked 
| 172|0x00000000eac00000, 0x00000000eac00000, 0x00000000ead00000|  0%| F|  |TAMS 0x00000000eac00000, 0x00000000eac00000| Untracked 
| 173|0x00000000ead00000, 0x00000000ead00000, 0x00000000eae00000|  0%| F|  |TAMS 0x00000000ead00000, 0x00000000ead00000| Untracked 
| 174|0x00000000eae00000, 0x00000000eae00000, 0x00000000eaf00000|  0%| F|  |TAMS 0x00000000eae00000, 0x00000000eae00000| Untracked 
| 175|0x00000000eaf00000, 0x00000000eaf00000, 0x00000000eb000000|  0%| F|  |TAMS 0x00000000eaf00000, 0x00000000eaf00000| Untracked 
| 176|0x00000000eb000000, 0x00000000eb000000, 0x00000000eb100000|  0%| F|  |TAMS 0x00000000eb000000, 0x00000000eb000000| Untracked 
| 177|0x00000000eb100000, 0x00000000eb100000, 0x00000000eb200000|  0%| F|  |TAMS 0x00000000eb100000, 0x00000000eb100000| Untracked 
| 178|0x00000000eb200000, 0x00000000eb200000, 0x00000000eb300000|  0%| F|  |TAMS 0x00000000eb200000, 0x00000000eb200000| Untracked 
| 179|0x00000000eb300000, 0x00000000eb300000, 0x00000000eb400000|  0%| F|  |TAMS 0x00000000eb300000, 0x00000000eb300000| Untracked 
| 180|0x00000000eb400000, 0x00000000eb400000, 0x00000000eb500000|  0%| F|  |TAMS 0x00000000eb400000, 0x00000000eb400000| Untracked 
| 181|0x00000000eb500000, 0x00000000eb500000, 0x00000000eb600000|  0%| F|  |TAMS 0x00000000eb500000, 0x00000000eb500000| Untracked 
| 182|0x00000000eb600000, 0x00000000eb600000, 0x00000000eb700000|  0%| F|  |TAMS 0x00000000eb600000, 0x00000000eb600000| Untracked 
| 183|0x00000000eb700000, 0x00000000eb700000, 0x00000000eb800000|  0%| F|  |TAMS 0x00000000eb700000, 0x00000000eb700000| Untracked 
| 184|0x00000000eb800000, 0x00000000eb800000, 0x00000000eb900000|  0%| F|  |TAMS 0x00000000eb800000, 0x00000000eb800000| Untracked 
| 185|0x00000000eb900000, 0x00000000eb900000, 0x00000000eba00000|  0%| F|  |TAMS 0x00000000eb900000, 0x00000000eb900000| Untracked 
| 186|0x00000000eba00000, 0x00000000ebb00000, 0x00000000ebb00000|100%| O|  |TAMS 0x00000000eba00000, 0x00000000eba00000| Untracked 
| 187|0x00000000ebb00000, 0x00000000ebc00000, 0x00000000ebc00000|100%| O|  |TAMS 0x00000000ebb00000, 0x00000000ebb00000| Untracked 
| 188|0x00000000ebc00000, 0x00000000ebd00000, 0x00000000ebd00000|100%| O|  |TAMS 0x00000000ebc00000, 0x00000000ebc00000| Untracked 
| 189|0x00000000ebd00000, 0x00000000ebe00000, 0x00000000ebe00000|100%| O|  |TAMS 0x00000000ebd00000, 0x00000000ebd00000| Untracked 
| 190|0x00000000ebe00000, 0x00000000ebe00000, 0x00000000ebf00000|  0%| F|  |TAMS 0x00000000ebe00000, 0x00000000ebe00000| Untracked 
| 191|0x00000000ebf00000, 0x00000000ebf00000, 0x00000000ec000000|  0%| F|  |TAMS 0x00000000ebf00000, 0x00000000ebf00000| Untracked 
| 192|0x00000000ec000000, 0x00000000ec000000, 0x00000000ec100000|  0%| F|  |TAMS 0x00000000ec000000, 0x00000000ec000000| Untracked 
| 193|0x00000000ec100000, 0x00000000ec100000, 0x00000000ec200000|  0%| F|  |TAMS 0x00000000ec100000, 0x00000000ec100000| Untracked 
| 194|0x00000000ec200000, 0x00000000ec200000, 0x00000000ec300000|  0%| F|  |TAMS 0x00000000ec200000, 0x00000000ec200000| Untracked 
| 195|0x00000000ec300000, 0x00000000ec300000, 0x00000000ec400000|  0%| F|  |TAMS 0x00000000ec300000, 0x00000000ec300000| Untracked 
| 196|0x00000000ec400000, 0x00000000ec400000, 0x00000000ec500000|  0%| F|  |TAMS 0x00000000ec400000, 0x00000000ec400000| Untracked 
| 197|0x00000000ec500000, 0x00000000ec500000, 0x00000000ec600000|  0%| F|  |TAMS 0x00000000ec500000, 0x00000000ec500000| Untracked 
| 198|0x00000000ec600000, 0x00000000ec600000, 0x00000000ec700000|  0%| F|  |TAMS 0x00000000ec600000, 0x00000000ec600000| Untracked 
| 199|0x00000000ec700000, 0x00000000ec700000, 0x00000000ec800000|  0%| F|  |TAMS 0x00000000ec700000, 0x00000000ec700000| Untracked 
| 200|0x00000000ec800000, 0x00000000ec800000, 0x00000000ec900000|  0%| F|  |TAMS 0x00000000ec800000, 0x00000000ec800000| Untracked 
| 201|0x00000000ec900000, 0x00000000ec900000, 0x00000000eca00000|  0%| F|  |TAMS 0x00000000ec900000, 0x00000000ec900000| Untracked 
| 202|0x00000000eca00000, 0x00000000ecaccd80, 0x00000000ecb00000| 80%| S|CS|TAMS 0x00000000eca00000, 0x00000000eca00000| Complete 
| 203|0x00000000ecb00000, 0x00000000ecc00000, 0x00000000ecc00000|100%| S|CS|TAMS 0x00000000ecb00000, 0x00000000ecb00000| Complete 
| 204|0x00000000ecc00000, 0x00000000ecd00000, 0x00000000ecd00000|100%| S|CS|TAMS 0x00000000ecc00000, 0x00000000ecc00000| Complete 
| 205|0x00000000ecd00000, 0x00000000ecd00000, 0x00000000ece00000|  0%| F|  |TAMS 0x00000000ecd00000, 0x00000000ecd00000| Untracked 
| 206|0x00000000ece00000, 0x00000000ece00000, 0x00000000ecf00000|  0%| F|  |TAMS 0x00000000ece00000, 0x00000000ece00000| Untracked 
| 207|0x00000000ecf00000, 0x00000000ecf00000, 0x00000000ed000000|  0%| F|  |TAMS 0x00000000ecf00000, 0x00000000ecf00000| Untracked 
| 208|0x00000000ed000000, 0x00000000ed000000, 0x00000000ed100000|  0%| F|  |TAMS 0x00000000ed000000, 0x00000000ed000000| Untracked 
| 209|0x00000000ed100000, 0x00000000ed100000, 0x00000000ed200000|  0%| F|  |TAMS 0x00000000ed100000, 0x00000000ed100000| Untracked 
| 210|0x00000000ed200000, 0x00000000ed200000, 0x00000000ed300000|  0%| F|  |TAMS 0x00000000ed200000, 0x00000000ed200000| Untracked 
| 211|0x00000000ed300000, 0x00000000ed300000, 0x00000000ed400000|  0%| F|  |TAMS 0x00000000ed300000, 0x00000000ed300000| Untracked 
| 212|0x00000000ed400000, 0x00000000ed400000, 0x00000000ed500000|  0%| F|  |TAMS 0x00000000ed400000, 0x00000000ed400000| Untracked 
| 213|0x00000000ed500000, 0x00000000ed500000, 0x00000000ed600000|  0%| F|  |TAMS 0x00000000ed500000, 0x00000000ed500000| Untracked 
| 214|0x00000000ed600000, 0x00000000ed600000, 0x00000000ed700000|  0%| F|  |TAMS 0x00000000ed600000, 0x00000000ed600000| Untracked 
| 215|0x00000000ed700000, 0x00000000ed700000, 0x00000000ed800000|  0%| F|  |TAMS 0x00000000ed700000, 0x00000000ed700000| Untracked 
| 216|0x00000000ed800000, 0x00000000ed800000, 0x00000000ed900000|  0%| F|  |TAMS 0x00000000ed800000, 0x00000000ed800000| Untracked 
| 217|0x00000000ed900000, 0x00000000ed900000, 0x00000000eda00000|  0%| F|  |TAMS 0x00000000ed900000, 0x00000000ed900000| Untracked 
| 218|0x00000000eda00000, 0x00000000eda00000, 0x00000000edb00000|  0%| F|  |TAMS 0x00000000eda00000, 0x00000000eda00000| Untracked 
| 219|0x00000000edb00000, 0x00000000edb00000, 0x00000000edc00000|  0%| F|  |TAMS 0x00000000edb00000, 0x00000000edb00000| Untracked 
| 220|0x00000000edc00000, 0x00000000edc00000, 0x00000000edd00000|  0%| F|  |TAMS 0x00000000edc00000, 0x00000000edc00000| Untracked 
| 221|0x00000000edd00000, 0x00000000edd00000, 0x00000000ede00000|  0%| F|  |TAMS 0x00000000edd00000, 0x00000000edd00000| Untracked 
| 222|0x00000000ede00000, 0x00000000ede00000, 0x00000000edf00000|  0%| F|  |TAMS 0x00000000ede00000, 0x00000000ede00000| Untracked 
| 223|0x00000000edf00000, 0x00000000edf00000, 0x00000000ee000000|  0%| F|  |TAMS 0x00000000edf00000, 0x00000000edf00000| Untracked 
| 224|0x00000000ee000000, 0x00000000ee080800, 0x00000000ee100000| 50%| E|  |TAMS 0x00000000ee000000, 0x00000000ee000000| Complete 
| 225|0x00000000ee100000, 0x00000000ee200000, 0x00000000ee200000|100%| E|CS|TAMS 0x00000000ee100000, 0x00000000ee100000| Complete 
| 226|0x00000000ee200000, 0x00000000ee300000, 0x00000000ee300000|100%| E|CS|TAMS 0x00000000ee200000, 0x00000000ee200000| Complete 
| 227|0x00000000ee300000, 0x00000000ee400000, 0x00000000ee400000|100%| E|CS|TAMS 0x00000000ee300000, 0x00000000ee300000| Complete 
| 228|0x00000000ee400000, 0x00000000ee500000, 0x00000000ee500000|100%| E|CS|TAMS 0x00000000ee400000, 0x00000000ee400000| Complete 
| 229|0x00000000ee500000, 0x00000000ee600000, 0x00000000ee600000|100%| E|CS|TAMS 0x00000000ee500000, 0x00000000ee500000| Complete 
| 230|0x00000000ee600000, 0x00000000ee700000, 0x00000000ee700000|100%| E|CS|TAMS 0x00000000ee600000, 0x00000000ee600000| Complete 
| 231|0x00000000ee700000, 0x00000000ee800000, 0x00000000ee800000|100%| E|CS|TAMS 0x00000000ee700000, 0x00000000ee700000| Complete 
| 232|0x00000000ee800000, 0x00000000ee900000, 0x00000000ee900000|100%| E|CS|TAMS 0x00000000ee800000, 0x00000000ee800000| Complete 
| 233|0x00000000ee900000, 0x00000000eea00000, 0x00000000eea00000|100%| E|CS|TAMS 0x00000000ee900000, 0x00000000ee900000| Complete 
| 234|0x00000000eea00000, 0x00000000eeb00000, 0x00000000eeb00000|100%| E|CS|TAMS 0x00000000eea00000, 0x00000000eea00000| Complete 
| 235|0x00000000eeb00000, 0x00000000eec00000, 0x00000000eec00000|100%| E|CS|TAMS 0x00000000eeb00000, 0x00000000eeb00000| Complete 
| 236|0x00000000eec00000, 0x00000000eed00000, 0x00000000eed00000|100%| E|CS|TAMS 0x00000000eec00000, 0x00000000eec00000| Complete 
| 237|0x00000000eed00000, 0x00000000eee00000, 0x00000000eee00000|100%| E|CS|TAMS 0x00000000eed00000, 0x00000000eed00000| Complete 
| 238|0x00000000eee00000, 0x00000000eef00000, 0x00000000eef00000|100%| E|CS|TAMS 0x00000000eee00000, 0x00000000eee00000| Complete 
| 239|0x00000000eef00000, 0x00000000ef000000, 0x00000000ef000000|100%| E|CS|TAMS 0x00000000eef00000, 0x00000000eef00000| Complete 
| 240|0x00000000ef000000, 0x00000000ef100000, 0x00000000ef100000|100%| E|CS|TAMS 0x00000000ef000000, 0x00000000ef000000| Complete 
| 241|0x00000000ef100000, 0x00000000ef200000, 0x00000000ef200000|100%| E|CS|TAMS 0x00000000ef100000, 0x00000000ef100000| Complete 
| 242|0x00000000ef200000, 0x00000000ef300000, 0x00000000ef300000|100%| E|CS|TAMS 0x00000000ef200000, 0x00000000ef200000| Complete 
| 243|0x00000000ef300000, 0x00000000ef400000, 0x00000000ef400000|100%| E|CS|TAMS 0x00000000ef300000, 0x00000000ef300000| Complete 
| 244|0x00000000ef400000, 0x00000000ef500000, 0x00000000ef500000|100%| E|CS|TAMS 0x00000000ef400000, 0x00000000ef400000| Complete 
| 245|0x00000000ef500000, 0x00000000ef600000, 0x00000000ef600000|100%| E|CS|TAMS 0x00000000ef500000, 0x00000000ef500000| Complete 
| 246|0x00000000ef600000, 0x00000000ef700000, 0x00000000ef700000|100%| E|CS|TAMS 0x00000000ef600000, 0x00000000ef600000| Complete 
| 247|0x00000000ef700000, 0x00000000ef800000, 0x00000000ef800000|100%| E|CS|TAMS 0x00000000ef700000, 0x00000000ef700000| Complete 
| 248|0x00000000ef800000, 0x00000000ef900000, 0x00000000ef900000|100%| E|CS|TAMS 0x00000000ef800000, 0x00000000ef800000| Complete 
| 249|0x00000000ef900000, 0x00000000efa00000, 0x00000000efa00000|100%| E|CS|TAMS 0x00000000ef900000, 0x00000000ef900000| Complete 
| 250|0x00000000efa00000, 0x00000000efb00000, 0x00000000efb00000|100%| E|CS|TAMS 0x00000000efa00000, 0x00000000efa00000| Complete 
| 251|0x00000000efb00000, 0x00000000efc00000, 0x00000000efc00000|100%| E|CS|TAMS 0x00000000efb00000, 0x00000000efb00000| Complete 
| 252|0x00000000efc00000, 0x00000000efd00000, 0x00000000efd00000|100%| E|CS|TAMS 0x00000000efc00000, 0x00000000efc00000| Complete 
| 253|0x00000000efd00000, 0x00000000efe00000, 0x00000000efe00000|100%| E|CS|TAMS 0x00000000efd00000, 0x00000000efd00000| Complete 
| 254|0x00000000efe00000, 0x00000000eff00000, 0x00000000eff00000|100%| E|CS|TAMS 0x00000000efe00000, 0x00000000efe00000| Complete 

Card table byte_map: [0x0000017aed950000,0x0000017aeda50000] _byte_map_base: 0x0000017aed250000

Marking Bits (Prev, Next): (CMBitMap*) 0x0000017ad743dda0, (CMBitMap*) 0x0000017ad743dd68
 Prev Bits: [0x0000017aee350000, 0x0000017aeeb50000)
 Next Bits: [0x0000017aedb50000, 0x0000017aee350000)

Polling page: 0x0000017ad74e0000

Metaspace:

Usage:
  Non-class:     25.32 MB capacity,    25.03 MB ( 99%) used,   234.11 KB ( <1%) free+waste,    64.38 KB ( <1%) overhead. 
      Class:      3.09 MB capacity,     2.86 MB ( 93%) used,   206.98 KB (  7%) free+waste,    27.81 KB ( <1%) overhead. 
       Both:     28.41 MB capacity,    27.89 MB ( 98%) used,   441.09 KB (  2%) free+waste,    92.19 KB ( <1%) overhead. 

Virtual space:
  Non-class space:       26.00 MB reserved,      25.50 MB ( 98%) committed 
      Class space:        1.00 GB reserved,       3.13 MB ( <1%) committed 
             Both:        1.03 GB reserved,      28.63 MB (  3%) committed 

Chunk freelists:
   Non-Class:  1.00 KB
       Class:  3.00 KB
        Both:  4.00 KB

MaxMetaspaceSize: 17179869184.00 GB
CompressedClassSpaceSize: 1.00 GB
Initial GC threshold: 20.80 MB
Current GC threshold: 36.04 MB
CDS: off

CodeHeap 'non-profiled nmethods': size=120000Kb used=4768Kb max_used=4768Kb free=115231Kb
 bounds [0x0000017ae58a0000, 0x0000017ae5d50000, 0x0000017aecdd0000]
CodeHeap 'profiled nmethods': size=120000Kb used=11888Kb max_used=11888Kb free=108111Kb
 bounds [0x0000017ade370000, 0x0000017adef10000, 0x0000017ae58a0000]
CodeHeap 'non-nmethods': size=5760Kb used=1276Kb max_used=1329Kb free=4483Kb
 bounds [0x0000017adddd0000, 0x0000017ade040000, 0x0000017ade370000]
 total_blobs=5647 nmethods=5102 adapters=457
 compilation: enabled
              stopped_count=0, restarted_count=0
 full_count=0

Compilation events (20 events):
Event: 9.751 Thread 0x0000017af4734000 nmethod 5173 0x0000017ae5d33410 code [0x0000017ae5d33600, 0x0000017ae5d34398]
Event: 9.751 Thread 0x0000017af4734000 5138       4       morfologik.speller.Speller::areEqual (204 bytes)
Event: 9.751 Thread 0x0000017af15c5800 5179       2       morfologik.speller.Speller::matchAnyToOne (129 bytes)
Event: 9.752 Thread 0x0000017af15c5800 nmethod 5179 0x0000017adef05c10 code [0x0000017adef05e40, 0x0000017adef063a8]
Event: 9.764 Thread 0x0000017af67a9000 nmethod 5175 0x0000017ae5d34d10 code [0x0000017ae5d34f00, 0x0000017ae5d35b38]
Event: 9.765 Thread 0x0000017af67a9000 5180       4       morfologik.speller.Speller::cuted (94 bytes)
Event: 9.786 Thread 0x0000017af4734000 nmethod 5138 0x0000017ae5d36390 code [0x0000017ae5d36760, 0x0000017ae5d38560]
Event: 9.786 Thread 0x0000017af4734000 5146       4       java.nio.ByteBuffer::clear (7 bytes)
Event: 9.786 Thread 0x0000017af4734000 nmethod 5146 0x0000017ae5d3a010 code [0x0000017ae5d3a1a0, 0x0000017ae5d3a218]
Event: 9.786 Thread 0x0000017af4734000 5148       4       java.nio.ByteBuffer::clear (5 bytes)
Event: 9.789 Thread 0x0000017af4734000 nmethod 5148 0x0000017ae5d3a310 code [0x0000017ae5d3a4a0, 0x0000017ae5d3a538]
Event: 9.789 Thread 0x0000017af4734000 5168       4       morfologik.speller.HMatrix::set (24 bytes)
Event: 9.790 Thread 0x0000017af4734000 nmethod 5168 0x0000017ae5d3a610 code [0x0000017ae5d3a7a0, 0x0000017ae5d3a858]
Event: 9.790 Thread 0x0000017af4734000 5130       4       java.nio.ByteBuffer::position (6 bytes)
Event: 9.790 Thread 0x0000017af4734000 nmethod 5130 0x0000017ae5d3a910 code [0x0000017ae5d3aaa0, 0x0000017ae5d3ab78]
Event: 9.790 Thread 0x0000017af4734000 5152   !   4       java.nio.charset.CharsetDecoder::decode (287 bytes)
Event: 9.793 Thread 0x0000017af4734000 nmethod 5152 0x0000017ae5d3ac90 code [0x0000017ae5d3ae40, 0x0000017ae5d3b0f8]
Event: 9.793 Thread 0x0000017af4734000 5139       4       java.lang.AbstractStringBuilder::setLength (66 bytes)
Event: 9.797 Thread 0x0000017af4734000 nmethod 5139 0x0000017ae5d3b410 code [0x0000017ae5d3b5c0, 0x0000017ae5d3ba28]
Event: 9.797 Thread 0x0000017af4734000 5154       4       sun.nio.cs.UTF_8$Decoder::decodeLoop (28 bytes)

GC Heap History (20 events):
Event: 7.544 GC heap before
{Heap before GC invocations=29 (full 0):
 garbage-first heap   total 190464K, used 135858K [0x00000000e0000000, 0x0000000100000000)
  region size 1024K, 53 young (54272K), 6 survivors (6144K)
 Metaspace       used 26686K, capacity 27186K, committed 27392K, reserved 1073152K
  class space    used 2779K, capacity 3004K, committed 3072K, reserved 1048576K
}
Event: 7.556 GC heap after
{Heap after GC invocations=30 (full 0):
 garbage-first heap   total 190464K, used 97636K [0x00000000e0000000, 0x0000000100000000)
  region size 1024K, 7 young (7168K), 7 survivors (7168K)
 Metaspace       used 26686K, capacity 27186K, committed 27392K, reserved 1073152K
  class space    used 2779K, capacity 3004K, committed 3072K, reserved 1048576K
}
Event: 7.940 GC heap before
{Heap before GC invocations=30 (full 0):
 garbage-first heap   total 190464K, used 164196K [0x00000000e0000000, 0x0000000100000000)
  region size 1024K, 49 young (50176K), 7 survivors (7168K)
 Metaspace       used 26698K, capacity 27186K, committed 27392K, reserved 1073152K
  class space    used 2781K, capacity 3004K, committed 3072K, reserved 1048576K
}
Event: 7.959 GC heap after
{Heap after GC invocations=31 (full 0):
 garbage-first heap   total 194560K, used 123888K [0x00000000e0000000, 0x0000000100000000)
  region size 1024K, 7 young (7168K), 7 survivors (7168K)
 Metaspace       used 26698K, capacity 27186K, committed 27392K, reserved 1073152K
  class space    used 2781K, capacity 3004K, committed 3072K, reserved 1048576K
}
Event: 8.203 GC heap before
{Heap before GC invocations=31 (full 0):
 garbage-first heap   total 194560K, used 159728K [0x00000000e0000000, 0x0000000100000000)
  region size 1024K, 28 young (28672K), 7 survivors (7168K)
 Metaspace       used 27002K, capacity 27458K, committed 27648K, reserved 1073152K
  class space    used 2813K, capacity 3006K, committed 3072K, reserved 1048576K
}
Event: 8.221 GC heap after
{Heap after GC invocations=32 (full 0):
 garbage-first heap   total 261120K, used 142848K [0x00000000e0000000, 0x0000000100000000)
  region size 1024K, 4 young (4096K), 4 survivors (4096K)
 Metaspace       used 27002K, capacity 27458K, committed 27648K, reserved 1073152K
  class space    used 2813K, capacity 3006K, committed 3072K, reserved 1048576K
}
Event: 8.488 GC heap before
{Heap before GC invocations=32 (full 0):
 garbage-first heap   total 261120K, used 179712K [0x00000000e0000000, 0x0000000100000000)
  region size 1024K, 40 young (40960K), 4 survivors (4096K)
 Metaspace       used 27336K, capacity 27865K, committed 28032K, reserved 1075200K
  class space    used 2838K, capacity 3076K, committed 3200K, reserved 1048576K
}
Event: 8.496 GC heap after
{Heap after GC invocations=33 (full 0):
 garbage-first heap   total 261120K, used 149079K [0x00000000e0000000, 0x0000000100000000)
  region size 1024K, 5 young (5120K), 5 survivors (5120K)
 Metaspace       used 27336K, capacity 27865K, committed 28032K, reserved 1075200K
  class space    used 2838K, capacity 3076K, committed 3200K, reserved 1048576K
}
Event: 8.644 GC heap before
{Heap before GC invocations=33 (full 0):
 garbage-first heap   total 261120K, used 186967K [0x00000000e0000000, 0x0000000100000000)
  region size 1024K, 42 young (43008K), 5 survivors (5120K)
 Metaspace       used 27454K, capacity 27993K, committed 28288K, reserved 1075200K
  class space    used 2838K, capacity 3076K, committed 3200K, reserved 1048576K
}
Event: 8.647 GC heap after
{Heap after GC invocations=34 (full 0):
 garbage-first heap   total 261120K, used 150060K [0x00000000e0000000, 0x0000000100000000)
  region size 1024K, 1 young (1024K), 1 survivors (1024K)
 Metaspace       used 27454K, capacity 27993K, committed 28288K, reserved 1075200K
  class space    used 2838K, capacity 3076K, committed 3200K, reserved 1048576K
}
Event: 8.744 GC heap before
{Heap before GC invocations=34 (full 0):
 garbage-first heap   total 261120K, used 191020K [0x00000000e0000000, 0x0000000100000000)
  region size 1024K, 41 young (41984K), 1 survivors (1024K)
 Metaspace       used 27720K, capacity 28200K, committed 28544K, reserved 1075200K
  class space    used 2854K, capacity 3081K, committed 3200K, reserved 1048576K
}
Event: 8.747 GC heap after
{Heap after GC invocations=35 (full 0):
 garbage-first heap   total 261120K, used 151974K [0x00000000e0000000, 0x0000000100000000)
  region size 1024K, 3 young (3072K), 3 survivors (3072K)
 Metaspace       used 27720K, capacity 28200K, committed 28544K, reserved 1075200K
  class space    used 2854K, capacity 3081K, committed 3200K, reserved 1048576K
}
Event: 9.335 GC heap before
{Heap before GC invocations=35 (full 0):
 garbage-first heap   total 261120K, used 207270K [0x00000000e0000000, 0x0000000100000000)
  region size 1024K, 46 young (47104K), 3 survivors (3072K)
 Metaspace       used 28348K, capacity 28848K, committed 29056K, reserved 1075200K
  class space    used 2912K, capacity 3127K, committed 3200K, reserved 1048576K
}
Event: 9.338 GC heap after
{Heap after GC invocations=36 (full 0):
 garbage-first heap   total 261120K, used 156202K [0x00000000e0000000, 0x0000000100000000)
  region size 1024K, 6 young (6144K), 6 survivors (6144K)
 Metaspace       used 28348K, capacity 28848K, committed 29056K, reserved 1075200K
  class space    used 2912K, capacity 3127K, committed 3200K, reserved 1048576K
}
Event: 9.422 GC heap before
{Heap before GC invocations=36 (full 0):
 garbage-first heap   total 261120K, used 201258K [0x00000000e0000000, 0x0000000100000000)
  region size 1024K, 50 young (51200K), 6 survivors (6144K)
 Metaspace       used 28354K, capacity 28848K, committed 29056K, reserved 1075200K
  class space    used 2912K, capacity 3127K, committed 3200K, reserved 1048576K
}
Event: 9.427 GC heap after
{Heap after GC invocations=37 (full 0):
 garbage-first heap   total 261120K, used 159885K [0x00000000e0000000, 0x0000000100000000)
  region size 1024K, 7 young (7168K), 7 survivors (7168K)
 Metaspace       used 28354K, capacity 28848K, committed 29056K, reserved 1075200K
  class space    used 2912K, capacity 3127K, committed 3200K, reserved 1048576K
}
Event: 9.597 GC heap before
{Heap before GC invocations=37 (full 0):
 garbage-first heap   total 261120K, used 204941K [0x00000000e0000000, 0x0000000100000000)
  region size 1024K, 51 young (52224K), 7 survivors (7168K)
 Metaspace       used 28455K, capacity 28979K, committed 29056K, reserved 1075200K
  class space    used 2919K, capacity 3128K, committed 3200K, reserved 1048576K
}
Event: 9.601 GC heap after
{Heap after GC invocations=38 (full 0):
 garbage-first heap   total 261120K, used 158951K [0x00000000e0000000, 0x0000000100000000)
  region size 1024K, 3 young (3072K), 3 survivors (3072K)
 Metaspace       used 28455K, capacity 28979K, committed 29056K, reserved 1075200K
  class space    used 2919K, capacity 3128K, committed 3200K, reserved 1048576K
}
Event: 9.787 GC heap before
{Heap before GC invocations=38 (full 0):
 garbage-first heap   total 261120K, used 207079K [0x00000000e0000000, 0x0000000100000000)
  region size 1024K, 50 young (51200K), 3 survivors (3072K)
 Metaspace       used 28487K, capacity 28982K, committed 29056K, reserved 1075200K
  class space    used 2920K, capacity 3129K, committed 3200K, reserved 1048576K
}
Event: 9.789 GC heap after
{Heap after GC invocations=39 (full 0):
 garbage-first heap   total 261120K, used 158765K [0x00000000e0000000, 0x0000000100000000)
  region size 1024K, 3 young (3072K), 3 survivors (3072K)
 Metaspace       used 28487K, capacity 28982K, committed 29056K, reserved 1075200K
  class space    used 2920K, capacity 3129K, committed 3200K, reserved 1048576K
}

Deoptimization events (20 events):
Event: 9.573 Thread 0x0000017af4c22000 Uncommon trap: trap_request=0xffffff4d fr.pc=0x0000017ae5cfc444 relative=0x0000000000001d84
Event: 9.573 Thread 0x0000017af4c22000 Uncommon trap: reason=unstable_if action=reinterpret pc=0x0000017ae5cfc444 method=java.util.regex.Pattern.closure(Ljava/util/regex/Pattern$Node;)Ljava/util/regex/Pattern$Node; @ 198 c2
Event: 9.573 Thread 0x0000017af4c22000 DEOPT PACKING pc=0x0000017ae5cfc444 sp=0x0000005c891fdf40
Event: 9.573 Thread 0x0000017af4c22000 DEOPT UNPACKING pc=0x0000017adddd85af sp=0x0000005c891fdee0 mode 2
Event: 9.574 Thread 0x0000017af4c22000 Uncommon trap: trap_request=0xffffffde fr.pc=0x0000017ae5bdf718 relative=0x00000000000014d8
Event: 9.574 Thread 0x0000017af4c22000 Uncommon trap: reason=class_check action=maybe_recompile pc=0x0000017ae5bdf718 method=java.io.BufferedInputStream.read1([BII)I @ 39 c2
Event: 9.574 Thread 0x0000017af4c22000 DEOPT PACKING pc=0x0000017ae5bdf718 sp=0x0000005c891fc510
Event: 9.574 Thread 0x0000017af4c22000 DEOPT UNPACKING pc=0x0000017adddd85af sp=0x0000005c891fc458 mode 2
Event: 9.663 Thread 0x0000017af4c22000 Uncommon trap: trap_request=0xffffff4d fr.pc=0x0000017ae5d1e094 relative=0x0000000000001f94
Event: 9.663 Thread 0x0000017af4c22000 Uncommon trap: reason=unstable_if action=reinterpret pc=0x0000017ae5d1e094 method=morfologik.speller.Speller.areEqual(CC)Z @ 98 c2
Event: 9.663 Thread 0x0000017af4c22000 DEOPT PACKING pc=0x0000017ae5d1e094 sp=0x0000005c891fddd0
Event: 9.663 Thread 0x0000017af4c22000 DEOPT UNPACKING pc=0x0000017adddd85af sp=0x0000005c891fdcf8 mode 2
Event: 9.729 Thread 0x0000017af4c22000 Uncommon trap: trap_request=0xffffff4d fr.pc=0x0000017ae5d2d4e8 relative=0x00000000000020e8
Event: 9.729 Thread 0x0000017af4c22000 Uncommon trap: reason=unstable_if action=reinterpret pc=0x0000017ae5d2d4e8 method=morfologik.speller.Speller.areEqual(CC)Z @ 98 c2
Event: 9.729 Thread 0x0000017af4c22000 DEOPT PACKING pc=0x0000017ae5d2d4e8 sp=0x0000005c891fd730
Event: 9.729 Thread 0x0000017af4c22000 DEOPT UNPACKING pc=0x0000017adddd85af sp=0x0000005c891fd5d0 mode 2
Event: 9.750 Thread 0x0000017af4c22000 Uncommon trap: trap_request=0xffffff4d fr.pc=0x0000017ae5d27e54 relative=0x0000000000000694
Event: 9.750 Thread 0x0000017af4c22000 Uncommon trap: reason=unstable_if action=reinterpret pc=0x0000017ae5d27e54 method=morfologik.speller.Speller.matchAnyToOne(II)I @ 104 c2
Event: 9.750 Thread 0x0000017af4c22000 DEOPT PACKING pc=0x0000017ae5d27e54 sp=0x0000005c891fd5d0
Event: 9.750 Thread 0x0000017af4c22000 DEOPT UNPACKING pc=0x0000017adddd85af sp=0x0000005c891fd558 mode 2

Classes redefined (0 events):
No events

Internal exceptions (20 events):
Event: 1.827 Thread 0x0000017ad7418800 Exception <a 'java/lang/ClassNotFoundException'{0x00000000e39b2f78}: com/sun/org/apache/xerces/internal/impl/xpath/regex/spi/messageProvider> (0x00000000e39b2f78) thrown at [./src/hotspot/share/classfile/systemDictionary.cpp, line 231]
Event: 2.534 Thread 0x0000017ad7418800 Exception <a 'java/lang/NoSuchMethodError'{0x00000000e2a353e8}: 'java.lang.Object java.lang.invoke.DirectMethodHandle$Holder.invokeVirtual(java.lang.Object, java.lang.Object, java.lang.Object, java.lang.Object)'> (0x00000000e2a353e8) thrown at [./src/hotspot/share/interpreter/linkResolver.cpp, line 773]
Event: 2.883 Thread 0x0000017ad7418800 Exception <a 'java/lang/NoSuchMethodError'{0x00000000e36ab0e8}: 'int java.lang.invoke.DirectMethodHandle$Holder.invokeVirtual(java.lang.Object, java.lang.Object, java.lang.Object)'> (0x00000000e36ab0e8) thrown at [./src/hotspot/share/interpreter/linkResolver.cpp, line 773]
Event: 2.883 Thread 0x0000017ad7418800 Exception <a 'java/lang/NoSuchMethodError'{0x00000000e36b1050}: 'java.lang.Object java.lang.invoke.DirectMethodHandle$Holder.invokeVirtual(java.lang.Object, java.lang.Object, java.lang.Object)'> (0x00000000e36b1050) thrown at [./src/hotspot/share/interpreter/linkResolver.cpp, line 773]
Event: 6.295 Thread 0x0000017ad7418800 Exception <a 'java/lang/NoSuchMethodError'{0x00000000eb843d28}: 'void java.lang.invoke.DirectMethodHandle$Holder.invokeSpecial(java.lang.Object, java.lang.Object, java.lang.Object, java.lang.Object)'> (0x00000000eb843d28) thrown at [./src/hotspot/share/interpreter/linkResolver.cpp, line 773]
Event: 6.496 Thread 0x0000017af509e800 Exception <a 'java/lang/ClassNotFoundException'{0x00000000eb1df4f8}: sun/util/logging/resources/spi/loggingProvider> (0x00000000eb1df4f8) thrown at [./src/hotspot/share/classfile/systemDictionary.cpp, line 231]
Event: 6.623 Thread 0x0000017af4c22000 Exception <a 'java/lang/NoSuchMethodError'{0x00000000eadedff0}: 'int java.lang.invoke.DirectMethodHandle$Holder.invokeSpecialIFC(java.lang.Object, java.lang.Object, java.lang.Object, java.lang.Object)'> (0x00000000eadedff0) thrown at [./src/hotspot/share/interpreter/linkResolver.cpp, line 773]
Event: 6.876 Thread 0x0000017af4c22000 Exception <a 'java/lang/NoSuchMethodError'{0x00000000ea593800}: 'java.lang.Object java.lang.invoke.DirectMethodHandle$Holder.invokeStatic(java.lang.Object, java.lang.Object, java.lang.Object, java.lang.Object, java.lang.Object, java.lang.Object, java.lang.Object, java.lang.Object, java.lang.Object, java.lang.Object, java.lang.Object, int)'> (0x00000000ea593800) thrown at [./src/hotspot/share/interpreter/linkResolver.cpp, line 773]
Event: 6.878 Thread 0x0000017af4c22000 Exception <a 'java/lang/NoSuchMethodError'{0x00000000ea5b14e0}: 'java.lang.Object java.lang.invoke.DirectMethodHandle$Holder.invokeStatic(java.lang.Object, java.lang.Object, java.lang.Object, java.lang.Object, java.lang.Object, java.lang.Object, java.lang.Object, java.lang.Object, java.lang.Object, java.lang.Object, java.lang.Object, int, int)'> (0x00000000ea5b14e0) thrown at [./src/hotspot/share/interpreter/linkResolver.cpp, line 773]
Event: 6.879 Thread 0x0000017af4c22000 Exception <a 'java/lang/NoSuchMethodError'{0x00000000ea5d0270}: 'java.lang.Object java.lang.invoke.DirectMethodHandle$Holder.invokeStatic(java.lang.Object, java.lang.Object, java.lang.Object, java.lang.Object, java.lang.Object, java.lang.Object, java.lang.Object, java.lang.Object, java.lang.Object, java.lang.Object, java.lang.Object, int, int, java.lang.Object)'> (0x00000000ea5d0270) thrown at [./src/hotspot/share/interpreter/linkResolver.cpp, line 773]
Event: 6.883 Thread 0x0000017af4c22000 Exception <a 'java/lang/NoSuchMethodError'{0x00000000ea5f0688}: 'java.lang.Object java.lang.invoke.DirectMethodHandle$Holder.invokeStatic(java.lang.Object, java.lang.Object, java.lang.Object, java.lang.Object, java.lang.Object, java.lang.Object, java.lang.Object, java.lang.Object, java.lang.Object, java.lang.Object, java.lang.Object, int, int, java.lang.Object, java.lang.Object)'> (0x00000000ea5f0688) thrown at [./src/hotspot/share/interpreter/linkResolver.cpp, line 773]
Event: 6.904 Thread 0x0000017af4c22000 Exception <a 'java/lang/NoSuchMethodError'{0x00000000e9d7a3d8}: 'java.lang.Object java.lang.invoke.DirectMethodHandle$Holder.invokeSpecial(java.lang.Object, java.lang.Object, int, int, int, java.lang.Object, java.lang.Object, java.lang.Object, java.lang.Object)'> (0x00000000e9d7a3d8) thrown at [./src/hotspot/share/interpreter/linkResolver.cpp, line 773]
Event: 6.904 Thread 0x0000017af4c22000 Exception <a 'java/lang/NoSuchMethodError'{0x00000000e9d7db90}: 'java.lang.Object java.lang.invoke.DelegatingMethodHandle$Holder.reinvoke_L(java.lang.Object, int, int, int, java.lang.Object, java.lang.Object, java.lang.Object, java.lang.Object)'> (0x00000000e9d7db90) thrown at [./src/hotspot/share/interpreter/linkResolver.cpp, line 773]
Event: 6.905 Thread 0x0000017af4c22000 Exception <a 'java/lang/NoSuchMethodError'{0x00000000e9d88a20}: 'java.lang.Object java.lang.invoke.DirectMethodHandle$Holder.invokeStatic(java.lang.Object, java.lang.Object, java.lang.Object, java.lang.Object, java.lang.Object, int)'> (0x00000000e9d88a20) thrown at [./src/hotspot/share/interpreter/linkResolver.cpp, line 773]
Event: 8.147 Thread 0x0000017af4c22000 Implicit null exception at 0x0000017ae5943414 to 0x0000017ae5943a74
Event: 8.147 Thread 0x0000017af4c22000 Implicit null exception at 0x0000017ae5914d94 to 0x0000017ae59153c4
Event: 8.365 Thread 0x0000017af4c22000 Exception <a 'java/lang/NoSuchMethodError'{0x00000000eea1cee8}: 'java.lang.Object java.lang.invoke.Invokers$Holder.linkToTargetMethod(java.lang.Object, java.lang.Object, java.lang.Object, java.lang.Object, java.lang.Object, java.lang.Object)'> (0x00000000eea1cee8) thrown at [./src/hotspot/share/interpreter/linkResolver.cpp, line 773]
Event: 8.690 Thread 0x0000017af4c22000 Implicit null exception at 0x0000017ae59cb86f to 0x0000017ae59cb918
Event: 9.286 Thread 0x0000017af4c22000 Exception <a 'java/lang/NoSuchMethodError'{0x00000000ee4bd588}: 'java.lang.Object java.lang.invoke.DirectMethodHandle$Holder.invokeStatic(java.lang.Object, java.lang.Object, java.lang.Object, int, java.lang.Object, java.lang.Object, java.lang.Object)'> (0x00000000ee4bd588) thrown at [./src/hotspot/share/interpreter/linkResolver.cpp, line 773]
Event: 9.557 Thread 0x0000017af4c22000 Implicit null exception at 0x0000017ae59379ac to 0x0000017ae5937a04

Events (20 events):
Event: 9.574 loading class sun/text/normalizer/Norm2AllModes$NFCSingleton
Event: 9.574 loading class sun/text/normalizer/Norm2AllModes$NFCSingleton done
Event: 9.574 Executing VM operation: RevokeBias
Event: 9.574 Executing VM operation: RevokeBias done
Event: 9.574 Executing VM operation: RevokeBias
Event: 9.574 Executing VM operation: RevokeBias done
Event: 9.580 loading class sun/text/normalizer/UTF16
Event: 9.580 loading class sun/text/normalizer/UTF16 done
Event: 9.580 loading class sun/text/normalizer/NormalizerImpl$ReorderingBuffer
Event: 9.580 loading class sun/text/normalizer/NormalizerImpl$ReorderingBuffer done
Event: 9.597 Executing VM operation: G1CollectForAllocation
Event: 9.601 Executing VM operation: G1CollectForAllocation done
Event: 9.603 loading class org/languagetool/rules/SuggestedReplacement
Event: 9.603 loading class org/languagetool/rules/SuggestedReplacement done
Event: 9.604 Executing VM operation: RevokeBias
Event: 9.604 Executing VM operation: RevokeBias done
Event: 9.604 loading class org/languagetool/rules/SuggestedReplacement
Event: 9.604 loading class org/languagetool/rules/SuggestedReplacement done
Event: 9.787 Executing VM operation: G1CollectForAllocation
Event: 9.789 Executing VM operation: G1CollectForAllocation done


Dynamic libraries:
0x00007ff668630000 - 0x00007ff66863d000 	c:\Users\Rothschild\.vscode\extensions\valentjn.vscode-ltex-13.1.0\lib\ltex-ls-15.2.0\jdk-11.0.12+7\bin\java.exe
0x00007ff98b0b0000 - 0x00007ff98b2c4000 	C:\WINDOWS\SYSTEM32\ntdll.dll
0x00007ff98a5a0000 - 0x00007ff98a662000 	C:\WINDOWS\System32\KERNEL32.DLL
0x00007ff9886c0000 - 0x00007ff988a63000 	C:\WINDOWS\System32\KERNELBASE.dll
0x00007ff9884e0000 - 0x00007ff9885f1000 	C:\WINDOWS\System32\ucrtbase.dll
0x00007ff978db0000 - 0x00007ff978dc7000 	c:\Users\Rothschild\.vscode\extensions\valentjn.vscode-ltex-13.1.0\lib\ltex-ls-15.2.0\jdk-11.0.12+7\bin\jli.dll
0x00007ff97f2e0000 - 0x00007ff97f2f5000 	c:\Users\Rothschild\.vscode\extensions\valentjn.vscode-ltex-13.1.0\lib\ltex-ls-15.2.0\jdk-11.0.12+7\bin\VCRUNTIME140.dll
0x00007ff989ee0000 - 0x00007ff98a08b000 	C:\WINDOWS\System32\USER32.dll
0x00007ff9884b0000 - 0x00007ff9884d6000 	C:\WINDOWS\System32\win32u.dll
0x00007ff98aef0000 - 0x00007ff98af19000 	C:\WINDOWS\System32\GDI32.dll
0x00007ff96a6d0000 - 0x00007ff96a95e000 	C:\WINDOWS\WinSxS\amd64_microsoft.windows.common-controls_6595b64144ccf1df_6.0.22621.1465_none_271271ab738361f1\COMCTL32.dll
0x00007ff988c60000 - 0x00007ff988d79000 	C:\WINDOWS\System32\gdi32full.dll
0x00007ff988df0000 - 0x00007ff988e8a000 	C:\WINDOWS\System32\msvcp_win.dll
0x00007ff98ac60000 - 0x00007ff98ad07000 	C:\WINDOWS\System32\msvcrt.dll
0x00007ff98b030000 - 0x00007ff98b061000 	C:\WINDOWS\System32\IMM32.DLL
0x00007ff943960000 - 0x00007ff9439fb000 	c:\Users\Rothschild\.vscode\extensions\valentjn.vscode-ltex-13.1.0\lib\ltex-ls-15.2.0\jdk-11.0.12+7\bin\msvcp140.dll
0x00007ff91c830000 - 0x00007ff91d389000 	c:\Users\Rothschild\.vscode\extensions\valentjn.vscode-ltex-13.1.0\lib\ltex-ls-15.2.0\jdk-11.0.12+7\bin\server\jvm.dll
0x00007ff98a250000 - 0x00007ff98a2fe000 	C:\WINDOWS\System32\ADVAPI32.dll
0x00007ff988fe0000 - 0x00007ff989084000 	C:\WINDOWS\System32\sechost.dll
0x00007ff988ec0000 - 0x00007ff988fd7000 	C:\WINDOWS\System32\RPCRT4.dll
0x00007ff988eb0000 - 0x00007ff988eb8000 	C:\WINDOWS\System32\PSAPI.DLL
0x00007ff966970000 - 0x00007ff966979000 	C:\WINDOWS\SYSTEM32\WSOCK32.dll
0x00007ff97f4c0000 - 0x00007ff97f4f4000 	C:\WINDOWS\SYSTEM32\WINMM.dll
0x00007ff976a40000 - 0x00007ff976a4a000 	C:\WINDOWS\SYSTEM32\VERSION.dll
0x00007ff98a490000 - 0x00007ff98a501000 	C:\WINDOWS\System32\WS2_32.dll
0x00007ff9874c0000 - 0x00007ff9874d8000 	C:\WINDOWS\SYSTEM32\kernel.appcore.dll
0x00007ff983e60000 - 0x00007ff983e70000 	c:\Users\Rothschild\.vscode\extensions\valentjn.vscode-ltex-13.1.0\lib\ltex-ls-15.2.0\jdk-11.0.12+7\bin\verify.dll
0x00007ff985f30000 - 0x00007ff98615e000 	C:\WINDOWS\SYSTEM32\DBGHELP.DLL
0x00007ff98a8d0000 - 0x00007ff98ac59000 	C:\WINDOWS\System32\combase.dll
0x00007ff98ae10000 - 0x00007ff98aee7000 	C:\WINDOWS\System32\OLEAUT32.dll
0x00007ff97f500000 - 0x00007ff97f532000 	C:\WINDOWS\SYSTEM32\dbgcore.DLL
0x00007ff988be0000 - 0x00007ff988c5b000 	C:\WINDOWS\System32\bcryptPrimitives.dll
0x00007ff969d70000 - 0x00007ff969d98000 	c:\Users\Rothschild\.vscode\extensions\valentjn.vscode-ltex-13.1.0\lib\ltex-ls-15.2.0\jdk-11.0.12+7\bin\java.dll
0x00007ff97f470000 - 0x00007ff97f47a000 	c:\Users\Rothschild\.vscode\extensions\valentjn.vscode-ltex-13.1.0\lib\ltex-ls-15.2.0\jdk-11.0.12+7\bin\jimage.dll
0x00007ff969d50000 - 0x00007ff969d67000 	c:\Users\Rothschild\.vscode\extensions\valentjn.vscode-ltex-13.1.0\lib\ltex-ls-15.2.0\jdk-11.0.12+7\bin\zip.dll
0x00007ff9891b0000 - 0x00007ff9899aa000 	C:\WINDOWS\System32\SHELL32.dll
0x00007ff986460000 - 0x00007ff986d2e000 	C:\WINDOWS\SYSTEM32\windows.storage.dll
0x00007ff986320000 - 0x00007ff98645e000 	C:\WINDOWS\SYSTEM32\wintypes.dll
0x00007ff98ad10000 - 0x00007ff98ae01000 	C:\WINDOWS\System32\SHCORE.dll
0x00007ff98a810000 - 0x00007ff98a86e000 	C:\WINDOWS\System32\shlwapi.dll
0x00007ff9883e0000 - 0x00007ff988401000 	C:\WINDOWS\SYSTEM32\profapi.dll
0x00007ff959cc0000 - 0x00007ff959cd9000 	C:\Users\Rothschild\.vscode\extensions\valentjn.vscode-ltex-13.1.0\lib\ltex-ls-15.2.0\jdk-11.0.12+7\bin\net.dll
0x00007ff97d530000 - 0x00007ff97d667000 	C:\WINDOWS\SYSTEM32\WINHTTP.dll
0x00007ff987930000 - 0x00007ff987999000 	C:\WINDOWS\system32\mswsock.dll
0x00007ff953610000 - 0x00007ff953622000 	C:\Users\Rothschild\.vscode\extensions\valentjn.vscode-ltex-13.1.0\lib\ltex-ls-15.2.0\jdk-11.0.12+7\bin\nio.dll
0x0000000069ac0000 - 0x0000000069ae4000 	C:\Windows\Temp\jansi-2.4.0-2900fdeb431ad01a-jansi.dll

dbghelp: loaded successfully - version: 4.0.5 - missing functions: none
symbol engine: initialized successfully - sym options: 0x614 - pdb path: .;c:\Users\Rothschild\.vscode\extensions\valentjn.vscode-ltex-13.1.0\lib\ltex-ls-15.2.0\jdk-11.0.12+7\bin;C:\WINDOWS\SYSTEM32;C:\WINDOWS\WinSxS\amd64_microsoft.windows.common-controls_6595b64144ccf1df_6.0.22621.1465_none_271271ab738361f1;c:\Users\Rothschild\.vscode\extensions\valentjn.vscode-ltex-13.1.0\lib\ltex-ls-15.2.0\jdk-11.0.12+7\bin\server;C:\Windows\Temp

VM Arguments:
jvm_args: -Xms64m -Xmx512m -Dapp.name=ltex-ls -Dapp.repo=c:\Users\Rothschild\.vscode\extensions\valentjn.vscode-ltex-13.1.0\lib\ltex-ls-15.2.0\lib -Dapp.home=c:\Users\Rothschild\.vscode\extensions\valentjn.vscode-ltex-13.1.0\lib\ltex-ls-15.2.0 -Dbasedir=c:\Users\Rothschild\.vscode\extensions\valentjn.vscode-ltex-13.1.0\lib\ltex-ls-15.2.0 
java_command: org.bsplines.ltexls.LtexLanguageServerLauncher
java_class_path (initial): c:\Users\Rothschild\.vscode\extensions\valentjn.vscode-ltex-13.1.0\lib\ltex-ls-15.2.0\etc;c:\Users\Rothschild\.vscode\extensions\valentjn.vscode-ltex-13.1.0\lib\ltex-ls-15.2.0\lib\aho-corasick-double-array-trie-1.2.2.jar;c:\Users\Rothschild\.vscode\extensions\valentjn.vscode-ltex-13.1.0\lib\ltex-ls-15.2.0\lib\animal-sniffer-annotations-1.17.jar;c:\Users\Rothschild\.vscode\extensions\valentjn.vscode-ltex-13.1.0\lib\ltex-ls-15.2.0\lib\annotations-12.0.jar;c:\Users\Rothschild\.vscode\extensions\valentjn.vscode-ltex-13.1.0\lib\ltex-ls-15.2.0\lib\annotations-13.0.jar;c:\Users\Rothschild\.vscode\extensions\valentjn.vscode-ltex-13.1.0\lib\ltex-ls-15.2.0\lib\annotations-20.1.0.jar;c:\Users\Rothschild\.vscode\extensions\valentjn.vscode-ltex-13.1.0\lib\ltex-ls-15.2.0\lib\annotations-4.1.1.4.jar;c:\Users\Rothschild\.vscode\extensions\valentjn.vscode-ltex-13.1.0\lib\ltex-ls-15.2.0\lib\bridj-0.7.0.jar;c:\Users\Rothschild\.vscode\extensions\valentjn.vscode-ltex-13.1.0\lib\ltex-ls-15.2.0\lib\catalan-pos-dict-2.16.jar;c:\Users\Rothschild\.vscode\extensions\valentjn.vscode-ltex-13.1.0\lib\ltex-ls-15.2.0\lib\checker-qual-2.5.2.jar;c:\Users\Rothschild\.vscode\extensions\valentjn.vscode-ltex-13.1.0\lib\ltex-ls-15.2.0\lib\checker-qual-3.5.0.jar;c:\Users\Rothschild\.vscode\extensions\valentjn.vscode-ltex-13.1.0\lib\ltex-ls-15.2.0\lib\cjftransform-1.0.1.jar;c:\Users\Rothschild\.vscode\extensions\valentjn.vscode-ltex-13.1.0\lib\ltex-ls-15.2.0\lib\commons-lang3-3.11.jar;c:\Users\Rothschild\.vscode\extensions\valentjn.vscode-ltex-13.1.0\lib\ltex-ls-15.2.0\lib\commons-logging-1.2.jar;c:\Users\Rothschild\.vscode\extensions\valentjn.vscode-ltex-13.1.0\lib\ltex-ls-15.2.0\lib\commons-pool2-2.9.0.jar;c:\Users\Rothschild\.vscode\extensions\valentjn.vscode-ltex-13.1.0\lib\ltex-ls-15.2.0\lib\commons-text-1.9.jar;c:\Users\Rothschild\.vscode\extensions\valentjn.vscode-ltex-13.1.0\lib\ltex-ls-15.2.0\lib\dx-1.7.jar;c:\Users\Rothschild\.vscode\extensions\valentjn.vscode-ltex-1
Launcher Type: SUN_STANDARD

[Global flags]
     intx CICompilerCount                          = 4                                         {product} {ergonomic}
     uint ConcGCThreads                            = 2                                         {product} {ergonomic}
     uint G1ConcRefinementThreads                  = 8                                         {product} {ergonomic}
   size_t G1HeapRegionSize                         = 1048576                                   {product} {ergonomic}
    uintx GCDrainStackTargetSize                   = 64                                        {product} {ergonomic}
   size_t InitialHeapSize                          = 67108864                                  {product} {command line}
   size_t MarkStackSize                            = 4194304                                   {product} {ergonomic}
   size_t MaxHeapSize                              = 536870912                                 {product} {command line}
   size_t MaxNewSize                               = 321912832                                 {product} {ergonomic}
   size_t MinHeapDeltaBytes                        = 1048576                                   {product} {ergonomic}
    uintx NonNMethodCodeHeapSize                   = 5836300                                {pd product} {ergonomic}
    uintx NonProfiledCodeHeapSize                  = 122910970                              {pd product} {ergonomic}
    uintx ProfiledCodeHeapSize                     = 122910970                              {pd product} {ergonomic}
    uintx ReservedCodeCacheSize                    = 251658240                              {pd product} {ergonomic}
     bool SegmentedCodeCache                       = true                                      {product} {ergonomic}
     bool UseCompressedClassPointers               = true                                 {lp64_product} {ergonomic}
     bool UseCompressedOops                        = true                                 {lp64_product} {ergonomic}
     bool UseG1GC                                  = true                                      {product} {ergonomic}
     bool UseLargePagesIndividualAllocation        = false                                  {pd product} {ergonomic}

Logging:
Log output configuration:
 #0: stdout all=warning uptime,level,tags
 #1: stderr all=off uptime,level,tags

Environment Variables:
JAVA_HOME=c:\Users\Rothschild\.vscode\extensions\valentjn.vscode-ltex-13.1.0\lib\ltex-ls-15.2.0\jdk-11.0.12+7
CLASSPATH="c:\Users\Rothschild\.vscode\extensions\valentjn.vscode-ltex-13.1.0\lib\ltex-ls-15.2.0"\etc;"c:\Users\Rothschild\.vscode\extensions\valentjn.vscode-ltex-13.1.0\lib\ltex-ls-15.2.0\lib"\*
PATH=D:\work\Anaconda\condabin;H:\study\LaTex\texlive\2023\bin\windows;C:\Program Files (x86)\Common Files\Oracle\Java\javapath;C:\WINDOWS\system32;C:\WINDOWS;C:\WINDOWS\System32\Wbem;C:\WINDOWS\System32\WindowsPowerShell\v1.0\;C:\WINDOWS\System32\OpenSSH\;D:\study software\lingo\lingo installation\;C:\Windows\SysWOW64;D:\work\latex\MiKTeX\miktex\bin\x64\;C:\Windows\System32;D:\texlive\installtlwindows.bat;C:\Windows\system32\cmd.exe;C:\system32\cmd.exe;D:\work\latex\CTex\UserData\miktex\bin;D:\work\latex\CTex\MiKTeX\miktex\bin;D:\work\latex\CTex\CTeX;D:\work\latex\CTex\CTeX\Packages\ctex\bin;D:\work\latex\CTex\CTeX\Packages\cct\bin;D:\work\latex\CTex\CTeX\Packages\ty\bin;D:\work\latex\CTex\Ghostscript\gs9.18\bin;D:\work\latex\CTex\GSview\gsview;D:\work\latex\CTex\WinEdt;H:\study\MATLAB2022a\bin;H:\study\texlive\2022\bin\win32;D:\work\Nodejs\;C:\ProgramData\chocolatey\bin;C:\Program Files\Microsoft SQL Server\150\Tools\Binn\;D:\work\Anaconda\Library\bin;D:\work\Anaconda;D:\work\Anaconda\Library\mingw-w64\bin;D:\work\Anaconda\Scripts;D:\work\Calibre\;H:\study\Matlab\runtime\win64;H:\study\Matlab\bin;D:\study software\python\Scripts\;D:\study software\python\;C:\Users\Rothschild\AppData\Local\Microsoft\WindowsApps;D:\装机软件\Bandizip\;D:\study software\pycharm\PyCharm Community Edition 2020.3.2\bin;;C:\windows\System32;G:\软件\Pycharm\PyCharm 2021.2.2\bin;;G:\软件\PycharmEdu\PyCharm Edu 2021.3.4\bin;;C:\Users\Rothschild\AppData\Roaming\npm;;D:\work\Microsoft VS Code\bin
USERNAME=Rothschild
OS=Windows_NT
PROCESSOR_IDENTIFIER=Intel64 Family 6 Model 140 Stepping 1, GenuineIntel



---------------  S Y S T E M  ---------------

OS: Windows 10 , 64 bit Build 22621 (10.0.22621.1825)
OS uptime: 0 days 12:13 hours
Hyper-V role detected

CPU:total 8 (initial active 8) (4 cores per cpu, 2 threads per core) family 6 model 140 stepping 1 microcode 0xa4, cmov, cx8, fxsr, mmx, sse, sse2, sse3, ssse3, sse4.1, sse4.2, popcnt, avx, avx2, aes, clmul, erms, 3dnowpref, lzcnt, ht, tsc, tscinvbit, bmi1, bmi2, adx, evex, sha, fma

Memory: 4k page, system-wide physical 16183M (3642M free)
TotalPageFile size 22183M (AvailPageFile size 5M)
current process WorkingSet (physical memory assigned to process): 391M, peak: 391M
current process commit charge ("private bytes"): 438M, peak: 440M

vm_info: OpenJDK 64-Bit Server VM (11.0.12+7) for windows-amd64 JRE (11.0.12+7), built on Jul 21 2021 16:23:49 by "" with unknown MS VC++:1916

END.
