#
# There is insufficient memory for the Java Runtime Environment to continue.
# Native memory allocation (malloc) failed to allocate 2280656 bytes for Chunk::new
# Possible reasons:
#   The system is out of physical RAM or swap space
#   The process is running with CompressedOops enabled, and the Java Heap may be blocking the growth of the native heap
# Possible solutions:
#   Reduce memory load on the system
#   Increase physical memory or swap space
#   Check if swap backing store is full
#   Decrease Java heap size (-Xmx/-Xms)
#   Decrease number of Java threads
#   Decrease Java thread stack sizes (-Xss)
#   Set larger code cache with -XX:ReservedCodeCacheSize=
#   JVM is running with Unscaled Compressed Oops mode in which the Java heap is
#     placed in the first 4GB address space. The Java Heap base address is the
#     maximum limit for the native heap growth. Please use -XX:HeapBaseMinAddress
#     to set the Java Heap base and to place the Java Heap above 4GB virtual address.
# This output file may be truncated or incomplete.
#
#  Out of Memory Error (./src/hotspot/share/memory/arena.cpp:197), pid=18600, tid=23220
#
# JRE version: OpenJDK Runtime Environment Temurin-11.0.12+7 (11.0.12+7) (build 11.0.12+7)
# Java VM: OpenJDK 64-Bit Server VM Temurin-11.0.12+7 (11.0.12+7, mixed mode, tiered, compressed oops, g1 gc, windows-amd64)
# No core dump will be written. Minidumps are not enabled by default on client versions of Windows
#

---------------  S U M M A R Y ------------

Command Line: -Xms64m -Xmx512m -Dapp.name=ltex-ls -Dapp.repo=c:\Users\Rothschild\.vscode\extensions\valentjn.vscode-ltex-13.1.0\lib\ltex-ls-15.2.0\lib -Dapp.home=c:\Users\Rothschild\.vscode\extensions\valentjn.vscode-ltex-13.1.0\lib\ltex-ls-15.2.0 -Dbasedir=c:\Users\Rothschild\.vscode\extensions\valentjn.vscode-ltex-13.1.0\lib\ltex-ls-15.2.0 org.bsplines.ltexls.LtexLanguageServerLauncher

Host: 11th Gen Intel(R) Core(TM) i5-1135G7 @ 2.40GHz, 8 cores, 15G,  Windows 10 , 64 bit Build 22621 (10.0.22621.1825)
Time: Mon Jun  5 16:51:46 2023 中国标准时间 elapsed time: 4.165255 seconds (0d 0h 0m 4s)

---------------  T H R E A D  ---------------

Current thread (0x000001e21ecab800):  JavaThread "C2 CompilerThread2" daemon [_thread_in_native, id=23220, stack(0x0000000a7f700000,0x0000000a7f800000)]


Current CompileTask:
C2:   4165 3474       4       com.sun.org.apache.xerces.internal.impl.XMLDocumentFragmentScannerImpl$FragmentContentDriver::startOfMarkup (280 bytes)

Stack: [0x0000000a7f700000,0x0000000a7f800000]
Native frames: (J=compiled Java code, j=interpreted, Vv=VM code, C=native code)
V  [jvm.dll+0x601d0a]
V  [jvm.dll+0x78ab6e]
V  [jvm.dll+0x78c23f]
V  [jvm.dll+0x78c903]
V  [jvm.dll+0x24be68]
V  [jvm.dll+0xc219c]
V  [jvm.dll+0xc275c]
V  [jvm.dll+0x354812]
V  [jvm.dll+0x321f63]
V  [jvm.dll+0x32129a]
V  [jvm.dll+0x205515]
V  [jvm.dll+0x2046fd]
V  [jvm.dll+0x1898fc]
V  [jvm.dll+0x213d67]
V  [jvm.dll+0x211f2b]
V  [jvm.dll+0x74ec19]
V  [jvm.dll+0x747c84]
V  [jvm.dll+0x600ba6]
C  [ucrtbase.dll+0x29363]
C  [KERNEL32.DLL+0x126ad]
C  [ntdll.dll+0x5a9f8]


---------------  P R O C E S S  ---------------

Threads class SMR info:
_java_thread_list=0x000001e22297c1e0, length=14, elements={
0x000001e20509e800, 0x000001e21aa27800, 0x000001e21aa2d800, 0x000001e21aa5a000,
0x000001e21aa5c800, 0x000001e21aa5d800, 0x000001e21aa61000, 0x000001e21aa65800,
0x000001e21aa6a800, 0x000001e21b3b4800, 0x000001e21be11000, 0x000001e21ecab800,
0x000001e222067000, 0x000001e220b86000
}

Java Threads: ( => current thread )
  0x000001e20509e800 JavaThread "main" [_thread_blocked, id=13692, stack(0x0000000a7e400000,0x0000000a7e500000)]
  0x000001e21aa27800 JavaThread "Reference Handler" daemon [_thread_blocked, id=31192, stack(0x0000000a7eb00000,0x0000000a7ec00000)]
  0x000001e21aa2d800 JavaThread "Finalizer" daemon [_thread_blocked, id=32436, stack(0x0000000a7ec00000,0x0000000a7ed00000)]
  0x000001e21aa5a000 JavaThread "Signal Dispatcher" daemon [_thread_blocked, id=33036, stack(0x0000000a7ed00000,0x0000000a7ee00000)]
  0x000001e21aa5c800 JavaThread "Attach Listener" daemon [_thread_blocked, id=37496, stack(0x0000000a7ee00000,0x0000000a7ef00000)]
  0x000001e21aa5d800 JavaThread "Service Thread" daemon [_thread_blocked, id=38948, stack(0x0000000a7ef00000,0x0000000a7f000000)]
  0x000001e21aa61000 JavaThread "C2 CompilerThread0" daemon [_thread_in_native, id=30324, stack(0x0000000a7f000000,0x0000000a7f100000)]
  0x000001e21aa65800 JavaThread "C1 CompilerThread0" daemon [_thread_blocked, id=29524, stack(0x0000000a7f100000,0x0000000a7f200000)]
  0x000001e21aa6a800 JavaThread "Sweeper thread" daemon [_thread_blocked, id=40560, stack(0x0000000a7f200000,0x0000000a7f300000)]
  0x000001e21b3b4800 JavaThread "Common-Cleaner" daemon [_thread_blocked, id=24596, stack(0x0000000a7f400000,0x0000000a7f500000)]
  0x000001e21be11000 JavaThread "C2 CompilerThread1" daemon [_thread_in_native, id=29952, stack(0x0000000a7f500000,0x0000000a7f600000)]
=>0x000001e21ecab800 JavaThread "C2 CompilerThread2" daemon [_thread_in_native, id=23220, stack(0x0000000a7f700000,0x0000000a7f800000)]
  0x000001e222067000 JavaThread "pool-2-thread-1" [_thread_in_native, id=37676, stack(0x0000000a7fd00000,0x0000000a7fe00000)]
  0x000001e220b86000 JavaThread "pool-1-thread-1" [_thread_in_Java, id=30540, stack(0x0000000a00000000,0x0000000a00100000)]

Other Threads:
  0x000001e21aa24800 VMThread "VM Thread" [stack: 0x0000000a7ea00000,0x0000000a7eb00000] [id=35584]
  0x000001e21b4a7800 WatcherThread [stack: 0x0000000a7f300000,0x0000000a7f400000] [id=38472]
  0x000001e2050b1000 GCTaskThread "GC Thread#0" [stack: 0x0000000a7e500000,0x0000000a7e600000] [id=40144]
  0x000001e21eb09000 GCTaskThread "GC Thread#1" [stack: 0x0000000a7f600000,0x0000000a7f700000] [id=14988]
  0x000001e2215bc000 GCTaskThread "GC Thread#2" [stack: 0x0000000a7f900000,0x0000000a7fa00000] [id=28924]
  0x000001e2206c9800 GCTaskThread "GC Thread#3" [stack: 0x0000000a7fe00000,0x0000000a7ff00000] [id=23228]
  0x000001e220a76000 GCTaskThread "GC Thread#4" [stack: 0x0000000a00100000,0x0000000a00200000] [id=31344]
  0x000001e222292000 GCTaskThread "GC Thread#5" [stack: 0x0000000a00200000,0x0000000a00300000] [id=17312]
  0x000001e2050c4000 ConcurrentGCThread "G1 Main Marker" [stack: 0x0000000a7e600000,0x0000000a7e700000] [id=38836]
  0x000001e2050c6000 ConcurrentGCThread "G1 Conc#0" [stack: 0x0000000a7e700000,0x0000000a7e800000] [id=33872]
  0x000001e221948800 ConcurrentGCThread "G1 Conc#1" [stack: 0x0000000a7f800000,0x0000000a7f900000] [id=3972]
  0x000001e20512f800 ConcurrentGCThread "G1 Refine#0" [stack: 0x0000000a7e800000,0x0000000a7e900000] [id=1436]
  0x000001e220476000 ConcurrentGCThread "G1 Refine#1" [stack: 0x0000000a7fa00000,0x0000000a7fb00000] [id=34224]
  0x000001e220477000 ConcurrentGCThread "G1 Refine#2" [stack: 0x0000000a7fb00000,0x0000000a7fc00000] [id=33240]
  0x000001e220521800 ConcurrentGCThread "G1 Refine#3" [stack: 0x0000000a7fc00000,0x0000000a7fd00000] [id=25564]
  0x000001e222b39800 ConcurrentGCThread "G1 Refine#4" [stack: 0x0000000a7ff00000,0x0000000a80000000] [id=22720]
  0x000001e205132800 ConcurrentGCThread "G1 Young RemSet Sampling" [stack: 0x0000000a7e900000,0x0000000a7ea00000] [id=29652]

Threads with active compile tasks:
C2 CompilerThread0   4204 3500   !   4       com.sun.org.apache.xerces.internal.parsers.AbstractSAXParser::characters (78 bytes)
C2 CompilerThread1   4204 3489   !   4       com.sun.org.apache.xerces.internal.impl.XMLDocumentFragmentScannerImpl$FragmentContentDriver::next (2333 bytes)
C2 CompilerThread2   4204 3474       4       com.sun.org.apache.xerces.internal.impl.XMLDocumentFragmentScannerImpl$FragmentContentDriver::startOfMarkup (280 bytes)

VM state:not at safepoint (normal execution)

VM Mutex/Monitor currently owned by a thread: None

Heap address: 0x00000000e0000000, size: 512 MB, Compressed Oops mode: 32-bit
Narrow klass base: 0x0000000000000000, Narrow klass shift: 3
Compressed class space size: 1073741824 Address: 0x0000000100000000

Heap:
 garbage-first heap   total 150528K, used 98922K [0x00000000e0000000, 0x0000000100000000)
  region size 1024K, 20 young (20480K), 3 survivors (3072K)
 Metaspace       used 26226K, capacity 26623K, committed 26752K, reserved 1073152K
  class space    used 2720K, capacity 2884K, committed 2944K, reserved 1048576K
Heap Regions: E=young(eden), S=young(survivor), O=old, HS=humongous(starts), HC=humongous(continues), CS=collection set, F=free, A=archive, TAMS=top-at-mark-start (previous, next)
|   0|0x00000000e0000000, 0x00000000e0100000, 0x00000000e0100000|100%| O|  |TAMS 0x00000000e0100000, 0x00000000e0000000| Untracked 
|   1|0x00000000e0100000, 0x00000000e0200000, 0x00000000e0200000|100%| O|  |TAMS 0x00000000e0200000, 0x00000000e0100000| Complete 
|   2|0x00000000e0200000, 0x00000000e0300000, 0x00000000e0300000|100%| O|  |TAMS 0x00000000e0300000, 0x00000000e0200000| Untracked 
|   3|0x00000000e0300000, 0x00000000e0400000, 0x00000000e0400000|100%| O|  |TAMS 0x00000000e0400000, 0x00000000e0300000| Untracked 
|   4|0x00000000e0400000, 0x00000000e0500000, 0x00000000e0500000|100%| O|  |TAMS 0x00000000e0500000, 0x00000000e0400000| Untracked 
|   5|0x00000000e0500000, 0x00000000e0600000, 0x00000000e0600000|100%| O|  |TAMS 0x00000000e0600000, 0x00000000e0500000| Complete 
|   6|0x00000000e0600000, 0x00000000e0700000, 0x00000000e0700000|100%| O|  |TAMS 0x00000000e0700000, 0x00000000e0600000| Untracked 
|   7|0x00000000e0700000, 0x00000000e0800000, 0x00000000e0800000|100%| O|  |TAMS 0x00000000e0800000, 0x00000000e0700000| Untracked 
|   8|0x00000000e0800000, 0x00000000e0900000, 0x00000000e0900000|100%| O|  |TAMS 0x00000000e0900000, 0x00000000e0800000| Untracked 
|   9|0x00000000e0900000, 0x00000000e0a00000, 0x00000000e0a00000|100%| O|  |TAMS 0x00000000e0a00000, 0x00000000e0900000| Untracked 
|  10|0x00000000e0a00000, 0x00000000e0b00000, 0x00000000e0b00000|100%| O|  |TAMS 0x00000000e0b00000, 0x00000000e0a00000| Untracked 
|  11|0x00000000e0b00000, 0x00000000e0c00000, 0x00000000e0c00000|100%| O|  |TAMS 0x00000000e0c00000, 0x00000000e0b00000| Complete 
|  12|0x00000000e0c00000, 0x00000000e0d00000, 0x00000000e0d00000|100%| O|  |TAMS 0x00000000e0d00000, 0x00000000e0c00000| Complete 
|  13|0x00000000e0d00000, 0x00000000e0e00000, 0x00000000e0e00000|100%| O|  |TAMS 0x00000000e0e00000, 0x00000000e0d00000| Untracked 
|  14|0x00000000e0e00000, 0x00000000e0f00000, 0x00000000e0f00000|100%| O|  |TAMS 0x00000000e0f00000, 0x00000000e0e00000| Untracked 
|  15|0x00000000e0f00000, 0x00000000e1000000, 0x00000000e1000000|100%| O|  |TAMS 0x00000000e1000000, 0x00000000e0f00000| Untracked 
|  16|0x00000000e1000000, 0x00000000e1100000, 0x00000000e1100000|100%| O|  |TAMS 0x00000000e1100000, 0x00000000e1000000| Complete 
|  17|0x00000000e1100000, 0x00000000e1200000, 0x00000000e1200000|100%| O|  |TAMS 0x00000000e1200000, 0x00000000e1100000| Complete 
|  18|0x00000000e1200000, 0x00000000e1300000, 0x00000000e1300000|100%| O|  |TAMS 0x00000000e1300000, 0x00000000e1200000| Untracked 
|  19|0x00000000e1300000, 0x00000000e1400000, 0x00000000e1400000|100%| O|  |TAMS 0x00000000e1400000, 0x00000000e1300000| Untracked 
|  20|0x00000000e1400000, 0x00000000e1500000, 0x00000000e1500000|100%| O|  |TAMS 0x00000000e1500000, 0x00000000e1400000| Complete 
|  21|0x00000000e1500000, 0x00000000e1600000, 0x00000000e1600000|100%| O|  |TAMS 0x00000000e1600000, 0x00000000e1500000| Untracked 
|  22|0x00000000e1600000, 0x00000000e1700000, 0x00000000e1700000|100%|HS|  |TAMS 0x00000000e1700000, 0x00000000e1600000| Complete 
|  23|0x00000000e1700000, 0x00000000e1800000, 0x00000000e1800000|100%| O|  |TAMS 0x00000000e1800000, 0x00000000e1700000| Complete 
|  24|0x00000000e1800000, 0x00000000e1900000, 0x00000000e1900000|100%| O|  |TAMS 0x00000000e1900000, 0x00000000e1800000| Complete 
|  25|0x00000000e1900000, 0x00000000e1a00000, 0x00000000e1a00000|100%| O|  |TAMS 0x00000000e1a00000, 0x00000000e1900000| Untracked 
|  26|0x00000000e1a00000, 0x00000000e1b00000, 0x00000000e1b00000|100%| O|  |TAMS 0x00000000e1b00000, 0x00000000e1a00000| Untracked 
|  27|0x00000000e1b00000, 0x00000000e1c00000, 0x00000000e1c00000|100%| O|  |TAMS 0x00000000e1c00000, 0x00000000e1b00000| Complete 
|  28|0x00000000e1c00000, 0x00000000e1d00000, 0x00000000e1d00000|100%| O|  |TAMS 0x00000000e1d00000, 0x00000000e1c00000| Untracked 
|  29|0x00000000e1d00000, 0x00000000e1e00000, 0x00000000e1e00000|100%| O|  |TAMS 0x00000000e1e00000, 0x00000000e1d00000| Untracked 
|  30|0x00000000e1e00000, 0x00000000e1f00000, 0x00000000e1f00000|100%| O|  |TAMS 0x00000000e1f00000, 0x00000000e1e00000| Complete 
|  31|0x00000000e1f00000, 0x00000000e2000000, 0x00000000e2000000|100%| O|  |TAMS 0x00000000e2000000, 0x00000000e1f00000| Untracked 
|  32|0x00000000e2000000, 0x00000000e2100000, 0x00000000e2100000|100%| O|  |TAMS 0x00000000e2100000, 0x00000000e2000000| Untracked 
|  33|0x00000000e2100000, 0x00000000e2200000, 0x00000000e2200000|100%| O|  |TAMS 0x00000000e2200000, 0x00000000e2100000| Complete 
|  34|0x00000000e2200000, 0x00000000e2300000, 0x00000000e2300000|100%| O|  |TAMS 0x00000000e2300000, 0x00000000e2200000| Untracked 
|  35|0x00000000e2300000, 0x00000000e2400000, 0x00000000e2400000|100%| O|  |TAMS 0x00000000e2400000, 0x00000000e2300000| Complete 
|  36|0x00000000e2400000, 0x00000000e2400000, 0x00000000e2500000|  0%| F|  |TAMS 0x00000000e2400000, 0x00000000e2400000| Untracked 
|  37|0x00000000e2500000, 0x00000000e2600000, 0x00000000e2600000|100%| O|  |TAMS 0x00000000e2600000, 0x00000000e2500000| Complete 
|  38|0x00000000e2600000, 0x00000000e2700000, 0x00000000e2700000|100%| O|  |TAMS 0x00000000e2700000, 0x00000000e2600000| Complete 
|  39|0x00000000e2700000, 0x00000000e2800000, 0x00000000e2800000|100%| O|  |TAMS 0x00000000e2800000, 0x00000000e2700000| Complete 
|  40|0x00000000e2800000, 0x00000000e2900000, 0x00000000e2900000|100%| O|  |TAMS 0x00000000e2900000, 0x00000000e2800000| Complete 
|  41|0x00000000e2900000, 0x00000000e2a00000, 0x00000000e2a00000|100%| O|  |TAMS 0x00000000e2a00000, 0x00000000e2900000| Complete 
|  42|0x00000000e2a00000, 0x00000000e2b00000, 0x00000000e2b00000|100%| O|  |TAMS 0x00000000e2b00000, 0x00000000e2a00000| Complete 
|  43|0x00000000e2b00000, 0x00000000e2c00000, 0x00000000e2c00000|100%| O|  |TAMS 0x00000000e2c00000, 0x00000000e2b00000| Complete 
|  44|0x00000000e2c00000, 0x00000000e2d00000, 0x00000000e2d00000|100%| O|  |TAMS 0x00000000e2d00000, 0x00000000e2c00000| Complete 
|  45|0x00000000e2d00000, 0x00000000e2e00000, 0x00000000e2e00000|100%| O|  |TAMS 0x00000000e2e00000, 0x00000000e2d00000| Complete 
|  46|0x00000000e2e00000, 0x00000000e2f00000, 0x00000000e2f00000|100%| O|  |TAMS 0x00000000e2f00000, 0x00000000e2e00000| Complete 
|  47|0x00000000e2f00000, 0x00000000e3000000, 0x00000000e3000000|100%| O|  |TAMS 0x00000000e3000000, 0x00000000e2f00000| Untracked 
|  48|0x00000000e3000000, 0x00000000e3100000, 0x00000000e3100000|100%| O|  |TAMS 0x00000000e3100000, 0x00000000e3000000| Untracked 
|  49|0x00000000e3100000, 0x00000000e3200000, 0x00000000e3200000|100%| O|  |TAMS 0x00000000e3200000, 0x00000000e3100000| Untracked 
|  50|0x00000000e3200000, 0x00000000e3300000, 0x00000000e3300000|100%| O|  |TAMS 0x00000000e3300000, 0x00000000e3200000| Untracked 
|  51|0x00000000e3300000, 0x00000000e3400000, 0x00000000e3400000|100%| O|  |TAMS 0x00000000e3400000, 0x00000000e3300000| Untracked 
|  52|0x00000000e3400000, 0x00000000e3500000, 0x00000000e3500000|100%| O|  |TAMS 0x00000000e3500000, 0x00000000e3400000| Untracked 
|  53|0x00000000e3500000, 0x00000000e3600000, 0x00000000e3600000|100%| O|  |TAMS 0x00000000e3600000, 0x00000000e3500000| Untracked 
|  54|0x00000000e3600000, 0x00000000e3700000, 0x00000000e3700000|100%| O|  |TAMS 0x00000000e3700000, 0x00000000e3600000| Complete 
|  55|0x00000000e3700000, 0x00000000e3800000, 0x00000000e3800000|100%| O|  |TAMS 0x00000000e3800000, 0x00000000e3700000| Complete 
|  56|0x00000000e3800000, 0x00000000e3900000, 0x00000000e3900000|100%| O|  |TAMS 0x00000000e3900000, 0x00000000e3800000| Untracked 
|  57|0x00000000e3900000, 0x00000000e3a00000, 0x00000000e3a00000|100%| O|  |TAMS 0x00000000e3a00000, 0x00000000e3900000| Untracked 
|  58|0x00000000e3a00000, 0x00000000e3b00000, 0x00000000e3b00000|100%| O|  |TAMS 0x00000000e3b00000, 0x00000000e3a00000| Untracked 
|  59|0x00000000e3b00000, 0x00000000e3c00000, 0x00000000e3c00000|100%| O|  |TAMS 0x00000000e3c00000, 0x00000000e3b00000| Complete 
|  60|0x00000000e3c00000, 0x00000000e3c00000, 0x00000000e3d00000|  0%| F|  |TAMS 0x00000000e3c00000, 0x00000000e3c00000| Untracked 
|  61|0x00000000e3d00000, 0x00000000e3e00000, 0x00000000e3e00000|100%| O|  |TAMS 0x00000000e3e00000, 0x00000000e3d00000| Untracked 
|  62|0x00000000e3e00000, 0x00000000e3e00000, 0x00000000e3f00000|  0%| F|  |TAMS 0x00000000e3e00000, 0x00000000e3e00000| Untracked 
|  63|0x00000000e3f00000, 0x00000000e4000000, 0x00000000e4000000|100%| O|  |TAMS 0x00000000e4000000, 0x00000000e3f00000| Complete 
|  64|0x00000000e4000000, 0x00000000e4100000, 0x00000000e4100000|100%| O|  |TAMS 0x00000000e4100000, 0x00000000e4000000| Complete 
|  65|0x00000000e4100000, 0x00000000e4200000, 0x00000000e4200000|100%| O|  |TAMS 0x00000000e4200000, 0x00000000e4100000| Untracked 
|  66|0x00000000e4200000, 0x00000000e4300000, 0x00000000e4300000|100%| O|  |TAMS 0x00000000e4300000, 0x00000000e4200000| Complete 
|  67|0x00000000e4300000, 0x00000000e4400000, 0x00000000e4400000|100%| O|  |TAMS 0x00000000e4400000, 0x00000000e4300000| Complete 
|  68|0x00000000e4400000, 0x00000000e4500000, 0x00000000e4500000|100%| O|  |TAMS 0x00000000e4500000, 0x00000000e4400000| Complete 
|  69|0x00000000e4500000, 0x00000000e4600000, 0x00000000e4600000|100%| O|  |TAMS 0x00000000e4600000, 0x00000000e4500000| Complete 
|  70|0x00000000e4600000, 0x00000000e4700000, 0x00000000e4700000|100%| O|  |TAMS 0x00000000e4700000, 0x00000000e4600000| Complete 
|  71|0x00000000e4700000, 0x00000000e4800000, 0x00000000e4800000|100%| O|  |TAMS 0x00000000e4800000, 0x00000000e4700000| Complete 
|  72|0x00000000e4800000, 0x00000000e4900000, 0x00000000e4900000|100%| O|  |TAMS 0x00000000e4900000, 0x00000000e4800000| Complete 
|  73|0x00000000e4900000, 0x00000000e4a00000, 0x00000000e4a00000|100%| O|  |TAMS 0x00000000e4a00000, 0x00000000e4900000| Complete 
|  74|0x00000000e4a00000, 0x00000000e4b00000, 0x00000000e4b00000|100%| O|  |TAMS 0x00000000e4b00000, 0x00000000e4a00000| Complete 
|  75|0x00000000e4b00000, 0x00000000e4c00000, 0x00000000e4c00000|100%| O|  |TAMS 0x00000000e4c00000, 0x00000000e4b00000| Complete 
|  76|0x00000000e4c00000, 0x00000000e4d00000, 0x00000000e4d00000|100%| O|  |TAMS 0x00000000e4d00000, 0x00000000e4c00000| Complete 
|  77|0x00000000e4d00000, 0x00000000e4e00000, 0x00000000e4e00000|100%| O|  |TAMS 0x00000000e4e00000, 0x00000000e4d00000| Untracked 
|  78|0x00000000e4e00000, 0x00000000e4f00000, 0x00000000e4f00000|100%| O|  |TAMS 0x00000000e4f00000, 0x00000000e4e00000| Untracked 
|  79|0x00000000e4f00000, 0x00000000e5000000, 0x00000000e5000000|100%| O|  |TAMS 0x00000000e5000000, 0x00000000e4f00000| Untracked 
|  80|0x00000000e5000000, 0x00000000e5100000, 0x00000000e5100000|100%| O|  |TAMS 0x00000000e5100000, 0x00000000e5000000| Complete 
|  81|0x00000000e5100000, 0x00000000e5166600, 0x00000000e5200000| 39%| O|  |TAMS 0x00000000e5166600, 0x00000000e5100000| Untracked 
|  82|0x00000000e5200000, 0x00000000e5200000, 0x00000000e5300000|  0%| F|  |TAMS 0x00000000e5200000, 0x00000000e5200000| Untracked 
|  83|0x00000000e5300000, 0x00000000e5300000, 0x00000000e5400000|  0%| F|  |TAMS 0x00000000e5300000, 0x00000000e5300000| Untracked 
|  84|0x00000000e5400000, 0x00000000e5400000, 0x00000000e5500000|  0%| F|  |TAMS 0x00000000e5400000, 0x00000000e5400000| Untracked 
|  85|0x00000000e5500000, 0x00000000e5500000, 0x00000000e5600000|  0%| F|  |TAMS 0x00000000e5500000, 0x00000000e5500000| Untracked 
|  86|0x00000000e5600000, 0x00000000e5600000, 0x00000000e5700000|  0%| F|  |TAMS 0x00000000e5600000, 0x00000000e5600000| Untracked 
|  87|0x00000000e5700000, 0x00000000e5700000, 0x00000000e5800000|  0%| F|  |TAMS 0x00000000e5700000, 0x00000000e5700000| Untracked 
|  88|0x00000000e5800000, 0x00000000e5800000, 0x00000000e5900000|  0%| F|  |TAMS 0x00000000e5800000, 0x00000000e5800000| Untracked 
|  89|0x00000000e5900000, 0x00000000e5900000, 0x00000000e5a00000|  0%| F|  |TAMS 0x00000000e5900000, 0x00000000e5900000| Untracked 
|  90|0x00000000e5a00000, 0x00000000e5a00000, 0x00000000e5b00000|  0%| F|  |TAMS 0x00000000e5a00000, 0x00000000e5a00000| Untracked 
|  91|0x00000000e5b00000, 0x00000000e5b00000, 0x00000000e5c00000|  0%| F|  |TAMS 0x00000000e5b00000, 0x00000000e5b00000| Untracked 
|  92|0x00000000e5c00000, 0x00000000e5c00000, 0x00000000e5d00000|  0%| F|  |TAMS 0x00000000e5c00000, 0x00000000e5c00000| Untracked 
|  93|0x00000000e5d00000, 0x00000000e5d00000, 0x00000000e5e00000|  0%| F|  |TAMS 0x00000000e5d00000, 0x00000000e5d00000| Untracked 
|  94|0x00000000e5e00000, 0x00000000e5e00000, 0x00000000e5f00000|  0%| F|  |TAMS 0x00000000e5e00000, 0x00000000e5e00000| Untracked 
|  95|0x00000000e5f00000, 0x00000000e5f00000, 0x00000000e6000000|  0%| F|  |TAMS 0x00000000e5f00000, 0x00000000e5f00000| Untracked 
|  96|0x00000000e6000000, 0x00000000e6000000, 0x00000000e6100000|  0%| F|  |TAMS 0x00000000e6000000, 0x00000000e6000000| Untracked 
|  97|0x00000000e6100000, 0x00000000e6100000, 0x00000000e6200000|  0%| F|  |TAMS 0x00000000e6100000, 0x00000000e6100000| Untracked 
|  98|0x00000000e6200000, 0x00000000e6200000, 0x00000000e6300000|  0%| F|  |TAMS 0x00000000e6200000, 0x00000000e6200000| Untracked 
|  99|0x00000000e6300000, 0x00000000e6300000, 0x00000000e6400000|  0%| F|  |TAMS 0x00000000e6300000, 0x00000000e6300000| Untracked 
| 100|0x00000000e6400000, 0x00000000e6400000, 0x00000000e6500000|  0%| F|  |TAMS 0x00000000e6400000, 0x00000000e6400000| Untracked 
| 101|0x00000000e6500000, 0x00000000e6500000, 0x00000000e6600000|  0%| F|  |TAMS 0x00000000e6500000, 0x00000000e6500000| Untracked 
| 102|0x00000000e6600000, 0x00000000e6600000, 0x00000000e6700000|  0%| F|  |TAMS 0x00000000e6600000, 0x00000000e6600000| Untracked 
| 103|0x00000000e6700000, 0x00000000e6700000, 0x00000000e6800000|  0%| F|  |TAMS 0x00000000e6700000, 0x00000000e6700000| Untracked 
| 104|0x00000000e6800000, 0x00000000e6800000, 0x00000000e6900000|  0%| F|  |TAMS 0x00000000e6800000, 0x00000000e6800000| Untracked 
| 105|0x00000000e6900000, 0x00000000e6900000, 0x00000000e6a00000|  0%| F|  |TAMS 0x00000000e6900000, 0x00000000e6900000| Untracked 
| 106|0x00000000e6a00000, 0x00000000e6a00000, 0x00000000e6b00000|  0%| F|  |TAMS 0x00000000e6a00000, 0x00000000e6a00000| Untracked 
| 107|0x00000000e6b00000, 0x00000000e6b34500, 0x00000000e6c00000| 20%| S|CS|TAMS 0x00000000e6b00000, 0x00000000e6b00000| Complete 
| 108|0x00000000e6c00000, 0x00000000e6d00000, 0x00000000e6d00000|100%| S|CS|TAMS 0x00000000e6c00000, 0x00000000e6c00000| Complete 
| 109|0x00000000e6d00000, 0x00000000e6e00000, 0x00000000e6e00000|100%| S|CS|TAMS 0x00000000e6d00000, 0x00000000e6d00000| Complete 
| 110|0x00000000e6e00000, 0x00000000e6e00000, 0x00000000e6f00000|  0%| F|  |TAMS 0x00000000e6e00000, 0x00000000e6e00000| Untracked 
| 111|0x00000000e6f00000, 0x00000000e6f00000, 0x00000000e7000000|  0%| F|  |TAMS 0x00000000e6f00000, 0x00000000e6f00000| Untracked 
| 112|0x00000000e7000000, 0x00000000e7000000, 0x00000000e7100000|  0%| F|  |TAMS 0x00000000e7000000, 0x00000000e7000000| Untracked 
| 113|0x00000000e7100000, 0x00000000e7100000, 0x00000000e7200000|  0%| F|  |TAMS 0x00000000e7100000, 0x00000000e7100000| Untracked 
| 114|0x00000000e7200000, 0x00000000e7200000, 0x00000000e7300000|  0%| F|  |TAMS 0x00000000e7200000, 0x00000000e7200000| Untracked 
| 115|0x00000000e7300000, 0x00000000e7300000, 0x00000000e7400000|  0%| F|  |TAMS 0x00000000e7300000, 0x00000000e7300000| Untracked 
| 116|0x00000000e7400000, 0x00000000e7400000, 0x00000000e7500000|  0%| F|  |TAMS 0x00000000e7400000, 0x00000000e7400000| Untracked 
| 117|0x00000000e7500000, 0x00000000e7500000, 0x00000000e7600000|  0%| F|  |TAMS 0x00000000e7500000, 0x00000000e7500000| Untracked 
| 118|0x00000000e7600000, 0x00000000e7600000, 0x00000000e7700000|  0%| F|  |TAMS 0x00000000e7600000, 0x00000000e7600000| Untracked 
| 119|0x00000000e7700000, 0x00000000e7700000, 0x00000000e7800000|  0%| F|  |TAMS 0x00000000e7700000, 0x00000000e7700000| Untracked 
| 120|0x00000000e7800000, 0x00000000e7800000, 0x00000000e7900000|  0%| F|  |TAMS 0x00000000e7800000, 0x00000000e7800000| Untracked 
| 121|0x00000000e7900000, 0x00000000e7900000, 0x00000000e7a00000|  0%| F|  |TAMS 0x00000000e7900000, 0x00000000e7900000| Untracked 
| 122|0x00000000e7a00000, 0x00000000e7a00000, 0x00000000e7b00000|  0%| F|  |TAMS 0x00000000e7a00000, 0x00000000e7a00000| Untracked 
| 123|0x00000000e7b00000, 0x00000000e7b00000, 0x00000000e7c00000|  0%| F|  |TAMS 0x00000000e7b00000, 0x00000000e7b00000| Untracked 
| 124|0x00000000e7c00000, 0x00000000e7c00000, 0x00000000e7d00000|  0%| F|  |TAMS 0x00000000e7c00000, 0x00000000e7c00000| Untracked 
| 125|0x00000000e7d00000, 0x00000000e7d00000, 0x00000000e7e00000|  0%| F|  |TAMS 0x00000000e7d00000, 0x00000000e7d00000| Untracked 
| 126|0x00000000e7e00000, 0x00000000e7e00000, 0x00000000e7f00000|  0%| F|  |TAMS 0x00000000e7e00000, 0x00000000e7e00000| Untracked 
| 127|0x00000000e7f00000, 0x00000000e7f00000, 0x00000000e8000000|  0%| F|  |TAMS 0x00000000e7f00000, 0x00000000e7f00000| Untracked 
| 128|0x00000000e8000000, 0x00000000e8100000, 0x00000000e8100000|100%| E|  |TAMS 0x00000000e8000000, 0x00000000e8000000| Complete 
| 129|0x00000000e8100000, 0x00000000e8200000, 0x00000000e8200000|100%| E|CS|TAMS 0x00000000e8100000, 0x00000000e8100000| Complete 
| 130|0x00000000e8200000, 0x00000000e8300000, 0x00000000e8300000|100%| E|CS|TAMS 0x00000000e8200000, 0x00000000e8200000| Complete 
| 131|0x00000000e8300000, 0x00000000e8400000, 0x00000000e8400000|100%| E|CS|TAMS 0x00000000e8300000, 0x00000000e8300000| Complete 
| 132|0x00000000e8400000, 0x00000000e8500000, 0x00000000e8500000|100%| E|CS|TAMS 0x00000000e8400000, 0x00000000e8400000| Complete 
| 133|0x00000000e8500000, 0x00000000e8600000, 0x00000000e8600000|100%| E|CS|TAMS 0x00000000e8500000, 0x00000000e8500000| Complete 
| 134|0x00000000e8600000, 0x00000000e8700000, 0x00000000e8700000|100%| E|CS|TAMS 0x00000000e8600000, 0x00000000e8600000| Complete 
| 135|0x00000000e8700000, 0x00000000e8800000, 0x00000000e8800000|100%| E|CS|TAMS 0x00000000e8700000, 0x00000000e8700000| Complete 
| 136|0x00000000e8800000, 0x00000000e8900000, 0x00000000e8900000|100%| E|CS|TAMS 0x00000000e8800000, 0x00000000e8800000| Complete 
| 137|0x00000000e8900000, 0x00000000e8a00000, 0x00000000e8a00000|100%| E|CS|TAMS 0x00000000e8900000, 0x00000000e8900000| Complete 
| 138|0x00000000e8a00000, 0x00000000e8b00000, 0x00000000e8b00000|100%| E|CS|TAMS 0x00000000e8a00000, 0x00000000e8a00000| Complete 
| 139|0x00000000e8b00000, 0x00000000e8c00000, 0x00000000e8c00000|100%| E|CS|TAMS 0x00000000e8b00000, 0x00000000e8b00000| Complete 
| 140|0x00000000e8c00000, 0x00000000e8d00000, 0x00000000e8d00000|100%| E|CS|TAMS 0x00000000e8c00000, 0x00000000e8c00000| Complete 
| 141|0x00000000e8d00000, 0x00000000e8e00000, 0x00000000e8e00000|100%| E|CS|TAMS 0x00000000e8d00000, 0x00000000e8d00000| Complete 
| 142|0x00000000e8e00000, 0x00000000e8f00000, 0x00000000e8f00000|100%| E|CS|TAMS 0x00000000e8e00000, 0x00000000e8e00000| Complete 
| 143|0x00000000e8f00000, 0x00000000e9000000, 0x00000000e9000000|100%| E|CS|TAMS 0x00000000e8f00000, 0x00000000e8f00000| Complete 
| 144|0x00000000e9000000, 0x00000000e9100000, 0x00000000e9100000|100%| E|CS|TAMS 0x00000000e9000000, 0x00000000e9000000| Complete 
| 145|0x00000000e9100000, 0x00000000e9200000, 0x00000000e9200000|100%| E|CS|TAMS 0x00000000e9100000, 0x00000000e9100000| Complete 
| 146|0x00000000e9200000, 0x00000000e9300000, 0x00000000e9300000|100%| E|CS|TAMS 0x00000000e9200000, 0x00000000e9200000| Complete 

Card table byte_map: [0x000001e216e20000,0x000001e216f20000] _byte_map_base: 0x000001e216720000

Marking Bits (Prev, Next): (CMBitMap*) 0x000001e2050c0f98, (CMBitMap*) 0x000001e2050c0fd0
 Prev Bits: [0x000001e217020000, 0x000001e217820000)
 Next Bits: [0x000001e217820000, 0x000001e218020000)

Polling page: 0x000001e204860000

Metaspace:

Usage:
  Non-class:     23.18 MB capacity,    22.96 MB (>99%) used,   181.62 KB ( <1%) free+waste,    51.38 KB ( <1%) overhead. 
      Class:      2.82 MB capacity,     2.66 MB ( 94%) used,   141.36 KB (  5%) free+waste,    21.88 KB ( <1%) overhead. 
       Both:     26.00 MB capacity,    25.61 MB ( 99%) used,   322.98 KB (  1%) free+waste,    73.25 KB ( <1%) overhead. 

Virtual space:
  Non-class space:       24.00 MB reserved,      23.25 MB ( 97%) committed 
      Class space:        1.00 GB reserved,       2.88 MB ( <1%) committed 
             Both:        1.02 GB reserved,      26.13 MB (  2%) committed 

Chunk freelists:
   Non-Class:  5.00 KB
       Class:  0 bytes
        Both:  5.00 KB

MaxMetaspaceSize: 17179869184.00 GB
CompressedClassSpaceSize: 1.00 GB
Initial GC threshold: 20.80 MB
Current GC threshold: 43.13 MB
CDS: off

CodeHeap 'non-profiled nmethods': size=120000Kb used=2594Kb max_used=2594Kb free=117405Kb
 bounds [0x000001e20f4c0000, 0x000001e20f750000, 0x000001e2169f0000]
CodeHeap 'profiled nmethods': size=120000Kb used=8178Kb max_used=8178Kb free=111821Kb
 bounds [0x000001e207f90000, 0x000001e208790000, 0x000001e20f4c0000]
CodeHeap 'non-nmethods': size=5760Kb used=1252Kb max_used=1287Kb free=4507Kb
 bounds [0x000001e2079f0000, 0x000001e207c60000, 0x000001e207f90000]
 total_blobs=4056 nmethods=3539 adapters=429
 compilation: enabled
              stopped_count=0, restarted_count=0
 full_count=0

Compilation events (20 events):
Event: 4.135 Thread 0x000001e21aa65800 3577       2       java.util.regex.Matcher::lookingAt (10 bytes)
Event: 4.135 Thread 0x000001e21aa65800 nmethod 3577 0x000001e208788d90 code [0x000001e208788f40, 0x000001e208789068]
Event: 4.135 Thread 0x000001e21aa65800 3578       3       java.util.regex.Matcher::match (154 bytes)
Event: 4.136 Thread 0x000001e21aa65800 nmethod 3578 0x000001e208789110 code [0x000001e208789320, 0x000001e208789a88]
Event: 4.140 Thread 0x000001e21aa65800 3579       2       java.util.regex.Pattern$Curly::match0 (174 bytes)
Event: 4.140 Thread 0x000001e21aa65800 nmethod 3579 0x000001e208789d90 code [0x000001e208789fa0, 0x000001e20878a3f8]
Event: 4.141 Thread 0x000001e21aa65800 3580       2       java.util.LinkedList$ListItr::hasNext (20 bytes)
Event: 4.142 Thread 0x000001e21aa65800 nmethod 3580 0x000001e20878a610 code [0x000001e20878a7c0, 0x000001e20878a8d8]
Event: 4.149 Thread 0x000001e21aa65800 3581   !   2       jdk.internal.loader.BuiltinClassLoader$2::run (114 bytes)
Event: 4.150 Thread 0x000001e21aa65800 nmethod 3581 0x000001e20878a990 code [0x000001e20878abe0, 0x000001e20878b0d8]
Event: 4.152 Thread 0x000001e21aa65800 3582       2       java.lang.String::contains (19 bytes)
Event: 4.152 Thread 0x000001e21aa65800 nmethod 3582 0x000001e20878b410 code [0x000001e20878b5e0, 0x000001e20878b738]
Event: 4.152 Thread 0x000001e21aa65800 3583       2       java.lang.String::indexOf (65 bytes)
Event: 4.152 Thread 0x000001e21aa65800 nmethod 3583 0x000001e20878b810 code [0x000001e20878b9e0, 0x000001e20878bca8]
Event: 4.153 Thread 0x000001e21aa65800 3585       2       org.languagetool.tagging.TaggedWord::<init> (15 bytes)
Event: 4.153 Thread 0x000001e21aa65800 nmethod 3585 0x000001e20878be90 code [0x000001e20878c040, 0x000001e20878c1d8]
Event: 4.153 Thread 0x000001e21aa65800 3586       2       org.languagetool.tagging.ManualTagger$$Lambda$138/0x00000001002d0c40::apply (8 bytes)
Event: 4.153 Thread 0x000001e21aa65800 nmethod 3586 0x000001e20878c290 code [0x000001e20878c440, 0x000001e20878c638]
Event: 4.153 Thread 0x000001e21aa65800 3587       2       org.languagetool.tagging.ManualTagger::lambda$loadMapping$0 (8 bytes)
Event: 4.153 Thread 0x000001e21aa65800 nmethod 3587 0x000001e20878c710 code [0x000001e20878c8c0, 0x000001e20878ca58]

GC Heap History (20 events):
Event: 3.121 GC heap before
{Heap before GC invocations=12 (full 0):
 garbage-first heap   total 95232K, used 70245K [0x00000000e0000000, 0x0000000100000000)
  region size 1024K, 32 young (32768K), 4 survivors (4096K)
 Metaspace       used 21470K, capacity 21806K, committed 21888K, reserved 1069056K
  class space    used 2191K, capacity 2351K, committed 2432K, reserved 1048576K
}
Event: 3.132 GC heap after
{Heap after GC invocations=13 (full 0):
 garbage-first heap   total 95232K, used 45547K [0x00000000e0000000, 0x0000000100000000)
  region size 1024K, 4 young (4096K), 4 survivors (4096K)
 Metaspace       used 21470K, capacity 21806K, committed 21888K, reserved 1069056K
  class space    used 2191K, capacity 2351K, committed 2432K, reserved 1048576K
}
Event: 3.247 GC heap before
{Heap before GC invocations=13 (full 0):
 garbage-first heap   total 95232K, used 71147K [0x00000000e0000000, 0x0000000100000000)
  region size 1024K, 30 young (30720K), 4 survivors (4096K)
 Metaspace       used 21728K, capacity 22030K, committed 22144K, reserved 1069056K
  class space    used 2225K, capacity 2383K, committed 2432K, reserved 1048576K
}
Event: 3.261 GC heap after
{Heap after GC invocations=14 (full 0):
 garbage-first heap   total 95232K, used 60316K [0x00000000e0000000, 0x0000000100000000)
  region size 1024K, 4 young (4096K), 4 survivors (4096K)
 Metaspace       used 21728K, capacity 22030K, committed 22144K, reserved 1069056K
  class space    used 2225K, capacity 2383K, committed 2432K, reserved 1048576K
}
Event: 3.279 GC heap before
{Heap before GC invocations=14 (full 0):
 garbage-first heap   total 95232K, used 70556K [0x00000000e0000000, 0x0000000100000000)
  region size 1024K, 15 young (15360K), 4 survivors (4096K)
 Metaspace       used 21732K, capacity 22030K, committed 22144K, reserved 1069056K
  class space    used 2225K, capacity 2383K, committed 2432K, reserved 1048576K
}
Event: 3.287 GC heap after
{Heap after GC invocations=15 (full 0):
 garbage-first heap   total 95232K, used 62976K [0x00000000e0000000, 0x0000000100000000)
  region size 1024K, 2 young (2048K), 2 survivors (2048K)
 Metaspace       used 21732K, capacity 22030K, committed 22144K, reserved 1069056K
  class space    used 2225K, capacity 2383K, committed 2432K, reserved 1048576K
}
Event: 3.319 GC heap before
{Heap before GC invocations=15 (full 0):
 garbage-first heap   total 95232K, used 72192K [0x00000000e0000000, 0x0000000100000000)
  region size 1024K, 12 young (12288K), 2 survivors (2048K)
 Metaspace       used 21736K, capacity 22030K, committed 22144K, reserved 1069056K
  class space    used 2225K, capacity 2383K, committed 2432K, reserved 1048576K
}
Event: 3.323 GC heap after
{Heap after GC invocations=16 (full 0):
 garbage-first heap   total 132096K, used 65024K [0x00000000e0000000, 0x0000000100000000)
  region size 1024K, 2 young (2048K), 2 survivors (2048K)
 Metaspace       used 21736K, capacity 22030K, committed 22144K, reserved 1069056K
  class space    used 2225K, capacity 2383K, committed 2432K, reserved 1048576K
}
Event: 3.370 GC heap before
{Heap before GC invocations=17 (full 0):
 garbage-first heap   total 132096K, used 87552K [0x00000000e0000000, 0x0000000100000000)
  region size 1024K, 25 young (25600K), 2 survivors (2048K)
 Metaspace       used 21745K, capacity 22030K, committed 22144K, reserved 1069056K
  class space    used 2225K, capacity 2383K, committed 2432K, reserved 1048576K
}
Event: 3.375 GC heap after
{Heap after GC invocations=18 (full 0):
 garbage-first heap   total 132096K, used 68608K [0x00000000e0000000, 0x0000000100000000)
  region size 1024K, 4 young (4096K), 4 survivors (4096K)
 Metaspace       used 21745K, capacity 22030K, committed 22144K, reserved 1069056K
  class space    used 2225K, capacity 2383K, committed 2432K, reserved 1048576K
}
Event: 3.376 GC heap before
{Heap before GC invocations=18 (full 0):
 garbage-first heap   total 132096K, used 70656K [0x00000000e0000000, 0x0000000100000000)
  region size 1024K, 6 young (6144K), 4 survivors (4096K)
 Metaspace       used 21745K, capacity 22030K, committed 22144K, reserved 1069056K
  class space    used 2225K, capacity 2383K, committed 2432K, reserved 1048576K
}
Event: 3.384 GC heap after
{Heap after GC invocations=19 (full 0):
 garbage-first heap   total 132096K, used 62366K [0x00000000e0000000, 0x0000000100000000)
  region size 1024K, 1 young (1024K), 1 survivors (1024K)
 Metaspace       used 21745K, capacity 22030K, committed 22144K, reserved 1069056K
  class space    used 2225K, capacity 2383K, committed 2432K, reserved 1048576K
}
Event: 3.422 GC heap before
{Heap before GC invocations=19 (full 0):
 garbage-first heap   total 132096K, used 88990K [0x00000000e0000000, 0x0000000100000000)
  region size 1024K, 27 young (27648K), 1 survivors (1024K)
 Metaspace       used 21745K, capacity 22030K, committed 22144K, reserved 1069056K
  class space    used 2225K, capacity 2383K, committed 2432K, reserved 1048576K
}
Event: 3.427 GC heap after
{Heap after GC invocations=20 (full 0):
 garbage-first heap   total 132096K, used 70656K [0x00000000e0000000, 0x0000000100000000)
  region size 1024K, 4 young (4096K), 4 survivors (4096K)
 Metaspace       used 21745K, capacity 22030K, committed 22144K, reserved 1069056K
  class space    used 2225K, capacity 2383K, committed 2432K, reserved 1048576K
}
Event: 3.614 GC heap before
{Heap before GC invocations=21 (full 0):
 garbage-first heap   total 132096K, used 94208K [0x00000000e0000000, 0x0000000100000000)
  region size 1024K, 27 young (27648K), 4 survivors (4096K)
 Metaspace       used 23671K, capacity 24053K, committed 24192K, reserved 1071104K
  class space    used 2470K, capacity 2627K, committed 2688K, reserved 1048576K
}
Event: 3.620 GC heap after
{Heap after GC invocations=22 (full 0):
 garbage-first heap   total 132096K, used 80380K [0x00000000e0000000, 0x0000000100000000)
  region size 1024K, 4 young (4096K), 4 survivors (4096K)
 Metaspace       used 23671K, capacity 24053K, committed 24192K, reserved 1071104K
  class space    used 2470K, capacity 2627K, committed 2688K, reserved 1048576K
}
Event: 3.649 GC heap before
{Heap before GC invocations=22 (full 0):
 garbage-first heap   total 132096K, used 82428K [0x00000000e0000000, 0x0000000100000000)
  region size 1024K, 6 young (6144K), 4 survivors (4096K)
 Metaspace       used 23937K, capacity 24278K, committed 24448K, reserved 1071104K
  class space    used 2497K, capacity 2659K, committed 2688K, reserved 1048576K
}
Event: 3.652 GC heap after
{Heap after GC invocations=23 (full 0):
 garbage-first heap   total 132096K, used 81018K [0x00000000e0000000, 0x0000000100000000)
  region size 1024K, 1 young (1024K), 1 survivors (1024K)
 Metaspace       used 23937K, capacity 24278K, committed 24448K, reserved 1071104K
  class space    used 2497K, capacity 2659K, committed 2688K, reserved 1048576K
}
Event: 3.963 GC heap before
{Heap before GC invocations=23 (full 0):
 garbage-first heap   total 132096K, used 99450K [0x00000000e0000000, 0x0000000100000000)
  region size 1024K, 19 young (19456K), 1 survivors (1024K)
 Metaspace       used 25763K, capacity 26160K, committed 26240K, reserved 1073152K
  class space    used 2685K, capacity 2879K, committed 2944K, reserved 1048576K
}
Event: 3.967 GC heap after
{Heap after GC invocations=24 (full 0):
 garbage-first heap   total 150528K, used 82538K [0x00000000e0000000, 0x0000000100000000)
  region size 1024K, 3 young (3072K), 3 survivors (3072K)
 Metaspace       used 25763K, capacity 26160K, committed 26240K, reserved 1073152K
  class space    used 2685K, capacity 2879K, committed 2944K, reserved 1048576K
}

Deoptimization events (20 events):
Event: 4.037 Thread 0x000001e220b86000 DEOPT PACKING pc=0x000001e20f680aa4 sp=0x0000000a000fde00
Event: 4.037 Thread 0x000001e220b86000 DEOPT UNPACKING pc=0x000001e2079f85af sp=0x0000000a000fddc0 mode 2
Event: 4.128 Thread 0x000001e220b86000 Uncommon trap: trap_request=0xffffff4d fr.pc=0x000001e20f7319a0 relative=0x0000000000001f80
Event: 4.128 Thread 0x000001e220b86000 Uncommon trap: reason=unstable_if action=reinterpret pc=0x000001e20f7319a0 method=java.util.regex.Pattern.escape(ZZZ)I @ 8 c2
Event: 4.128 Thread 0x000001e220b86000 DEOPT PACKING pc=0x000001e20f7319a0 sp=0x0000000a000fe110
Event: 4.128 Thread 0x000001e220b86000 DEOPT UNPACKING pc=0x000001e2079f85af sp=0x0000000a000fe0c0 mode 2
Event: 4.135 Thread 0x000001e220b86000 DEOPT PACKING pc=0x000001e20849a06f sp=0x0000000a000fe500
Event: 4.135 Thread 0x000001e220b86000 DEOPT UNPACKING pc=0x000001e207a39d0e sp=0x0000000a000fd9c8 mode 0
Event: 4.136 Thread 0x000001e220b86000 DEOPT PACKING pc=0x000001e20849a06f sp=0x0000000a000fe500
Event: 4.136 Thread 0x000001e220b86000 DEOPT UNPACKING pc=0x000001e207a39d0e sp=0x0000000a000fd9c8 mode 0
Event: 4.136 Thread 0x000001e220b86000 DEOPT PACKING pc=0x000001e20849a06f sp=0x0000000a000fe500
Event: 4.136 Thread 0x000001e220b86000 DEOPT UNPACKING pc=0x000001e207a39d0e sp=0x0000000a000fd9c8 mode 0
Event: 4.144 Thread 0x000001e220b86000 Uncommon trap: trap_request=0xffffff4d fr.pc=0x000001e20f6ba590 relative=0x0000000000000370
Event: 4.144 Thread 0x000001e220b86000 Uncommon trap: reason=unstable_if action=reinterpret pc=0x000001e20f6ba590 method=java.lang.String.indexOf(Ljava/lang/String;)I @ 48 c2
Event: 4.144 Thread 0x000001e220b86000 DEOPT PACKING pc=0x000001e20f6ba590 sp=0x0000000a000fe610
Event: 4.144 Thread 0x000001e220b86000 DEOPT UNPACKING pc=0x000001e2079f85af sp=0x0000000a000fe548 mode 2
Event: 4.144 Thread 0x000001e220b86000 Uncommon trap: trap_request=0xffffff4d fr.pc=0x000001e20f5581e0 relative=0x0000000000000340
Event: 4.144 Thread 0x000001e220b86000 Uncommon trap: reason=unstable_if action=reinterpret pc=0x000001e20f5581e0 method=java.lang.String.indexOf(Ljava/lang/String;)I @ 48 c2
Event: 4.144 Thread 0x000001e220b86000 DEOPT PACKING pc=0x000001e20f5581e0 sp=0x0000000a000fe500
Event: 4.144 Thread 0x000001e220b86000 DEOPT UNPACKING pc=0x000001e2079f85af sp=0x0000000a000fe4a0 mode 2

Classes redefined (0 events):
No events

Internal exceptions (20 events):
Event: 0.418 Thread 0x000001e20509e800 Exception <a 'java/lang/NullPointerException'{0x00000000e38994b0}> (0x00000000e38994b0) thrown at [./src/hotspot/share/interpreter/linkResolver.cpp, line 1358]
Event: 0.418 Thread 0x000001e20509e800 Exception <a 'java/lang/NullPointerException'{0x00000000e3899780}> (0x00000000e3899780) thrown at [./src/hotspot/share/interpreter/linkResolver.cpp, line 1358]
Event: 0.957 Thread 0x000001e20509e800 Exception <a 'java/lang/NoClassDefFoundError'{0x00000000e3baedf0}: org/apache/log4j/Priority> (0x00000000e3baedf0) thrown at [./src/hotspot/share/classfile/systemDictionary.cpp, line 220]
Event: 0.980 Thread 0x000001e20509e800 Exception <a 'java/lang/NoSuchMethodError'{0x00000000e3a54248}: 'java.lang.Object java.lang.invoke.DirectMethodHandle$Holder.invokeStatic(java.lang.Object, java.lang.Object, java.lang.Object, java.lang.Object, java.lang.Object, java.lang.Object, java.lang.Object, java.lang.Object, java.lang.Object, java.lang.Object, java.lang.Object, java.lang.Object, java.lang.Object, java.lang.Object, java.lang.Object)'> (0x00000000e3a54248) thrown at [./src/hotspot/share/interpreter/linkResolver.cpp, line 773]
Event: 0.981 Thread 0x000001e20509e800 Exception <a 'java/lang/NoSuchMethodError'{0x00000000e3a61fe0}: 'java.lang.Object java.lang.invoke.DirectMethodHandle$Holder.invokeStatic(java.lang.Object, java.lang.Object, java.lang.Object, java.lang.Object, java.lang.Object, java.lang.Object, java.lang.Object, java.lang.Object, java.lang.Object, java.lang.Object, java.lang.Object, java.lang.Object, java.lang.Object, java.lang.Object, java.lang.Object, java.lang.Object)'> (0x00000000e3a61fe0) thrown at [./src/hotspot/share/interpreter/linkResolver.cpp, l
Event: 0.982 Thread 0x000001e20509e800 Exception <a 'java/lang/NoSuchMethodError'{0x00000000e3a6fc50}: 'java.lang.Object java.lang.invoke.DirectMethodHandle$Holder.invokeSpecial(java.lang.Object, java.lang.Object, int, int, java.lang.Object, java.lang.Object, java.lang.Object)'> (0x00000000e3a6fc50) thrown at [./src/hotspot/share/interpreter/linkResolver.cpp, line 773]
Event: 0.982 Thread 0x000001e20509e800 Exception <a 'java/lang/NoSuchMethodError'{0x00000000e3a731e0}: 'java.lang.Object java.lang.invoke.DelegatingMethodHandle$Holder.reinvoke_L(java.lang.Object, int, int, java.lang.Object, java.lang.Object, java.lang.Object)'> (0x00000000e3a731e0) thrown at [./src/hotspot/share/interpreter/linkResolver.cpp, line 773]
Event: 0.983 Thread 0x000001e20509e800 Exception <a 'java/lang/NoSuchMethodError'{0x00000000e3a77568}: 'java.lang.Object java.lang.invoke.DirectMethodHandle$Holder.invokeStatic(java.lang.Object, java.lang.Object, java.lang.Object, java.lang.Object, int)'> (0x00000000e3a77568) thrown at [./src/hotspot/share/interpreter/linkResolver.cpp, line 773]
Event: 1.036 Thread 0x000001e20509e800 Exception <a 'java/lang/ClassNotFoundException'{0x00000000e39b3020}: com/sun/org/apache/xerces/internal/impl/xpath/regex/spi/messageProvider> (0x00000000e39b3020) thrown at [./src/hotspot/share/classfile/systemDictionary.cpp, line 231]
Event: 1.251 Thread 0x000001e20509e800 Exception <a 'java/lang/NoSuchMethodError'{0x00000000e2a33588}: 'java.lang.Object java.lang.invoke.DirectMethodHandle$Holder.invokeVirtual(java.lang.Object, java.lang.Object, java.lang.Object, java.lang.Object)'> (0x00000000e2a33588) thrown at [./src/hotspot/share/interpreter/linkResolver.cpp, line 773]
Event: 1.388 Thread 0x000001e20509e800 Exception <a 'java/lang/NoSuchMethodError'{0x00000000e36ab160}: 'int java.lang.invoke.DirectMethodHandle$Holder.invokeVirtual(java.lang.Object, java.lang.Object, java.lang.Object)'> (0x00000000e36ab160) thrown at [./src/hotspot/share/interpreter/linkResolver.cpp, line 773]
Event: 1.388 Thread 0x000001e20509e800 Exception <a 'java/lang/NoSuchMethodError'{0x00000000e36b10c8}: 'java.lang.Object java.lang.invoke.DirectMethodHandle$Holder.invokeVirtual(java.lang.Object, java.lang.Object, java.lang.Object)'> (0x00000000e36b10c8) thrown at [./src/hotspot/share/interpreter/linkResolver.cpp, line 773]
Event: 3.558 Thread 0x000001e20509e800 Exception <a 'java/lang/NoSuchMethodError'{0x00000000e6edc570}: 'void java.lang.invoke.DirectMethodHandle$Holder.invokeSpecial(java.lang.Object, java.lang.Object, java.lang.Object, java.lang.Object)'> (0x00000000e6edc570) thrown at [./src/hotspot/share/interpreter/linkResolver.cpp, line 773]
Event: 3.674 Thread 0x000001e222067000 Exception <a 'java/lang/ClassNotFoundException'{0x00000000e7f8ce10}: sun/util/logging/resources/spi/loggingProvider> (0x00000000e7f8ce10) thrown at [./src/hotspot/share/classfile/systemDictionary.cpp, line 231]
Event: 3.715 Thread 0x000001e222067000 Implicit null exception at 0x000001e20f6c36fc to 0x000001e20f6c3998
Event: 3.736 Thread 0x000001e220b86000 Exception <a 'java/lang/NoSuchMethodError'{0x00000000e7a86398}: 'int java.lang.invoke.DirectMethodHandle$Holder.invokeSpecialIFC(java.lang.Object, java.lang.Object, java.lang.Object, java.lang.Object)'> (0x00000000e7a86398) thrown at [./src/hotspot/share/interpreter/linkResolver.cpp, line 773]
Event: 3.941 Thread 0x000001e220b86000 Exception <a 'java/lang/NoSuchMethodError'{0x00000000e7286900}: 'java.lang.Object java.lang.invoke.DirectMethodHandle$Holder.invokeStatic(java.lang.Object, java.lang.Object, java.lang.Object, java.lang.Object, java.lang.Object, java.lang.Object, java.lang.Object, java.lang.Object, java.lang.Object, java.lang.Object, java.lang.Object, int)'> (0x00000000e7286900) thrown at [./src/hotspot/share/interpreter/linkResolver.cpp, line 773]
Event: 3.943 Thread 0x000001e220b86000 Exception <a 'java/lang/NoSuchMethodError'{0x00000000e72a4828}: 'java.lang.Object java.lang.invoke.DirectMethodHandle$Holder.invokeStatic(java.lang.Object, java.lang.Object, java.lang.Object, java.lang.Object, java.lang.Object, java.lang.Object, java.lang.Object, java.lang.Object, java.lang.Object, java.lang.Object, java.lang.Object, int, int)'> (0x00000000e72a4828) thrown at [./src/hotspot/share/interpreter/linkResolver.cpp, line 773]
Event: 3.948 Thread 0x000001e220b86000 Exception <a 'java/lang/NoSuchMethodError'{0x00000000e72c3818}: 'java.lang.Object java.lang.invoke.DirectMethodHandle$Holder.invokeStatic(java.lang.Object, java.lang.Object, java.lang.Object, java.lang.Object, java.lang.Object, java.lang.Object, java.lang.Object, java.lang.Object, java.lang.Object, java.lang.Object, java.lang.Object, int, int, java.lang.Object)'> (0x00000000e72c3818) thrown at [./src/hotspot/share/interpreter/linkResolver.cpp, line 773]
Event: 3.950 Thread 0x000001e220b86000 Exception <a 'java/lang/NoSuchMethodError'{0x00000000e72e3c30}: 'java.lang.Object java.lang.invoke.DirectMethodHandle$Holder.invokeStatic(java.lang.Object, java.lang.Object, java.lang.Object, java.lang.Object, java.lang.Object, java.lang.Object, java.lang.Object, java.lang.Object, java.lang.Object, java.lang.Object, java.lang.Object, int, int, java.lang.Object, java.lang.Object)'> (0x00000000e72e3c30) thrown at [./src/hotspot/share/interpreter/linkResolver.cpp, line 773]

Events (20 events):
Event: 4.146 loading class org/languagetool/tagging/MorfologikTagger
Event: 4.146 loading class org/languagetool/tagging/MorfologikTagger done
Event: 4.147 loading class morfologik/stemming/IStemmer
Event: 4.147 loading class morfologik/stemming/IStemmer done
Event: 4.147 Executing VM operation: RevokeBias
Event: 4.147 Executing VM operation: RevokeBias done
Event: 4.147 Executing VM operation: RevokeBias
Event: 4.147 Executing VM operation: RevokeBias done
Event: 4.148 Executing VM operation: RevokeBias
Event: 4.149 Executing VM operation: RevokeBias done
Event: 4.149 Executing VM operation: RevokeBias
Event: 4.149 Executing VM operation: RevokeBias done
Event: 4.149 loading class java/util/Vector$1
Event: 4.149 loading class java/util/Vector$1 done
Event: 4.149 loading class org/languagetool/tagging/ManualTagger
Event: 4.149 loading class org/languagetool/tagging/ManualTagger done
Event: 4.150 loading class org/languagetool/tools/MostlySingularMultiMap
Event: 4.150 loading class org/languagetool/tools/MostlySingularMultiMap done
Event: 4.151 loading class org/languagetool/tagging/TaggedWord
Event: 4.151 loading class org/languagetool/tagging/TaggedWord done


Dynamic libraries:
0x00007ff668630000 - 0x00007ff66863d000 	c:\Users\Rothschild\.vscode\extensions\valentjn.vscode-ltex-13.1.0\lib\ltex-ls-15.2.0\jdk-11.0.12+7\bin\java.exe
0x00007ff98b0b0000 - 0x00007ff98b2c4000 	C:\WINDOWS\SYSTEM32\ntdll.dll
0x00007ff98a5a0000 - 0x00007ff98a662000 	C:\WINDOWS\System32\KERNEL32.DLL
0x00007ff9886c0000 - 0x00007ff988a63000 	C:\WINDOWS\System32\KERNELBASE.dll
0x00007ff9884e0000 - 0x00007ff9885f1000 	C:\WINDOWS\System32\ucrtbase.dll
0x00007ff97f2e0000 - 0x00007ff97f2f5000 	c:\Users\Rothschild\.vscode\extensions\valentjn.vscode-ltex-13.1.0\lib\ltex-ls-15.2.0\jdk-11.0.12+7\bin\VCRUNTIME140.dll
0x00007ff978db0000 - 0x00007ff978dc7000 	c:\Users\Rothschild\.vscode\extensions\valentjn.vscode-ltex-13.1.0\lib\ltex-ls-15.2.0\jdk-11.0.12+7\bin\jli.dll
0x00007ff989ee0000 - 0x00007ff98a08b000 	C:\WINDOWS\System32\USER32.dll
0x00007ff9884b0000 - 0x00007ff9884d6000 	C:\WINDOWS\System32\win32u.dll
0x00007ff98aef0000 - 0x00007ff98af19000 	C:\WINDOWS\System32\GDI32.dll
0x00007ff96a6d0000 - 0x00007ff96a95e000 	C:\WINDOWS\WinSxS\amd64_microsoft.windows.common-controls_6595b64144ccf1df_6.0.22621.1465_none_271271ab738361f1\COMCTL32.dll
0x00007ff988c60000 - 0x00007ff988d79000 	C:\WINDOWS\System32\gdi32full.dll
0x00007ff98ac60000 - 0x00007ff98ad07000 	C:\WINDOWS\System32\msvcrt.dll
0x00007ff988df0000 - 0x00007ff988e8a000 	C:\WINDOWS\System32\msvcp_win.dll
0x00007ff98b030000 - 0x00007ff98b061000 	C:\WINDOWS\System32\IMM32.DLL
0x00007ff943960000 - 0x00007ff9439fb000 	c:\Users\Rothschild\.vscode\extensions\valentjn.vscode-ltex-13.1.0\lib\ltex-ls-15.2.0\jdk-11.0.12+7\bin\msvcp140.dll
0x00007ff91c830000 - 0x00007ff91d389000 	c:\Users\Rothschild\.vscode\extensions\valentjn.vscode-ltex-13.1.0\lib\ltex-ls-15.2.0\jdk-11.0.12+7\bin\server\jvm.dll
0x00007ff98a250000 - 0x00007ff98a2fe000 	C:\WINDOWS\System32\ADVAPI32.dll
0x00007ff988fe0000 - 0x00007ff989084000 	C:\WINDOWS\System32\sechost.dll
0x00007ff988ec0000 - 0x00007ff988fd7000 	C:\WINDOWS\System32\RPCRT4.dll
0x00007ff988eb0000 - 0x00007ff988eb8000 	C:\WINDOWS\System32\PSAPI.DLL
0x00007ff966970000 - 0x00007ff966979000 	C:\WINDOWS\SYSTEM32\WSOCK32.dll
0x00007ff98a490000 - 0x00007ff98a501000 	C:\WINDOWS\System32\WS2_32.dll
0x00007ff97f4c0000 - 0x00007ff97f4f4000 	C:\WINDOWS\SYSTEM32\WINMM.dll
0x00007ff976a40000 - 0x00007ff976a4a000 	C:\WINDOWS\SYSTEM32\VERSION.dll
0x00007ff9874c0000 - 0x00007ff9874d8000 	C:\WINDOWS\SYSTEM32\kernel.appcore.dll
0x00007ff983e60000 - 0x00007ff983e70000 	c:\Users\Rothschild\.vscode\extensions\valentjn.vscode-ltex-13.1.0\lib\ltex-ls-15.2.0\jdk-11.0.12+7\bin\verify.dll
0x00007ff985f30000 - 0x00007ff98615e000 	C:\WINDOWS\SYSTEM32\DBGHELP.DLL
0x00007ff98a8d0000 - 0x00007ff98ac59000 	C:\WINDOWS\System32\combase.dll
0x00007ff98ae10000 - 0x00007ff98aee7000 	C:\WINDOWS\System32\OLEAUT32.dll
0x00007ff97f500000 - 0x00007ff97f532000 	C:\WINDOWS\SYSTEM32\dbgcore.DLL
0x00007ff988be0000 - 0x00007ff988c5b000 	C:\WINDOWS\System32\bcryptPrimitives.dll
0x00007ff969d70000 - 0x00007ff969d98000 	c:\Users\Rothschild\.vscode\extensions\valentjn.vscode-ltex-13.1.0\lib\ltex-ls-15.2.0\jdk-11.0.12+7\bin\java.dll
0x00007ff97f470000 - 0x00007ff97f47a000 	c:\Users\Rothschild\.vscode\extensions\valentjn.vscode-ltex-13.1.0\lib\ltex-ls-15.2.0\jdk-11.0.12+7\bin\jimage.dll
0x00007ff969d50000 - 0x00007ff969d67000 	c:\Users\Rothschild\.vscode\extensions\valentjn.vscode-ltex-13.1.0\lib\ltex-ls-15.2.0\jdk-11.0.12+7\bin\zip.dll
0x00007ff9891b0000 - 0x00007ff9899aa000 	C:\WINDOWS\System32\SHELL32.dll
0x00007ff986460000 - 0x00007ff986d2e000 	C:\WINDOWS\SYSTEM32\windows.storage.dll
0x00007ff986320000 - 0x00007ff98645e000 	C:\WINDOWS\SYSTEM32\wintypes.dll
0x00007ff98ad10000 - 0x00007ff98ae01000 	C:\WINDOWS\System32\SHCORE.dll
0x00007ff98a810000 - 0x00007ff98a86e000 	C:\WINDOWS\System32\shlwapi.dll
0x00007ff9883e0000 - 0x00007ff988401000 	C:\WINDOWS\SYSTEM32\profapi.dll
0x00007ff959cc0000 - 0x00007ff959cd9000 	C:\Users\Rothschild\.vscode\extensions\valentjn.vscode-ltex-13.1.0\lib\ltex-ls-15.2.0\jdk-11.0.12+7\bin\net.dll
0x00007ff97d530000 - 0x00007ff97d667000 	C:\WINDOWS\SYSTEM32\WINHTTP.dll
0x00007ff987930000 - 0x00007ff987999000 	C:\WINDOWS\system32\mswsock.dll
0x00007ff953610000 - 0x00007ff953622000 	C:\Users\Rothschild\.vscode\extensions\valentjn.vscode-ltex-13.1.0\lib\ltex-ls-15.2.0\jdk-11.0.12+7\bin\nio.dll
0x0000000069ac0000 - 0x0000000069ae4000 	C:\Windows\Temp\jansi-2.4.0-331b56dd46b5a6b8-jansi.dll

dbghelp: loaded successfully - version: 4.0.5 - missing functions: none
symbol engine: initialized successfully - sym options: 0x614 - pdb path: .;c:\Users\Rothschild\.vscode\extensions\valentjn.vscode-ltex-13.1.0\lib\ltex-ls-15.2.0\jdk-11.0.12+7\bin;C:\WINDOWS\SYSTEM32;C:\WINDOWS\WinSxS\amd64_microsoft.windows.common-controls_6595b64144ccf1df_6.0.22621.1465_none_271271ab738361f1;c:\Users\Rothschild\.vscode\extensions\valentjn.vscode-ltex-13.1.0\lib\ltex-ls-15.2.0\jdk-11.0.12+7\bin\server;C:\Windows\Temp

VM Arguments:
jvm_args: -Xms64m -Xmx512m -Dapp.name=ltex-ls -Dapp.repo=c:\Users\Rothschild\.vscode\extensions\valentjn.vscode-ltex-13.1.0\lib\ltex-ls-15.2.0\lib -Dapp.home=c:\Users\Rothschild\.vscode\extensions\valentjn.vscode-ltex-13.1.0\lib\ltex-ls-15.2.0 -Dbasedir=c:\Users\Rothschild\.vscode\extensions\valentjn.vscode-ltex-13.1.0\lib\ltex-ls-15.2.0 
java_command: org.bsplines.ltexls.LtexLanguageServerLauncher
java_class_path (initial): c:\Users\Rothschild\.vscode\extensions\valentjn.vscode-ltex-13.1.0\lib\ltex-ls-15.2.0\etc;c:\Users\Rothschild\.vscode\extensions\valentjn.vscode-ltex-13.1.0\lib\ltex-ls-15.2.0\lib\aho-corasick-double-array-trie-1.2.2.jar;c:\Users\Rothschild\.vscode\extensions\valentjn.vscode-ltex-13.1.0\lib\ltex-ls-15.2.0\lib\animal-sniffer-annotations-1.17.jar;c:\Users\Rothschild\.vscode\extensions\valentjn.vscode-ltex-13.1.0\lib\ltex-ls-15.2.0\lib\annotations-12.0.jar;c:\Users\Rothschild\.vscode\extensions\valentjn.vscode-ltex-13.1.0\lib\ltex-ls-15.2.0\lib\annotations-13.0.jar;c:\Users\Rothschild\.vscode\extensions\valentjn.vscode-ltex-13.1.0\lib\ltex-ls-15.2.0\lib\annotations-20.1.0.jar;c:\Users\Rothschild\.vscode\extensions\valentjn.vscode-ltex-13.1.0\lib\ltex-ls-15.2.0\lib\annotations-4.1.1.4.jar;c:\Users\Rothschild\.vscode\extensions\valentjn.vscode-ltex-13.1.0\lib\ltex-ls-15.2.0\lib\bridj-0.7.0.jar;c:\Users\Rothschild\.vscode\extensions\valentjn.vscode-ltex-13.1.0\lib\ltex-ls-15.2.0\lib\catalan-pos-dict-2.16.jar;c:\Users\Rothschild\.vscode\extensions\valentjn.vscode-ltex-13.1.0\lib\ltex-ls-15.2.0\lib\checker-qual-2.5.2.jar;c:\Users\Rothschild\.vscode\extensions\valentjn.vscode-ltex-13.1.0\lib\ltex-ls-15.2.0\lib\checker-qual-3.5.0.jar;c:\Users\Rothschild\.vscode\extensions\valentjn.vscode-ltex-13.1.0\lib\ltex-ls-15.2.0\lib\cjftransform-1.0.1.jar;c:\Users\Rothschild\.vscode\extensions\valentjn.vscode-ltex-13.1.0\lib\ltex-ls-15.2.0\lib\commons-lang3-3.11.jar;c:\Users\Rothschild\.vscode\extensions\valentjn.vscode-ltex-13.1.0\lib\ltex-ls-15.2.0\lib\commons-logging-1.2.jar;c:\Users\Rothschild\.vscode\extensions\valentjn.vscode-ltex-13.1.0\lib\ltex-ls-15.2.0\lib\commons-pool2-2.9.0.jar;c:\Users\Rothschild\.vscode\extensions\valentjn.vscode-ltex-13.1.0\lib\ltex-ls-15.2.0\lib\commons-text-1.9.jar;c:\Users\Rothschild\.vscode\extensions\valentjn.vscode-ltex-13.1.0\lib\ltex-ls-15.2.0\lib\dx-1.7.jar;c:\Users\Rothschild\.vscode\extensions\valentjn.vscode-ltex-1
Launcher Type: SUN_STANDARD

[Global flags]
     intx CICompilerCount                          = 4                                         {product} {ergonomic}
     uint ConcGCThreads                            = 2                                         {product} {ergonomic}
     uint G1ConcRefinementThreads                  = 8                                         {product} {ergonomic}
   size_t G1HeapRegionSize                         = 1048576                                   {product} {ergonomic}
    uintx GCDrainStackTargetSize                   = 64                                        {product} {ergonomic}
   size_t InitialHeapSize                          = 67108864                                  {product} {command line}
   size_t MarkStackSize                            = 4194304                                   {product} {ergonomic}
   size_t MaxHeapSize                              = 536870912                                 {product} {command line}
   size_t MaxNewSize                               = 321912832                                 {product} {ergonomic}
   size_t MinHeapDeltaBytes                        = 1048576                                   {product} {ergonomic}
    uintx NonNMethodCodeHeapSize                   = 5836300                                {pd product} {ergonomic}
    uintx NonProfiledCodeHeapSize                  = 122910970                              {pd product} {ergonomic}
    uintx ProfiledCodeHeapSize                     = 122910970                              {pd product} {ergonomic}
    uintx ReservedCodeCacheSize                    = 251658240                              {pd product} {ergonomic}
     bool SegmentedCodeCache                       = true                                      {product} {ergonomic}
     bool UseCompressedClassPointers               = true                                 {lp64_product} {ergonomic}
     bool UseCompressedOops                        = true                                 {lp64_product} {ergonomic}
     bool UseG1GC                                  = true                                      {product} {ergonomic}
     bool UseLargePagesIndividualAllocation        = false                                  {pd product} {ergonomic}

Logging:
Log output configuration:
 #0: stdout all=warning uptime,level,tags
 #1: stderr all=off uptime,level,tags

Environment Variables:
JAVA_HOME=c:\Users\Rothschild\.vscode\extensions\valentjn.vscode-ltex-13.1.0\lib\ltex-ls-15.2.0\jdk-11.0.12+7
CLASSPATH="c:\Users\Rothschild\.vscode\extensions\valentjn.vscode-ltex-13.1.0\lib\ltex-ls-15.2.0"\etc;"c:\Users\Rothschild\.vscode\extensions\valentjn.vscode-ltex-13.1.0\lib\ltex-ls-15.2.0\lib"\*
PATH=D:\work\Anaconda\condabin;H:\study\LaTex\texlive\2023\bin\windows;C:\Program Files (x86)\Common Files\Oracle\Java\javapath;C:\WINDOWS\system32;C:\WINDOWS;C:\WINDOWS\System32\Wbem;C:\WINDOWS\System32\WindowsPowerShell\v1.0\;C:\WINDOWS\System32\OpenSSH\;D:\study software\lingo\lingo installation\;C:\Windows\SysWOW64;D:\work\latex\MiKTeX\miktex\bin\x64\;C:\Windows\System32;D:\texlive\installtlwindows.bat;C:\Windows\system32\cmd.exe;C:\system32\cmd.exe;D:\work\latex\CTex\UserData\miktex\bin;D:\work\latex\CTex\MiKTeX\miktex\bin;D:\work\latex\CTex\CTeX;D:\work\latex\CTex\CTeX\Packages\ctex\bin;D:\work\latex\CTex\CTeX\Packages\cct\bin;D:\work\latex\CTex\CTeX\Packages\ty\bin;D:\work\latex\CTex\Ghostscript\gs9.18\bin;D:\work\latex\CTex\GSview\gsview;D:\work\latex\CTex\WinEdt;H:\study\MATLAB2022a\bin;H:\study\texlive\2022\bin\win32;D:\work\Nodejs\;C:\ProgramData\chocolatey\bin;C:\Program Files\Microsoft SQL Server\150\Tools\Binn\;D:\work\Anaconda\Library\bin;D:\work\Anaconda;D:\work\Anaconda\Library\mingw-w64\bin;D:\work\Anaconda\Scripts;D:\work\Calibre\;H:\study\Matlab\runtime\win64;H:\study\Matlab\bin;D:\study software\python\Scripts\;D:\study software\python\;C:\Users\Rothschild\AppData\Local\Microsoft\WindowsApps;D:\装机软件\Bandizip\;D:\study software\pycharm\PyCharm Community Edition 2020.3.2\bin;;C:\windows\System32;G:\软件\Pycharm\PyCharm 2021.2.2\bin;;G:\软件\PycharmEdu\PyCharm Edu 2021.3.4\bin;;C:\Users\Rothschild\AppData\Roaming\npm;;D:\work\Microsoft VS Code\bin
USERNAME=Rothschild
OS=Windows_NT
PROCESSOR_IDENTIFIER=Intel64 Family 6 Model 140 Stepping 1, GenuineIntel



---------------  S Y S T E M  ---------------

OS: Windows 10 , 64 bit Build 22621 (10.0.22621.1825)
OS uptime: 0 days 8:50 hours
Hyper-V role detected

CPU:total 8 (initial active 8) (4 cores per cpu, 2 threads per core) family 6 model 140 stepping 1 microcode 0xa4, cmov, cx8, fxsr, mmx, sse, sse2, sse3, ssse3, sse4.1, sse4.2, popcnt, avx, avx2, aes, clmul, erms, 3dnowpref, lzcnt, ht, tsc, tscinvbit, bmi1, bmi2, adx, evex, sha, fma

Memory: 4k page, system-wide physical 16183M (2759M free)
TotalPageFile size 22183M (AvailPageFile size 5M)
current process WorkingSet (physical memory assigned to process): 276M, peak: 276M
current process commit charge ("private bytes"): 317M, peak: 320M

vm_info: OpenJDK 64-Bit Server VM (11.0.12+7) for windows-amd64 JRE (11.0.12+7), built on Jul 21 2021 16:23:49 by "" with unknown MS VC++:1916

END.
