#
# There is insufficient memory for the Java Runtime Environment to continue.
# Native memory allocation (malloc) failed to allocate 291056 bytes for Chunk::new
# Possible reasons:
#   The system is out of physical RAM or swap space
#   The process is running with CompressedOops enabled, and the Java Heap may be blocking the growth of the native heap
# Possible solutions:
#   Reduce memory load on the system
#   Increase physical memory or swap space
#   Check if swap backing store is full
#   Decrease Java heap size (-Xmx/-Xms)
#   Decrease number of Java threads
#   Decrease Java thread stack sizes (-Xss)
#   Set larger code cache with -XX:ReservedCodeCacheSize=
#   JVM is running with Unscaled Compressed Oops mode in which the Java heap is
#     placed in the first 4GB address space. The Java Heap base address is the
#     maximum limit for the native heap growth. Please use -XX:HeapBaseMinAddress
#     to set the Java Heap base and to place the Java Heap above 4GB virtual address.
# This output file may be truncated or incomplete.
#
#  Out of Memory Error (./src/hotspot/share/memory/arena.cpp:197), pid=40008, tid=972
#
# JRE version: OpenJDK Runtime Environment Temurin-11.0.12+7 (11.0.12+7) (build 11.0.12+7)
# Java VM: OpenJDK 64-Bit Server VM Temurin-11.0.12+7 (11.0.12+7, mixed mode, tiered, compressed oops, g1 gc, windows-amd64)
# No core dump will be written. Minidumps are not enabled by default on client versions of Windows
#

---------------  S U M M A R Y ------------

Command Line: -Xms64m -Xmx512m -Dapp.name=ltex-ls -Dapp.repo=c:\Users\Rothschild\.vscode\extensions\valentjn.vscode-ltex-13.1.0\lib\ltex-ls-15.2.0\lib -Dapp.home=c:\Users\Rothschild\.vscode\extensions\valentjn.vscode-ltex-13.1.0\lib\ltex-ls-15.2.0 -Dbasedir=c:\Users\Rothschild\.vscode\extensions\valentjn.vscode-ltex-13.1.0\lib\ltex-ls-15.2.0 org.bsplines.ltexls.LtexLanguageServerLauncher

Host: 11th Gen Intel(R) Core(TM) i5-1135G7 @ 2.40GHz, 8 cores, 15G,  Windows 10 , 64 bit Build 22621 (10.0.22621.1825)
Time: Mon Jun  5 17:40:40 2023 中国标准时间 elapsed time: 1.310815 seconds (0d 0h 0m 1s)

---------------  T H R E A D  ---------------

Current thread (0x0000023cc5228000):  JavaThread "C2 CompilerThread0" daemon [_thread_in_native, id=972, stack(0x000000594a300000,0x000000594a400000)]


Current CompileTask:
C2:   1311 1931       4       com.sun.org.apache.xerces.internal.impl.XMLEntityScanner::scanName (305 bytes)

Stack: [0x000000594a300000,0x000000594a400000]
Native frames: (J=compiled Java code, j=interpreted, Vv=VM code, C=native code)
V  [jvm.dll+0x601d0a]
V  [jvm.dll+0x78ab6e]
V  [jvm.dll+0x78c23f]
V  [jvm.dll+0x78c903]
V  [jvm.dll+0x24be68]
V  [jvm.dll+0xc219c]
V  [jvm.dll+0xc275c]
V  [jvm.dll+0x2bde24]
V  [jvm.dll+0x512bd9]
V  [jvm.dll+0x20d6ed]
V  [jvm.dll+0x207634]
V  [jvm.dll+0x2045da]
V  [jvm.dll+0x1898fc]
V  [jvm.dll+0x213d67]
V  [jvm.dll+0x211f2b]
V  [jvm.dll+0x74ec19]
V  [jvm.dll+0x747c84]
V  [jvm.dll+0x600ba6]
C  [ucrtbase.dll+0x29363]
C  [KERNEL32.DLL+0x126ad]
C  [ntdll.dll+0x5a9f8]


---------------  P R O C E S S  ---------------

Threads class SMR info:
_java_thread_list=0x0000023cc68001c0, length=12, elements={
0x0000023cacf9e000, 0x0000023cc51f8000, 0x0000023cc51fb000, 0x0000023cc5222000,
0x0000023cc5225000, 0x0000023cc5226000, 0x0000023cc5228000, 0x0000023cc5229800,
0x0000023cc522b000, 0x0000023cc5a80800, 0x0000023cc5c24800, 0x0000023cc7532800
}

Java Threads: ( => current thread )
  0x0000023cacf9e000 JavaThread "main" [_thread_in_Java, id=25400, stack(0x0000005949700000,0x0000005949800000)]
  0x0000023cc51f8000 JavaThread "Reference Handler" daemon [_thread_blocked, id=19752, stack(0x0000005949e00000,0x0000005949f00000)]
  0x0000023cc51fb000 JavaThread "Finalizer" daemon [_thread_blocked, id=34584, stack(0x0000005949f00000,0x000000594a000000)]
  0x0000023cc5222000 JavaThread "Signal Dispatcher" daemon [_thread_blocked, id=3560, stack(0x000000594a000000,0x000000594a100000)]
  0x0000023cc5225000 JavaThread "Attach Listener" daemon [_thread_blocked, id=17464, stack(0x000000594a100000,0x000000594a200000)]
  0x0000023cc5226000 JavaThread "Service Thread" daemon [_thread_blocked, id=25188, stack(0x000000594a200000,0x000000594a300000)]
=>0x0000023cc5228000 JavaThread "C2 CompilerThread0" daemon [_thread_in_native, id=972, stack(0x000000594a300000,0x000000594a400000)]
  0x0000023cc5229800 JavaThread "C1 CompilerThread0" daemon [_thread_in_native, id=38204, stack(0x000000594a400000,0x000000594a500000)]
  0x0000023cc522b000 JavaThread "Sweeper thread" daemon [_thread_blocked, id=7976, stack(0x000000594a500000,0x000000594a600000)]
  0x0000023cc5a80800 JavaThread "Common-Cleaner" daemon [_thread_blocked, id=38652, stack(0x000000594a700000,0x000000594a800000)]
  0x0000023cc5c24800 JavaThread "C2 CompilerThread1" daemon [_thread_in_native, id=10280, stack(0x000000594a800000,0x000000594a900000)]
  0x0000023cc7532800 JavaThread "C2 CompilerThread2" daemon [_thread_in_native, id=30344, stack(0x000000594aa00000,0x000000594ab00000)]

Other Threads:
  0x0000023cc51c8000 VMThread "VM Thread" [stack: 0x0000005949d00000,0x0000005949e00000] [id=37208]
  0x0000023cc5bf5800 WatcherThread [stack: 0x000000594a600000,0x000000594a700000] [id=17196]
  0x0000023cacfb2800 GCTaskThread "GC Thread#0" [stack: 0x0000005949800000,0x0000005949900000] [id=21640]
  0x0000023cc65c9800 GCTaskThread "GC Thread#1" [stack: 0x000000594a900000,0x000000594aa00000] [id=27304]
  0x0000023cacfc2800 ConcurrentGCThread "G1 Main Marker" [stack: 0x0000005949900000,0x0000005949a00000] [id=38552]
  0x0000023cacfc5000 ConcurrentGCThread "G1 Conc#0" [stack: 0x0000005949a00000,0x0000005949b00000] [id=40568]
  0x0000023cad055000 ConcurrentGCThread "G1 Refine#0" [stack: 0x0000005949b00000,0x0000005949c00000] [id=13332]
  0x0000023cad058800 ConcurrentGCThread "G1 Young RemSet Sampling" [stack: 0x0000005949c00000,0x0000005949d00000] [id=33752]

Threads with active compile tasks:
C2 CompilerThread0   1342 1931       4       com.sun.org.apache.xerces.internal.impl.XMLEntityScanner::scanName (305 bytes)
C1 CompilerThread0   1342 2112       3       org.languagetool.rules.patterns.Substrings::<init> (27 bytes)
C2 CompilerThread1   1343 2090       4       com.sun.org.apache.xerces.internal.impl.XMLEntityScanner::scanContent (690 bytes)
C2 CompilerThread2   1343 1913   !   4       com.sun.org.apache.xerces.internal.impl.XMLDocumentFragmentScannerImpl$FragmentContentDriver::next (2333 bytes)

VM state:not at safepoint (normal execution)

VM Mutex/Monitor currently owned by a thread: None

Heap address: 0x00000000e0000000, size: 512 MB, Compressed Oops mode: 32-bit
Narrow klass base: 0x0000000000000000, Narrow klass shift: 3
Compressed class space size: 1073741824 Address: 0x0000000100000000

Heap:
 garbage-first heap   total 65536K, used 32043K [0x00000000e0000000, 0x0000000100000000)
  region size 1024K, 27 young (27648K), 4 survivors (4096K)
 Metaspace       used 20278K, capacity 20632K, committed 20736K, reserved 1067008K
  class space    used 2047K, capacity 2215K, committed 2304K, reserved 1048576K
Heap Regions: E=young(eden), S=young(survivor), O=old, HS=humongous(starts), HC=humongous(continues), CS=collection set, F=free, A=archive, TAMS=top-at-mark-start (previous, next)
|   0|0x00000000e0000000, 0x00000000e0100000, 0x00000000e0100000|100%| O|  |TAMS 0x00000000e0000000, 0x00000000e0000000| Untracked 
|   1|0x00000000e0100000, 0x00000000e0200000, 0x00000000e0200000|100%| O|  |TAMS 0x00000000e0100000, 0x00000000e0100000| Untracked 
|   2|0x00000000e0200000, 0x00000000e0300000, 0x00000000e0300000|100%| O|  |TAMS 0x00000000e0200000, 0x00000000e0200000| Untracked 
|   3|0x00000000e0300000, 0x00000000e0400000, 0x00000000e0400000|100%| O|  |TAMS 0x00000000e0300000, 0x00000000e0300000| Untracked 
|   4|0x00000000e0400000, 0x00000000e0500000, 0x00000000e0500000|100%| O|  |TAMS 0x00000000e0400000, 0x00000000e0400000| Untracked 
|   5|0x00000000e0500000, 0x00000000e0600000, 0x00000000e0600000|100%| O|  |TAMS 0x00000000e0500000, 0x00000000e0500000| Untracked 
|   6|0x00000000e0600000, 0x00000000e0700000, 0x00000000e0700000|100%| O|  |TAMS 0x00000000e0600000, 0x00000000e0600000| Untracked 
|   7|0x00000000e0700000, 0x00000000e0700000, 0x00000000e0800000|  0%| F|  |TAMS 0x00000000e0700000, 0x00000000e0700000| Untracked 
|   8|0x00000000e0800000, 0x00000000e0800000, 0x00000000e0900000|  0%| F|  |TAMS 0x00000000e0800000, 0x00000000e0800000| Untracked 
|   9|0x00000000e0900000, 0x00000000e0900000, 0x00000000e0a00000|  0%| F|  |TAMS 0x00000000e0900000, 0x00000000e0900000| Untracked 
|  10|0x00000000e0a00000, 0x00000000e0a00000, 0x00000000e0b00000|  0%| F|  |TAMS 0x00000000e0a00000, 0x00000000e0a00000| Untracked 
|  11|0x00000000e0b00000, 0x00000000e0b00000, 0x00000000e0c00000|  0%| F|  |TAMS 0x00000000e0b00000, 0x00000000e0b00000| Untracked 
|  12|0x00000000e0c00000, 0x00000000e0c00000, 0x00000000e0d00000|  0%| F|  |TAMS 0x00000000e0c00000, 0x00000000e0c00000| Untracked 
|  13|0x00000000e0d00000, 0x00000000e0d00000, 0x00000000e0e00000|  0%| F|  |TAMS 0x00000000e0d00000, 0x00000000e0d00000| Untracked 
|  14|0x00000000e0e00000, 0x00000000e0e00000, 0x00000000e0f00000|  0%| F|  |TAMS 0x00000000e0e00000, 0x00000000e0e00000| Untracked 
|  15|0x00000000e0f00000, 0x00000000e0f00000, 0x00000000e1000000|  0%| F|  |TAMS 0x00000000e0f00000, 0x00000000e0f00000| Untracked 
|  16|0x00000000e1000000, 0x00000000e1000000, 0x00000000e1100000|  0%| F|  |TAMS 0x00000000e1000000, 0x00000000e1000000| Untracked 
|  17|0x00000000e1100000, 0x00000000e1100000, 0x00000000e1200000|  0%| F|  |TAMS 0x00000000e1100000, 0x00000000e1100000| Untracked 
|  18|0x00000000e1200000, 0x00000000e1200000, 0x00000000e1300000|  0%| F|  |TAMS 0x00000000e1200000, 0x00000000e1200000| Untracked 
|  19|0x00000000e1300000, 0x00000000e1300000, 0x00000000e1400000|  0%| F|  |TAMS 0x00000000e1300000, 0x00000000e1300000| Untracked 
|  20|0x00000000e1400000, 0x00000000e1400000, 0x00000000e1500000|  0%| F|  |TAMS 0x00000000e1400000, 0x00000000e1400000| Untracked 
|  21|0x00000000e1500000, 0x00000000e1500000, 0x00000000e1600000|  0%| F|  |TAMS 0x00000000e1500000, 0x00000000e1500000| Untracked 
|  22|0x00000000e1600000, 0x00000000e1600000, 0x00000000e1700000|  0%| F|  |TAMS 0x00000000e1600000, 0x00000000e1600000| Untracked 
|  23|0x00000000e1700000, 0x00000000e1700000, 0x00000000e1800000|  0%| F|  |TAMS 0x00000000e1700000, 0x00000000e1700000| Untracked 
|  24|0x00000000e1800000, 0x00000000e1800000, 0x00000000e1900000|  0%| F|  |TAMS 0x00000000e1800000, 0x00000000e1800000| Untracked 
|  25|0x00000000e1900000, 0x00000000e1900000, 0x00000000e1a00000|  0%| F|  |TAMS 0x00000000e1900000, 0x00000000e1900000| Untracked 
|  26|0x00000000e1a00000, 0x00000000e1a00000, 0x00000000e1b00000|  0%| F|  |TAMS 0x00000000e1a00000, 0x00000000e1a00000| Untracked 
|  27|0x00000000e1b00000, 0x00000000e1b00000, 0x00000000e1c00000|  0%| F|  |TAMS 0x00000000e1b00000, 0x00000000e1b00000| Untracked 
|  28|0x00000000e1c00000, 0x00000000e1c00000, 0x00000000e1d00000|  0%| F|  |TAMS 0x00000000e1c00000, 0x00000000e1c00000| Untracked 
|  29|0x00000000e1d00000, 0x00000000e1d00000, 0x00000000e1e00000|  0%| F|  |TAMS 0x00000000e1d00000, 0x00000000e1d00000| Untracked 
|  30|0x00000000e1e00000, 0x00000000e1e00000, 0x00000000e1f00000|  0%| F|  |TAMS 0x00000000e1e00000, 0x00000000e1e00000| Untracked 
|  31|0x00000000e1f00000, 0x00000000e1f00000, 0x00000000e2000000|  0%| F|  |TAMS 0x00000000e1f00000, 0x00000000e1f00000| Untracked 
|  32|0x00000000e2000000, 0x00000000e204acd0, 0x00000000e2100000| 29%| S|CS|TAMS 0x00000000e2000000, 0x00000000e2000000| Complete 
|  33|0x00000000e2100000, 0x00000000e2200000, 0x00000000e2200000|100%| S|CS|TAMS 0x00000000e2100000, 0x00000000e2100000| Complete 
|  34|0x00000000e2200000, 0x00000000e2300000, 0x00000000e2300000|100%| S|CS|TAMS 0x00000000e2200000, 0x00000000e2200000| Complete 
|  35|0x00000000e2300000, 0x00000000e2400000, 0x00000000e2400000|100%| S|CS|TAMS 0x00000000e2300000, 0x00000000e2300000| Complete 
|  36|0x00000000e2400000, 0x00000000e2400000, 0x00000000e2500000|  0%| F|  |TAMS 0x00000000e2400000, 0x00000000e2400000| Untracked 
|  37|0x00000000e2500000, 0x00000000e2500000, 0x00000000e2600000|  0%| F|  |TAMS 0x00000000e2500000, 0x00000000e2500000| Untracked 
|  38|0x00000000e2600000, 0x00000000e2600000, 0x00000000e2700000|  0%| F|  |TAMS 0x00000000e2600000, 0x00000000e2600000| Untracked 
|  39|0x00000000e2700000, 0x00000000e2700000, 0x00000000e2800000|  0%| F|  |TAMS 0x00000000e2700000, 0x00000000e2700000| Untracked 
|  40|0x00000000e2800000, 0x00000000e287a1b8, 0x00000000e2900000| 47%| E|  |TAMS 0x00000000e2800000, 0x00000000e2800000| Complete 
|  41|0x00000000e2900000, 0x00000000e2a00000, 0x00000000e2a00000|100%| E|CS|TAMS 0x00000000e2900000, 0x00000000e2900000| Complete 
|  42|0x00000000e2a00000, 0x00000000e2b00000, 0x00000000e2b00000|100%| E|CS|TAMS 0x00000000e2a00000, 0x00000000e2a00000| Complete 
|  43|0x00000000e2b00000, 0x00000000e2c00000, 0x00000000e2c00000|100%| E|CS|TAMS 0x00000000e2b00000, 0x00000000e2b00000| Complete 
|  44|0x00000000e2c00000, 0x00000000e2d00000, 0x00000000e2d00000|100%| E|CS|TAMS 0x00000000e2c00000, 0x00000000e2c00000| Complete 
|  45|0x00000000e2d00000, 0x00000000e2e00000, 0x00000000e2e00000|100%| E|CS|TAMS 0x00000000e2d00000, 0x00000000e2d00000| Complete 
|  46|0x00000000e2e00000, 0x00000000e2f00000, 0x00000000e2f00000|100%| E|CS|TAMS 0x00000000e2e00000, 0x00000000e2e00000| Complete 
|  47|0x00000000e2f00000, 0x00000000e3000000, 0x00000000e3000000|100%| E|CS|TAMS 0x00000000e2f00000, 0x00000000e2f00000| Complete 
|  48|0x00000000e3000000, 0x00000000e3100000, 0x00000000e3100000|100%| E|CS|TAMS 0x00000000e3000000, 0x00000000e3000000| Complete 
|  49|0x00000000e3100000, 0x00000000e3200000, 0x00000000e3200000|100%| E|CS|TAMS 0x00000000e3100000, 0x00000000e3100000| Complete 
|  50|0x00000000e3200000, 0x00000000e3300000, 0x00000000e3300000|100%| E|CS|TAMS 0x00000000e3200000, 0x00000000e3200000| Complete 
|  51|0x00000000e3300000, 0x00000000e3400000, 0x00000000e3400000|100%| E|CS|TAMS 0x00000000e3300000, 0x00000000e3300000| Complete 
|  52|0x00000000e3400000, 0x00000000e3500000, 0x00000000e3500000|100%| E|CS|TAMS 0x00000000e3400000, 0x00000000e3400000| Complete 
|  53|0x00000000e3500000, 0x00000000e3600000, 0x00000000e3600000|100%| E|CS|TAMS 0x00000000e3500000, 0x00000000e3500000| Complete 
|  54|0x00000000e3600000, 0x00000000e3700000, 0x00000000e3700000|100%| E|CS|TAMS 0x00000000e3600000, 0x00000000e3600000| Complete 
|  55|0x00000000e3700000, 0x00000000e3800000, 0x00000000e3800000|100%| E|CS|TAMS 0x00000000e3700000, 0x00000000e3700000| Complete 
|  56|0x00000000e3800000, 0x00000000e3900000, 0x00000000e3900000|100%| E|CS|TAMS 0x00000000e3800000, 0x00000000e3800000| Complete 
|  57|0x00000000e3900000, 0x00000000e3a00000, 0x00000000e3a00000|100%| E|CS|TAMS 0x00000000e3900000, 0x00000000e3900000| Complete 
|  58|0x00000000e3a00000, 0x00000000e3b00000, 0x00000000e3b00000|100%| E|CS|TAMS 0x00000000e3a00000, 0x00000000e3a00000| Complete 
|  59|0x00000000e3b00000, 0x00000000e3c00000, 0x00000000e3c00000|100%| E|CS|TAMS 0x00000000e3b00000, 0x00000000e3b00000| Complete 
|  60|0x00000000e3c00000, 0x00000000e3d00000, 0x00000000e3d00000|100%| E|CS|TAMS 0x00000000e3c00000, 0x00000000e3c00000| Complete 
|  61|0x00000000e3d00000, 0x00000000e3e00000, 0x00000000e3e00000|100%| E|CS|TAMS 0x00000000e3d00000, 0x00000000e3d00000| Complete 
|  62|0x00000000e3e00000, 0x00000000e3f00000, 0x00000000e3f00000|100%| E|CS|TAMS 0x00000000e3e00000, 0x00000000e3e00000| Complete 
|  63|0x00000000e3f00000, 0x00000000e4000000, 0x00000000e4000000|100%| E|  |TAMS 0x00000000e3f00000, 0x00000000e3f00000| Complete 

Card table byte_map: [0x0000023cc15c0000,0x0000023cc16c0000] _byte_map_base: 0x0000023cc0ec0000

Marking Bits (Prev, Next): (CMBitMap*) 0x0000023cacfbee28, (CMBitMap*) 0x0000023cacfbee60
 Prev Bits: [0x0000023cc17c0000, 0x0000023cc1fc0000)
 Next Bits: [0x0000023cc1fc0000, 0x0000023cc27c0000)

Polling page: 0x0000023caaf40000

Metaspace:

Usage:
  Non-class:     17.99 MB capacity,    17.81 MB (>99%) used,   148.31 KB ( <1%) free+waste,    34.88 KB ( <1%) overhead. 
      Class:      2.16 MB capacity,     2.00 MB ( 92%) used,   152.52 KB (  7%) free+waste,    14.94 KB ( <1%) overhead. 
       Both:     20.15 MB capacity,    19.81 MB ( 98%) used,   300.83 KB (  1%) free+waste,    49.81 KB ( <1%) overhead. 

Virtual space:
  Non-class space:       18.00 MB reserved,      18.00 MB (100%) committed 
      Class space:        1.00 GB reserved,       2.25 MB ( <1%) committed 
             Both:        1.02 GB reserved,      20.25 MB (  2%) committed 

Chunk freelists:
   Non-Class:  15.00 KB
       Class:  25.00 KB
        Both:  40.00 KB

MaxMetaspaceSize: 17179869184.00 GB
CompressedClassSpaceSize: 1.00 GB
Initial GC threshold: 20.80 MB
Current GC threshold: 20.80 MB
CDS: off

CodeHeap 'non-profiled nmethods': size=120000Kb used=891Kb max_used=891Kb free=119108Kb
 bounds [0x0000023cb9c50000, 0x0000023cb9ec0000, 0x0000023cc1180000]
CodeHeap 'profiled nmethods': size=120000Kb used=4651Kb max_used=4651Kb free=115349Kb
 bounds [0x0000023cb2720000, 0x0000023cb2bb0000, 0x0000023cb9c50000]
CodeHeap 'non-nmethods': size=5760Kb used=1228Kb max_used=1249Kb free=4532Kb
 bounds [0x0000023cb2180000, 0x0000023cb23f0000, 0x0000023cb2720000]
 total_blobs=2594 nmethods=2115 adapters=391
 compilation: enabled
              stopped_count=0, restarted_count=0
 full_count=0

Compilation events (20 events):
Event: 1.297 Thread 0x0000023cc5229800 nmethod 2002 0x0000023cb2b4fc90 code [0x0000023cb2b50100, 0x0000023cb2b52488]
Event: 1.297 Thread 0x0000023cc5229800 2006       3       java.util.TimSort::binarySort (223 bytes)
Event: 1.298 Thread 0x0000023cc5229800 nmethod 2006 0x0000023cb2b53410 code [0x0000023cb2b53640, 0x0000023cb2b540f8]
Event: 1.298 Thread 0x0000023cc5229800 2018       3       java.util.stream.SpinedBuffer::copyInto (129 bytes)
Event: 1.298 Thread 0x0000023cc5229800 nmethod 2018 0x0000023cb2b54410 code [0x0000023cb2b54660, 0x0000023cb2b55078]
Event: 1.298 Thread 0x0000023cc5229800 2005       3       java.util.TimSort::countRunAndMakeAscending (128 bytes)
Event: 1.298 Thread 0x0000023cc5229800 nmethod 2005 0x0000023cb2b55390 code [0x0000023cb2b555e0, 0x0000023cb2b560e8]
Event: 1.298 Thread 0x0000023cc5229800 2007       3       java.util.stream.DistinctOps$1$2::begin (24 bytes)
Event: 1.298 Thread 0x0000023cc5229800 nmethod 2007 0x0000023cb2b56410 code [0x0000023cb2b56620, 0x0000023cb2b56c08]
Event: 1.298 Thread 0x0000023cc5229800 2008       3       java.util.stream.Nodes$SpinedNodeBuilder::begin (38 bytes)
Event: 1.298 Thread 0x0000023cc5229800 nmethod 2008 0x0000023cb2b56e10 code [0x0000023cb2b56fe0, 0x0000023cb2b571f8]
Event: 1.299 Thread 0x0000023cc5229800 2009       3       java.util.stream.SpinedBuffer::clear (88 bytes)
Event: 1.299 Thread 0x0000023cc5229800 nmethod 2009 0x0000023cb2b57310 code [0x0000023cb2b57520, 0x0000023cb2b57bf8]
Event: 1.299 Thread 0x0000023cc5229800 2010       3       java.util.stream.DistinctOps$1$2::end (15 bytes)
Event: 1.299 Thread 0x0000023cc5229800 nmethod 2010 0x0000023cb2b57e10 code [0x0000023cb2b57fc0, 0x0000023cb2b581a8]
Event: 1.299 Thread 0x0000023cc5229800 2011       3       java.util.stream.Nodes$SpinedNodeBuilder::end (29 bytes)
Event: 1.299 Thread 0x0000023cc5229800 nmethod 2011 0x0000023cb2b58290 code [0x0000023cb2b58440, 0x0000023cb2b58558]
Event: 1.299 Thread 0x0000023cc5229800 2012       3       java.util.stream.Nodes$SpinedNodeBuilder::build (25 bytes)
Event: 1.299 Thread 0x0000023cc5229800 nmethod 2012 0x0000023cb2b58610 code [0x0000023cb2b587c0, 0x0000023cb2b588d8]
Event: 1.299 Thread 0x0000023cc5229800 2013       3       java.util.stream.Nodes$SpinedNodeBuilder::asArray (29 bytes)

GC Heap History (4 events):
Event: 0.669 GC heap before
{Heap before GC invocations=0 (full 0):
 garbage-first heap   total 65536K, used 24576K [0x00000000e0000000, 0x0000000100000000)
  region size 1024K, 24 young (24576K), 0 survivors (0K)
 Metaspace       used 11833K, capacity 11981K, committed 12288K, reserved 1060864K
  class space    used 1106K, capacity 1203K, committed 1280K, reserved 1048576K
}
Event: 0.674 GC heap after
{Heap after GC invocations=1 (full 0):
 garbage-first heap   total 65536K, used 7041K [0x00000000e0000000, 0x0000000100000000)
  region size 1024K, 3 young (3072K), 3 survivors (3072K)
 Metaspace       used 11833K, capacity 11981K, committed 12288K, reserved 1060864K
  class space    used 1106K, capacity 1203K, committed 1280K, reserved 1048576K
}
Event: 1.047 GC heap before
{Heap before GC invocations=1 (full 0):
 garbage-first heap   total 65536K, used 31617K [0x00000000e0000000, 0x0000000100000000)
  region size 1024K, 28 young (28672K), 3 survivors (3072K)
 Metaspace       used 18922K, capacity 19171K, committed 19328K, reserved 1067008K
  class space    used 1936K, capacity 2075K, committed 2176K, reserved 1048576K
}
Event: 1.053 GC heap after
{Heap after GC invocations=2 (full 0):
 garbage-first heap   total 65536K, used 10539K [0x00000000e0000000, 0x0000000100000000)
  region size 1024K, 4 young (4096K), 4 survivors (4096K)
 Metaspace       used 18922K, capacity 19171K, committed 19328K, reserved 1067008K
  class space    used 1936K, capacity 2075K, committed 2176K, reserved 1048576K
}

Deoptimization events (20 events):
Event: 1.208 Thread 0x0000023cacf9e000 DEOPT PACKING pc=0x0000023cb9c5c3b8 sp=0x00000059497fde00
Event: 1.208 Thread 0x0000023cacf9e000 DEOPT UNPACKING pc=0x0000023cb21885af sp=0x00000059497fddd0 mode 2
Event: 1.230 Thread 0x0000023cacf9e000 Uncommon trap: trap_request=0xffffff4d fr.pc=0x0000023cb9cf9a50 relative=0x00000000000000b0
Event: 1.230 Thread 0x0000023cacf9e000 Uncommon trap: reason=unstable_if action=reinterpret pc=0x0000023cb9cf9a50 method=java.lang.CharacterDataLatin1.toUpperCase(I)I @ 21 c2
Event: 1.230 Thread 0x0000023cacf9e000 DEOPT PACKING pc=0x0000023cb9cf9a50 sp=0x00000059497fd510
Event: 1.230 Thread 0x0000023cacf9e000 DEOPT UNPACKING pc=0x0000023cb21885af sp=0x00000059497fd480 mode 2
Event: 1.232 Thread 0x0000023cacf9e000 Uncommon trap: trap_request=0xffffff4d fr.pc=0x0000023cb9d12fec relative=0x000000000000070c
Event: 1.232 Thread 0x0000023cacf9e000 Uncommon trap: reason=unstable_if action=reinterpret pc=0x0000023cb9d12fec method=com.sun.org.apache.xerces.internal.impl.XMLEntityScanner.scanContent(Lcom/sun/org/apache/xerces/internal/xni/XMLString;)I @ 44 c2
Event: 1.232 Thread 0x0000023cacf9e000 DEOPT PACKING pc=0x0000023cb9d12fec sp=0x00000059497fe340
Event: 1.232 Thread 0x0000023cacf9e000 DEOPT UNPACKING pc=0x0000023cb21885af sp=0x00000059497fe2f0 mode 2
Event: 1.232 Thread 0x0000023cacf9e000 DEOPT PACKING pc=0x0000023cb273a15b sp=0x00000059497fe160
Event: 1.232 Thread 0x0000023cacf9e000 DEOPT UNPACKING pc=0x0000023cb21c9d0e sp=0x00000059497fd600 mode 0
Event: 1.263 Thread 0x0000023cacf9e000 Uncommon trap: trap_request=0xffffff4d fr.pc=0x0000023cb9d081d8 relative=0x00000000000009b8
Event: 1.263 Thread 0x0000023cacf9e000 Uncommon trap: reason=unstable_if action=reinterpret pc=0x0000023cb9d081d8 method=com.sun.org.apache.xerces.internal.impl.XMLEntityScanner.scanLiteral(ILcom/sun/org/apache/xerces/internal/xni/XMLString;Z)I @ 44 c2
Event: 1.263 Thread 0x0000023cacf9e000 DEOPT PACKING pc=0x0000023cb9d081d8 sp=0x00000059497fe090
Event: 1.263 Thread 0x0000023cacf9e000 DEOPT UNPACKING pc=0x0000023cb21885af sp=0x00000059497fe030 mode 2
Event: 1.281 Thread 0x0000023cacf9e000 Uncommon trap: trap_request=0xffffff4d fr.pc=0x0000023cb9d24604 relative=0x0000000000000304
Event: 1.281 Thread 0x0000023cacf9e000 Uncommon trap: reason=unstable_if action=reinterpret pc=0x0000023cb9d24604 method=com.sun.org.apache.xerces.internal.impl.XMLEntityScanner.skipSpaces()Z @ 303 c2
Event: 1.281 Thread 0x0000023cacf9e000 DEOPT PACKING pc=0x0000023cb9d24604 sp=0x00000059497fe250
Event: 1.281 Thread 0x0000023cacf9e000 DEOPT UNPACKING pc=0x0000023cb21885af sp=0x00000059497fe1d8 mode 2

Classes redefined (0 events):
No events

Internal exceptions (20 events):
Event: 0.316 Thread 0x0000023cacf9e000 Exception <a 'java/lang/NullPointerException'{0x00000000e3989ae0}> (0x00000000e3989ae0) thrown at [./src/hotspot/share/interpreter/linkResolver.cpp, line 1358]
Event: 0.341 Thread 0x0000023cacf9e000 Exception <a 'java/lang/NoSuchMethodError'{0x00000000e39ce268}: 'int java.lang.invoke.DirectMethodHandle$Holder.invokeSpecialIFC(java.lang.Object, java.lang.Object, int)'> (0x00000000e39ce268) thrown at [./src/hotspot/share/interpreter/linkResolver.cpp, line 773]
Event: 0.395 Thread 0x0000023cacf9e000 Exception <a 'java/lang/NullPointerException'{0x00000000e3872b90}> (0x00000000e3872b90) thrown at [./src/hotspot/share/interpreter/linkResolver.cpp, line 1358]
Event: 0.395 Thread 0x0000023cacf9e000 Exception <a 'java/lang/NullPointerException'{0x00000000e3872e60}> (0x00000000e3872e60) thrown at [./src/hotspot/share/interpreter/linkResolver.cpp, line 1358]
Event: 0.395 Thread 0x0000023cacf9e000 Exception <a 'java/lang/NullPointerException'{0x00000000e3873130}> (0x00000000e3873130) thrown at [./src/hotspot/share/interpreter/linkResolver.cpp, line 1358]
Event: 0.396 Thread 0x0000023cacf9e000 Exception <a 'java/lang/NullPointerException'{0x00000000e387c248}> (0x00000000e387c248) thrown at [./src/hotspot/share/interpreter/linkResolver.cpp, line 1358]
Event: 0.397 Thread 0x0000023cacf9e000 Exception <a 'java/lang/NullPointerException'{0x00000000e3895820}> (0x00000000e3895820) thrown at [./src/hotspot/share/interpreter/linkResolver.cpp, line 1358]
Event: 0.397 Thread 0x0000023cacf9e000 Exception <a 'java/lang/NullPointerException'{0x00000000e3895af0}> (0x00000000e3895af0) thrown at [./src/hotspot/share/interpreter/linkResolver.cpp, line 1358]
Event: 0.397 Thread 0x0000023cacf9e000 Exception <a 'java/lang/NullPointerException'{0x00000000e3895dc0}> (0x00000000e3895dc0) thrown at [./src/hotspot/share/interpreter/linkResolver.cpp, line 1358]
Event: 0.397 Thread 0x0000023cacf9e000 Exception <a 'java/lang/NullPointerException'{0x00000000e3896090}> (0x00000000e3896090) thrown at [./src/hotspot/share/interpreter/linkResolver.cpp, line 1358]
Event: 0.747 Thread 0x0000023cacf9e000 Exception <a 'java/lang/NoClassDefFoundError'{0x00000000e3baeb98}: org/apache/log4j/Priority> (0x00000000e3baeb98) thrown at [./src/hotspot/share/classfile/systemDictionary.cpp, line 220]
Event: 0.760 Thread 0x0000023cacf9e000 Exception <a 'java/lang/NoSuchMethodError'{0x00000000e3a541b0}: 'java.lang.Object java.lang.invoke.DirectMethodHandle$Holder.invokeStatic(java.lang.Object, java.lang.Object, java.lang.Object, java.lang.Object, java.lang.Object, java.lang.Object, java.lang.Object, java.lang.Object, java.lang.Object, java.lang.Object, java.lang.Object, java.lang.Object, java.lang.Object, java.lang.Object, java.lang.Object)'> (0x00000000e3a541b0) thrown at [./src/hotspot/share/interpreter/linkResolver.cpp, line 773]
Event: 0.761 Thread 0x0000023cacf9e000 Exception <a 'java/lang/NoSuchMethodError'{0x00000000e3a61f48}: 'java.lang.Object java.lang.invoke.DirectMethodHandle$Holder.invokeStatic(java.lang.Object, java.lang.Object, java.lang.Object, java.lang.Object, java.lang.Object, java.lang.Object, java.lang.Object, java.lang.Object, java.lang.Object, java.lang.Object, java.lang.Object, java.lang.Object, java.lang.Object, java.lang.Object, java.lang.Object, java.lang.Object)'> (0x00000000e3a61f48) thrown at [./src/hotspot/share/interpreter/linkResolver.cpp, l
Event: 0.762 Thread 0x0000023cacf9e000 Exception <a 'java/lang/NoSuchMethodError'{0x00000000e3a6fbb8}: 'java.lang.Object java.lang.invoke.DirectMethodHandle$Holder.invokeSpecial(java.lang.Object, java.lang.Object, int, int, java.lang.Object, java.lang.Object, java.lang.Object)'> (0x00000000e3a6fbb8) thrown at [./src/hotspot/share/interpreter/linkResolver.cpp, line 773]
Event: 0.762 Thread 0x0000023cacf9e000 Exception <a 'java/lang/NoSuchMethodError'{0x00000000e3a73148}: 'java.lang.Object java.lang.invoke.DelegatingMethodHandle$Holder.reinvoke_L(java.lang.Object, int, int, java.lang.Object, java.lang.Object, java.lang.Object)'> (0x00000000e3a73148) thrown at [./src/hotspot/share/interpreter/linkResolver.cpp, line 773]
Event: 0.762 Thread 0x0000023cacf9e000 Exception <a 'java/lang/NoSuchMethodError'{0x00000000e3a774d0}: 'java.lang.Object java.lang.invoke.DirectMethodHandle$Holder.invokeStatic(java.lang.Object, java.lang.Object, java.lang.Object, java.lang.Object, int)'> (0x00000000e3a774d0) thrown at [./src/hotspot/share/interpreter/linkResolver.cpp, line 773]
Event: 0.802 Thread 0x0000023cacf9e000 Exception <a 'java/lang/ClassNotFoundException'{0x00000000e39b2f40}: com/sun/org/apache/xerces/internal/impl/xpath/regex/spi/messageProvider> (0x00000000e39b2f40) thrown at [./src/hotspot/share/classfile/systemDictionary.cpp, line 231]
Event: 0.999 Thread 0x0000023cacf9e000 Exception <a 'java/lang/NoSuchMethodError'{0x00000000e2a334c8}: 'java.lang.Object java.lang.invoke.DirectMethodHandle$Holder.invokeVirtual(java.lang.Object, java.lang.Object, java.lang.Object, java.lang.Object)'> (0x00000000e2a334c8) thrown at [./src/hotspot/share/interpreter/linkResolver.cpp, line 773]
Event: 1.152 Thread 0x0000023cacf9e000 Exception <a 'java/lang/NoSuchMethodError'{0x00000000e36ab0e8}: 'int java.lang.invoke.DirectMethodHandle$Holder.invokeVirtual(java.lang.Object, java.lang.Object, java.lang.Object)'> (0x00000000e36ab0e8) thrown at [./src/hotspot/share/interpreter/linkResolver.cpp, line 773]
Event: 1.153 Thread 0x0000023cacf9e000 Exception <a 'java/lang/NoSuchMethodError'{0x00000000e36b1050}: 'java.lang.Object java.lang.invoke.DirectMethodHandle$Holder.invokeVirtual(java.lang.Object, java.lang.Object, java.lang.Object)'> (0x00000000e36b1050) thrown at [./src/hotspot/share/interpreter/linkResolver.cpp, line 773]

Events (20 events):
Event: 1.194 loading class jdk/internal/reflect/ClassFileAssembler
Event: 1.194 loading class jdk/internal/reflect/ClassFileAssembler done
Event: 1.194 loading class jdk/internal/reflect/UTF8
Event: 1.194 loading class jdk/internal/reflect/UTF8 done
Event: 1.194 loading class jdk/internal/reflect/Label
Event: 1.194 loading class jdk/internal/reflect/Label done
Event: 1.194 loading class jdk/internal/reflect/Label$PatchInfo
Event: 1.195 loading class jdk/internal/reflect/Label$PatchInfo done
Event: 1.195 loading class jdk/internal/reflect/MethodAccessorGenerator$1
Event: 1.195 loading class jdk/internal/reflect/MethodAccessorGenerator$1 done
Event: 1.195 loading class jdk/internal/reflect/ClassDefiner
Event: 1.195 loading class jdk/internal/reflect/ClassDefiner done
Event: 1.195 loading class jdk/internal/reflect/ClassDefiner$1
Event: 1.195 loading class jdk/internal/reflect/ClassDefiner$1 done
Event: 1.196 loading class org/languagetool/rules/ErrorTriggeringExample
Event: 1.196 loading class org/languagetool/rules/ErrorTriggeringExample done
Event: 1.235 loading class org/languagetool/tools/InterruptibleCharSequence
Event: 1.235 loading class org/languagetool/tools/InterruptibleCharSequence done
Event: 1.271 Executing VM operation: ICBufferFull
Event: 1.271 Executing VM operation: ICBufferFull done


Dynamic libraries:
0x00007ff668630000 - 0x00007ff66863d000 	c:\Users\Rothschild\.vscode\extensions\valentjn.vscode-ltex-13.1.0\lib\ltex-ls-15.2.0\jdk-11.0.12+7\bin\java.exe
0x00007ff98b0b0000 - 0x00007ff98b2c4000 	C:\WINDOWS\SYSTEM32\ntdll.dll
0x00007ff98a5a0000 - 0x00007ff98a662000 	C:\WINDOWS\System32\KERNEL32.DLL
0x00007ff9886c0000 - 0x00007ff988a63000 	C:\WINDOWS\System32\KERNELBASE.dll
0x00007ff9884e0000 - 0x00007ff9885f1000 	C:\WINDOWS\System32\ucrtbase.dll
0x00007ff978db0000 - 0x00007ff978dc7000 	c:\Users\Rothschild\.vscode\extensions\valentjn.vscode-ltex-13.1.0\lib\ltex-ls-15.2.0\jdk-11.0.12+7\bin\jli.dll
0x00007ff97f2e0000 - 0x00007ff97f2f5000 	c:\Users\Rothschild\.vscode\extensions\valentjn.vscode-ltex-13.1.0\lib\ltex-ls-15.2.0\jdk-11.0.12+7\bin\VCRUNTIME140.dll
0x00007ff989ee0000 - 0x00007ff98a08b000 	C:\WINDOWS\System32\USER32.dll
0x00007ff9884b0000 - 0x00007ff9884d6000 	C:\WINDOWS\System32\win32u.dll
0x00007ff98aef0000 - 0x00007ff98af19000 	C:\WINDOWS\System32\GDI32.dll
0x00007ff988c60000 - 0x00007ff988d79000 	C:\WINDOWS\System32\gdi32full.dll
0x00007ff96a6d0000 - 0x00007ff96a95e000 	C:\WINDOWS\WinSxS\amd64_microsoft.windows.common-controls_6595b64144ccf1df_6.0.22621.1465_none_271271ab738361f1\COMCTL32.dll
0x00007ff988df0000 - 0x00007ff988e8a000 	C:\WINDOWS\System32\msvcp_win.dll
0x00007ff98ac60000 - 0x00007ff98ad07000 	C:\WINDOWS\System32\msvcrt.dll
0x00007ff98b030000 - 0x00007ff98b061000 	C:\WINDOWS\System32\IMM32.DLL
0x00007ff943960000 - 0x00007ff9439fb000 	c:\Users\Rothschild\.vscode\extensions\valentjn.vscode-ltex-13.1.0\lib\ltex-ls-15.2.0\jdk-11.0.12+7\bin\msvcp140.dll
0x00007ff91c830000 - 0x00007ff91d389000 	c:\Users\Rothschild\.vscode\extensions\valentjn.vscode-ltex-13.1.0\lib\ltex-ls-15.2.0\jdk-11.0.12+7\bin\server\jvm.dll
0x00007ff98a250000 - 0x00007ff98a2fe000 	C:\WINDOWS\System32\ADVAPI32.dll
0x00007ff988fe0000 - 0x00007ff989084000 	C:\WINDOWS\System32\sechost.dll
0x00007ff988ec0000 - 0x00007ff988fd7000 	C:\WINDOWS\System32\RPCRT4.dll
0x00007ff988eb0000 - 0x00007ff988eb8000 	C:\WINDOWS\System32\PSAPI.DLL
0x00007ff966970000 - 0x00007ff966979000 	C:\WINDOWS\SYSTEM32\WSOCK32.dll
0x00007ff97f4c0000 - 0x00007ff97f4f4000 	C:\WINDOWS\SYSTEM32\WINMM.dll
0x00007ff98a490000 - 0x00007ff98a501000 	C:\WINDOWS\System32\WS2_32.dll
0x00007ff976a40000 - 0x00007ff976a4a000 	C:\WINDOWS\SYSTEM32\VERSION.dll
0x00007ff9874c0000 - 0x00007ff9874d8000 	C:\WINDOWS\SYSTEM32\kernel.appcore.dll
0x00007ff983e60000 - 0x00007ff983e70000 	c:\Users\Rothschild\.vscode\extensions\valentjn.vscode-ltex-13.1.0\lib\ltex-ls-15.2.0\jdk-11.0.12+7\bin\verify.dll
0x00007ff985f30000 - 0x00007ff98615e000 	C:\WINDOWS\SYSTEM32\DBGHELP.DLL
0x00007ff98a8d0000 - 0x00007ff98ac59000 	C:\WINDOWS\System32\combase.dll
0x00007ff98ae10000 - 0x00007ff98aee7000 	C:\WINDOWS\System32\OLEAUT32.dll
0x00007ff97f500000 - 0x00007ff97f532000 	C:\WINDOWS\SYSTEM32\dbgcore.DLL
0x00007ff988be0000 - 0x00007ff988c5b000 	C:\WINDOWS\System32\bcryptPrimitives.dll
0x00007ff969d70000 - 0x00007ff969d98000 	c:\Users\Rothschild\.vscode\extensions\valentjn.vscode-ltex-13.1.0\lib\ltex-ls-15.2.0\jdk-11.0.12+7\bin\java.dll
0x00007ff97f470000 - 0x00007ff97f47a000 	c:\Users\Rothschild\.vscode\extensions\valentjn.vscode-ltex-13.1.0\lib\ltex-ls-15.2.0\jdk-11.0.12+7\bin\jimage.dll
0x00007ff969d50000 - 0x00007ff969d67000 	c:\Users\Rothschild\.vscode\extensions\valentjn.vscode-ltex-13.1.0\lib\ltex-ls-15.2.0\jdk-11.0.12+7\bin\zip.dll
0x00007ff9891b0000 - 0x00007ff9899aa000 	C:\WINDOWS\System32\SHELL32.dll
0x00007ff986460000 - 0x00007ff986d2e000 	C:\WINDOWS\SYSTEM32\windows.storage.dll
0x00007ff986320000 - 0x00007ff98645e000 	C:\WINDOWS\SYSTEM32\wintypes.dll
0x00007ff98ad10000 - 0x00007ff98ae01000 	C:\WINDOWS\System32\SHCORE.dll
0x00007ff98a810000 - 0x00007ff98a86e000 	C:\WINDOWS\System32\shlwapi.dll
0x00007ff9883e0000 - 0x00007ff988401000 	C:\WINDOWS\SYSTEM32\profapi.dll
0x00007ff959cc0000 - 0x00007ff959cd9000 	C:\Users\Rothschild\.vscode\extensions\valentjn.vscode-ltex-13.1.0\lib\ltex-ls-15.2.0\jdk-11.0.12+7\bin\net.dll
0x00007ff97d530000 - 0x00007ff97d667000 	C:\WINDOWS\SYSTEM32\WINHTTP.dll
0x00007ff987930000 - 0x00007ff987999000 	C:\WINDOWS\system32\mswsock.dll
0x00007ff953610000 - 0x00007ff953622000 	C:\Users\Rothschild\.vscode\extensions\valentjn.vscode-ltex-13.1.0\lib\ltex-ls-15.2.0\jdk-11.0.12+7\bin\nio.dll
0x0000000069ac0000 - 0x0000000069ae4000 	C:\Windows\Temp\jansi-2.4.0-e8d36732cc579617-jansi.dll

dbghelp: loaded successfully - version: 4.0.5 - missing functions: none
symbol engine: initialized successfully - sym options: 0x614 - pdb path: .;c:\Users\Rothschild\.vscode\extensions\valentjn.vscode-ltex-13.1.0\lib\ltex-ls-15.2.0\jdk-11.0.12+7\bin;C:\WINDOWS\SYSTEM32;C:\WINDOWS\WinSxS\amd64_microsoft.windows.common-controls_6595b64144ccf1df_6.0.22621.1465_none_271271ab738361f1;c:\Users\Rothschild\.vscode\extensions\valentjn.vscode-ltex-13.1.0\lib\ltex-ls-15.2.0\jdk-11.0.12+7\bin\server;C:\Windows\Temp

VM Arguments:
jvm_args: -Xms64m -Xmx512m -Dapp.name=ltex-ls -Dapp.repo=c:\Users\Rothschild\.vscode\extensions\valentjn.vscode-ltex-13.1.0\lib\ltex-ls-15.2.0\lib -Dapp.home=c:\Users\Rothschild\.vscode\extensions\valentjn.vscode-ltex-13.1.0\lib\ltex-ls-15.2.0 -Dbasedir=c:\Users\Rothschild\.vscode\extensions\valentjn.vscode-ltex-13.1.0\lib\ltex-ls-15.2.0 
java_command: org.bsplines.ltexls.LtexLanguageServerLauncher
java_class_path (initial): c:\Users\Rothschild\.vscode\extensions\valentjn.vscode-ltex-13.1.0\lib\ltex-ls-15.2.0\etc;c:\Users\Rothschild\.vscode\extensions\valentjn.vscode-ltex-13.1.0\lib\ltex-ls-15.2.0\lib\aho-corasick-double-array-trie-1.2.2.jar;c:\Users\Rothschild\.vscode\extensions\valentjn.vscode-ltex-13.1.0\lib\ltex-ls-15.2.0\lib\animal-sniffer-annotations-1.17.jar;c:\Users\Rothschild\.vscode\extensions\valentjn.vscode-ltex-13.1.0\lib\ltex-ls-15.2.0\lib\annotations-12.0.jar;c:\Users\Rothschild\.vscode\extensions\valentjn.vscode-ltex-13.1.0\lib\ltex-ls-15.2.0\lib\annotations-13.0.jar;c:\Users\Rothschild\.vscode\extensions\valentjn.vscode-ltex-13.1.0\lib\ltex-ls-15.2.0\lib\annotations-20.1.0.jar;c:\Users\Rothschild\.vscode\extensions\valentjn.vscode-ltex-13.1.0\lib\ltex-ls-15.2.0\lib\annotations-4.1.1.4.jar;c:\Users\Rothschild\.vscode\extensions\valentjn.vscode-ltex-13.1.0\lib\ltex-ls-15.2.0\lib\bridj-0.7.0.jar;c:\Users\Rothschild\.vscode\extensions\valentjn.vscode-ltex-13.1.0\lib\ltex-ls-15.2.0\lib\catalan-pos-dict-2.16.jar;c:\Users\Rothschild\.vscode\extensions\valentjn.vscode-ltex-13.1.0\lib\ltex-ls-15.2.0\lib\checker-qual-2.5.2.jar;c:\Users\Rothschild\.vscode\extensions\valentjn.vscode-ltex-13.1.0\lib\ltex-ls-15.2.0\lib\checker-qual-3.5.0.jar;c:\Users\Rothschild\.vscode\extensions\valentjn.vscode-ltex-13.1.0\lib\ltex-ls-15.2.0\lib\cjftransform-1.0.1.jar;c:\Users\Rothschild\.vscode\extensions\valentjn.vscode-ltex-13.1.0\lib\ltex-ls-15.2.0\lib\commons-lang3-3.11.jar;c:\Users\Rothschild\.vscode\extensions\valentjn.vscode-ltex-13.1.0\lib\ltex-ls-15.2.0\lib\commons-logging-1.2.jar;c:\Users\Rothschild\.vscode\extensions\valentjn.vscode-ltex-13.1.0\lib\ltex-ls-15.2.0\lib\commons-pool2-2.9.0.jar;c:\Users\Rothschild\.vscode\extensions\valentjn.vscode-ltex-13.1.0\lib\ltex-ls-15.2.0\lib\commons-text-1.9.jar;c:\Users\Rothschild\.vscode\extensions\valentjn.vscode-ltex-13.1.0\lib\ltex-ls-15.2.0\lib\dx-1.7.jar;c:\Users\Rothschild\.vscode\extensions\valentjn.vscode-ltex-1
Launcher Type: SUN_STANDARD

[Global flags]
     intx CICompilerCount                          = 4                                         {product} {ergonomic}
     uint ConcGCThreads                            = 2                                         {product} {ergonomic}
     uint G1ConcRefinementThreads                  = 8                                         {product} {ergonomic}
   size_t G1HeapRegionSize                         = 1048576                                   {product} {ergonomic}
    uintx GCDrainStackTargetSize                   = 64                                        {product} {ergonomic}
   size_t InitialHeapSize                          = 67108864                                  {product} {command line}
   size_t MarkStackSize                            = 4194304                                   {product} {ergonomic}
   size_t MaxHeapSize                              = 536870912                                 {product} {command line}
   size_t MaxNewSize                               = 321912832                                 {product} {ergonomic}
   size_t MinHeapDeltaBytes                        = 1048576                                   {product} {ergonomic}
    uintx NonNMethodCodeHeapSize                   = 5836300                                {pd product} {ergonomic}
    uintx NonProfiledCodeHeapSize                  = 122910970                              {pd product} {ergonomic}
    uintx ProfiledCodeHeapSize                     = 122910970                              {pd product} {ergonomic}
    uintx ReservedCodeCacheSize                    = 251658240                              {pd product} {ergonomic}
     bool SegmentedCodeCache                       = true                                      {product} {ergonomic}
     bool UseCompressedClassPointers               = true                                 {lp64_product} {ergonomic}
     bool UseCompressedOops                        = true                                 {lp64_product} {ergonomic}
     bool UseG1GC                                  = true                                      {product} {ergonomic}
     bool UseLargePagesIndividualAllocation        = false                                  {pd product} {ergonomic}

Logging:
Log output configuration:
 #0: stdout all=warning uptime,level,tags
 #1: stderr all=off uptime,level,tags

Environment Variables:
JAVA_HOME=c:\Users\Rothschild\.vscode\extensions\valentjn.vscode-ltex-13.1.0\lib\ltex-ls-15.2.0\jdk-11.0.12+7
CLASSPATH="c:\Users\Rothschild\.vscode\extensions\valentjn.vscode-ltex-13.1.0\lib\ltex-ls-15.2.0"\etc;"c:\Users\Rothschild\.vscode\extensions\valentjn.vscode-ltex-13.1.0\lib\ltex-ls-15.2.0\lib"\*
PATH=D:\work\Anaconda\condabin;H:\study\LaTex\texlive\2023\bin\windows;C:\Program Files (x86)\Common Files\Oracle\Java\javapath;C:\WINDOWS\system32;C:\WINDOWS;C:\WINDOWS\System32\Wbem;C:\WINDOWS\System32\WindowsPowerShell\v1.0\;C:\WINDOWS\System32\OpenSSH\;D:\study software\lingo\lingo installation\;C:\Windows\SysWOW64;D:\work\latex\MiKTeX\miktex\bin\x64\;C:\Windows\System32;D:\texlive\installtlwindows.bat;C:\Windows\system32\cmd.exe;C:\system32\cmd.exe;D:\work\latex\CTex\UserData\miktex\bin;D:\work\latex\CTex\MiKTeX\miktex\bin;D:\work\latex\CTex\CTeX;D:\work\latex\CTex\CTeX\Packages\ctex\bin;D:\work\latex\CTex\CTeX\Packages\cct\bin;D:\work\latex\CTex\CTeX\Packages\ty\bin;D:\work\latex\CTex\Ghostscript\gs9.18\bin;D:\work\latex\CTex\GSview\gsview;D:\work\latex\CTex\WinEdt;H:\study\MATLAB2022a\bin;H:\study\texlive\2022\bin\win32;D:\work\Nodejs\;C:\ProgramData\chocolatey\bin;C:\Program Files\Microsoft SQL Server\150\Tools\Binn\;D:\work\Anaconda\Library\bin;D:\work\Anaconda;D:\work\Anaconda\Library\mingw-w64\bin;D:\work\Anaconda\Scripts;D:\work\Calibre\;H:\study\Matlab\runtime\win64;H:\study\Matlab\bin;D:\study software\python\Scripts\;D:\study software\python\;C:\Users\Rothschild\AppData\Local\Microsoft\WindowsApps;D:\装机软件\Bandizip\;D:\study software\pycharm\PyCharm Community Edition 2020.3.2\bin;;C:\windows\System32;G:\软件\Pycharm\PyCharm 2021.2.2\bin;;G:\软件\PycharmEdu\PyCharm Edu 2021.3.4\bin;;C:\Users\Rothschild\AppData\Roaming\npm;;D:\work\Microsoft VS Code\bin
USERNAME=Rothschild
OS=Windows_NT
PROCESSOR_IDENTIFIER=Intel64 Family 6 Model 140 Stepping 1, GenuineIntel



---------------  S Y S T E M  ---------------

OS: Windows 10 , 64 bit Build 22621 (10.0.22621.1825)
OS uptime: 0 days 9:39 hours
Hyper-V role detected

CPU:total 8 (initial active 8) (4 cores per cpu, 2 threads per core) family 6 model 140 stepping 1 microcode 0xa4, cmov, cx8, fxsr, mmx, sse, sse2, sse3, ssse3, sse4.1, sse4.2, popcnt, avx, avx2, aes, clmul, erms, 3dnowpref, lzcnt, ht, tsc, tscinvbit, bmi1, bmi2, adx, evex, sha, fma

Memory: 4k page, system-wide physical 16183M (5260M free)
TotalPageFile size 22183M (AvailPageFile size 17M)
current process WorkingSet (physical memory assigned to process): 124M, peak: 124M
current process commit charge ("private bytes"): 185M, peak: 185M

vm_info: OpenJDK 64-Bit Server VM (11.0.12+7) for windows-amd64 JRE (11.0.12+7), built on Jul 21 2021 16:23:49 by "" with unknown MS VC++:1916

END.
