This is XeTeX, Version 3.141592653-2.6-0.999995 (TeX Live 2023) (preloaded format=xelatex 2023.4.13)  18 MAY 2023 17:21
entering extended mode
 restricted \write18 enabled.
 %&-line parsing enabled.
**chap0105.tex
(./chap0105.tex
LaTeX2e <2022-11-01> patch level 1
L3 programming layer <2023-03-30>
! Undefined control sequence.
l.1 \chapter
            {基于粗糙集的属性约简}
The control sequence at the end of the top line
of your error message was never \def'ed. If you have
misspelled it (e.g., `\hobx'), type `I' and the correct
spelling (e.g., `I\hbox'). Otherwise just continue,
and I'll forget about whatever was undefined.


! LaTeX Error: Missing \begin{document}.

See the LaTeX manual or LaTeX Companion for explanation.
Type  H <return>  for immediate help.
 ...                                              
                                                  
l.1 \chapter{基
              于粗糙集的属性约简}
You're in trouble here.  Try typing  <return>  to proceed.
If that doesn't work, type  X <return>  to quit.

Missing character: There is no 基 ("57FA) in font nullfont!
Missing character: There is no 于 ("4E8E) in font nullfont!
Missing character: There is no 粗 ("7C97) in font nullfont!
Missing character: There is no 糙 ("7CD9) in font nullfont!
Missing character: There is no 集 ("96C6) in font nullfont!
Missing character: There is no 的 ("7684) in font nullfont!
Missing character: There is no 属 ("5C5E) in font nullfont!
Missing character: There is no 性 ("6027) in font nullfont!
Missing character: There is no 约 ("7EA6) in font nullfont!
Missing character: There is no 简 ("7B80) in font nullfont!

Overfull \hbox (20.0pt too wide) in paragraph at lines 1--2
[] 
 []

! Undefined control sequence.
l.3 \section
            {基本概念}
The control sequence at the end of the top line
of your error message was never \def'ed. If you have
misspelled it (e.g., `\hobx'), type `I' and the correct
spelling (e.g., `I\hbox'). Otherwise just continue,
and I'll forget about whatever was undefined.


! LaTeX Error: Missing \begin{document}.

See the LaTeX manual or LaTeX Companion for explanation.
Type  H <return>  for immediate help.
 ...                                              
                                                  
l.3 \section{基
              本概念}
You're in trouble here.  Try typing  <return>  to proceed.
If that doesn't work, type  X <return>  to quit.

Missing character: There is no 基 ("57FA) in font nullfont!
Missing character: There is no 本 ("672C) in font nullfont!
Missing character: There is no 概 ("6982) in font nullfont!
Missing character: There is no 念 ("5FF5) in font nullfont!

Overfull \hbox (20.0pt too wide) in paragraph at lines 3--4
[] 
 []

\c@Definition=\count181

! LaTeX Error: No counter 'chapter' defined.

See the LaTeX manual or LaTeX Companion for explanation.
Type  H <return>  for immediate help.
 ...                                              
                                                  
l.5 ...heorem{Definition}{\hspace{2em}定义}[chapter]
                                                  
Your command was ignored.
Type  I <command> <return>  to replace it with another command,
or  <return>  to continue without it.


! LaTeX Error: Missing \begin{document}.

See the LaTeX manual or LaTeX Companion for explanation.
Type  H <return>  for immediate help.
 ...                                              
                                                  
l.6 \begin{Definition}[决策表]
                           
You're in trouble here.  Try typing  <return>  to proceed.
If that doesn't work, type  X <return>  to quit.


Overfull \hbox (20.0pt too wide) in paragraph at lines 6--6
[] 
 []

Missing character: There is no 定 (U+5B9A) in font [lmroman10-bold]:mapping=tex-
text;!
Missing character: There is no 义 (U+4E49) in font [lmroman10-bold]:mapping=tex-
text;!
Missing character: There is no 决 (U+51B3) in font [lmroman10-bold]:mapping=tex-
text;!
Missing character: There is no 策 (U+7B56) in font [lmroman10-bold]:mapping=tex-
text;!
Missing character: There is no 表 (U+8868) in font [lmroman10-bold]:mapping=tex-
text;!
Missing character: There is no 设 (U+8BBE) in font [lmroman10-italic]:mapping=te
x-text;!
LaTeX Font Info:    External font `cmex10' loaded for size
(Font)              <7> on input line 7.
LaTeX Font Info:    External font `cmex10' loaded for size
(Font)              <5> on input line 7.
Missing character: There is no 是 (U+662F) in font [lmroman10-italic]:mapping=te
x-text;!
Missing character: There is no 一 (U+4E00) in font [lmroman10-italic]:mapping=te
x-text;!
Missing character: There is no 个 (U+4E2A) in font [lmroman10-italic]:mapping=te
x-text;!
Missing character: There is no 信 (U+4FE1) in font [lmroman10-italic]:mapping=te
x-text;!
Missing character: There is no 息 (U+606F) in font [lmroman10-italic]:mapping=te
x-text;!
Missing character: There is no 系 (U+7CFB) in font [lmroman10-italic]:mapping=te
x-text;!
Missing character: There is no 统 (U+7EDF) in font [lmroman10-italic]:mapping=te
x-text;!
Missing character: There is no 其 (U+5176) in font [lmroman10-italic]:mapping=te
x-text;!
Missing character: There is no 中 (U+4E2D) in font [lmroman10-italic]:mapping=te
x-text;!
Missing character: There is no 为 (U+4E3A) in font [lmroman10-italic]:mapping=te
x-text;!
Missing character: There is no 有 (U+6709) in font [lmroman10-italic]:mapping=te
x-text;!
Missing character: There is no 限 (U+9650) in font [lmroman10-italic]:mapping=te
x-text;!
Missing character: There is no 对 (U+5BF9) in font [lmroman10-italic]:mapping=te
x-text;!
Missing character: There is no 象 (U+8C61) in font [lmroman10-italic]:mapping=te
x-text;!
Missing character: There is no 的 (U+7684) in font [lmroman10-italic]:mapping=te
x-text;!
Missing character: There is no 非 (U+975E) in font [lmroman10-italic]:mapping=te
x-text;!
Missing character: There is no 空 (U+7A7A) in font [lmroman10-italic]:mapping=te
x-text;!
Missing character: There is no 集 (U+96C6) in font [lmroman10-italic]:mapping=te
x-text;!
Missing character: There is no 合 (U+5408) in font [lmroman10-italic]:mapping=te
x-text;!
Missing character: There is no 即 (U+5373) in font [lmroman10-italic]:mapping=te
x-text;!
Missing character: There is no 论 (U+8BBA) in font [lmroman10-italic]:mapping=te
x-text;!
Missing character: There is no 域 (U+57DF) in font [lmroman10-italic]:mapping=te
x-text;!
Missing character: There is no 为 (U+4E3A) in font [lmroman10-italic]:mapping=te
x-text;!
Missing character: There is no 属 (U+5C5E) in font [lmroman10-italic]:mapping=te
x-text;!
Missing character: There is no 性 (U+6027) in font [lmroman10-italic]:mapping=te
x-text;!
Missing character: There is no 的 (U+7684) in font [lmroman10-italic]:mapping=te
x-text;!
Missing character: There is no 非 (U+975E) in font [lmroman10-italic]:mapping=te
x-text;!
Missing character: There is no 空 (U+7A7A) in font [lmroman10-italic]:mapping=te
x-text;!
Missing character: There is no 有 (U+6709) in font [lmroman10-italic]:mapping=te
x-text;!
Missing character: There is no 限 (U+9650) in font [lmroman10-italic]:mapping=te
x-text;!
Missing character: There is no 集 (U+96C6) in font [lmroman10-italic]:mapping=te
x-text;!
Missing character: There is no 合 (U+5408) in font [lmroman10-italic]:mapping=te
x-text;!
Missing character: There is no 其 (U+5176) in font [lmroman10-italic]:mapping=te
x-text;!
Missing character: There is no 中 (U+4E2D) in font [lmroman10-italic]:mapping=te
x-text;!
Missing character: There is no 子 (U+5B50) in font [lmroman10-italic]:mapping=te
x-text;!
Missing character: There is no 集 (U+96C6) in font [lmroman10-italic]:mapping=te
x-text;!
Missing character: There is no 和 (U+548C) in font [lmroman10-italic]:mapping=te
x-text;!
Missing character: There is no 分 (U+5206) in font [lmroman10-italic]:mapping=te
x-text;!
Missing character: There is no 别 (U+522B) in font [lmroman10-italic]:mapping=te
x-text;!
Missing character: There is no 被 (U+88AB) in font [lmroman10-italic]:mapping=te
x-text;!
Missing character: There is no 称 (U+79F0) in font [lmroman10-italic]:mapping=te
x-text;!
Missing character: There is no 为 (U+4E3A) in font [lmroman10-italic]:mapping=te
x-text;!
Missing character: There is no 条 (U+6761) in font [lmroman10-italic]:mapping=te
x-text;!
Missing character: There is no 件 (U+4EF6) in font [lmroman10-italic]:mapping=te
x-text;!
Missing character: There is no 属 (U+5C5E) in font [lmroman10-italic]:mapping=te
x-text;!
Missing character: There is no 性 (U+6027) in font [lmroman10-italic]:mapping=te
x-text;!
Missing character: There is no 集 (U+96C6) in font [lmroman10-italic]:mapping=te
x-text;!
Missing character: There is no 和 (U+548C) in font [lmroman10-italic]:mapping=te
x-text;!
Missing character: There is no 决 (U+51B3) in font [lmroman10-italic]:mapping=te
x-text;!
Missing character: There is no 策 (U+7B56) in font [lmroman10-italic]:mapping=te
x-text;!
Missing character: There is no 属 (U+5C5E) in font [lmroman10-italic]:mapping=te
x-text;!
Missing character: There is no 性 (U+6027) in font [lmroman10-italic]:mapping=te
x-text;!
Missing character: There is no 集 (U+96C6) in font [lmroman10-italic]:mapping=te
x-text;!
Missing character: There is no 是 (U+662F) in font [lmroman10-italic]:mapping=te
x-text;!
Missing character: There is no 一 (U+4E00) in font [lmroman10-italic]:mapping=te
x-text;!
Missing character: There is no 个 (U+4E2A) in font [lmroman10-italic]:mapping=te
x-text;!
Missing character: There is no 信 (U+4FE1) in font [lmroman10-italic]:mapping=te
x-text;!
Missing character: There is no 息 (U+606F) in font [lmroman10-italic]:mapping=te
x-text;!
Missing character: There is no 函 (U+51FD) in font [lmroman10-italic]:mapping=te
x-text;!
Missing character: There is no 数 (U+6570) in font [lmroman10-italic]:mapping=te
x-text;!
Missing character: There is no 它 (U+5B83) in font [lmroman10-italic]:mapping=te
x-text;!
Missing character: There is no 将 (U+5C06) in font [lmroman10-italic]:mapping=te
x-text;!
Missing character: There is no 每 (U+6BCF) in font [lmroman10-italic]:mapping=te
x-text;!
Missing character: There is no 个 (U+4E2A) in font [lmroman10-italic]:mapping=te
x-text;!
Missing character: There is no 对 (U+5BF9) in font [lmroman10-italic]:mapping=te
x-text;!
Missing character: There is no 象 (U+8C61) in font [lmroman10-italic]:mapping=te
x-text;!
Missing character: There is no 的 (U+7684) in font [lmroman10-italic]:mapping=te
x-text;!
Missing character: There is no 每 (U+6BCF) in font [lmroman10-italic]:mapping=te
x-text;!
Missing character: There is no 个 (U+4E2A) in font [lmroman10-italic]:mapping=te
x-text;!
Missing character: There is no 属 (U+5C5E) in font [lmroman10-italic]:mapping=te
x-text;!
Missing character: There is no 性 (U+6027) in font [lmroman10-italic]:mapping=te
x-text;!
Missing character: There is no 映 (U+6620) in font [lmroman10-italic]:mapping=te
x-text;!
Missing character: There is no 射 (U+5C04) in font [lmroman10-italic]:mapping=te
x-text;!
Missing character: There is no 为 (U+4E3A) in font [lmroman10-italic]:mapping=te
x-text;!
Missing character: There is no 一 (U+4E00) in font [lmroman10-italic]:mapping=te
x-text;!
Missing character: There is no 个 (U+4E2A) in font [lmroman10-italic]:mapping=te
x-text;!
Missing character: There is no 信 (U+4FE1) in font [lmroman10-italic]:mapping=te
x-text;!
Missing character: There is no 息 (U+606F) in font [lmroman10-italic]:mapping=te
x-text;!
Missing character: There is no 值 (U+503C) in font [lmroman10-italic]:mapping=te
x-text;!
Missing character: There is no 其 (U+5176) in font [lmroman10-italic]:mapping=te
x-text;!
Missing character: There is no 中 (U+4E2D) in font [lmroman10-italic]:mapping=te
x-text;!
Missing character: There is no 是 (U+662F) in font [lmroman10-italic]:mapping=te
x-text;!
Missing character: There is no 属 (U+5C5E) in font [lmroman10-italic]:mapping=te
x-text;!
Missing character: There is no 性 (U+6027) in font [lmroman10-italic]:mapping=te
x-text;!
Missing character: There is no 值 (U+503C) in font [lmroman10-italic]:mapping=te
x-text;!
Missing character: There is no 的 (U+7684) in font [lmroman10-italic]:mapping=te
x-text;!
Missing character: There is no 集 (U+96C6) in font [lmroman10-italic]:mapping=te
x-text;!
Missing character: There is no 合 (U+5408) in font [lmroman10-italic]:mapping=te
x-text;!
Missing character: There is no 是 (U+662F) in font [lmroman10-italic]:mapping=te
x-text;!
Missing character: There is no 属 (U+5C5E) in font [lmroman10-italic]:mapping=te
x-text;!
Missing character: There is no 性 (U+6027) in font [lmroman10-italic]:mapping=te
x-text;!
Missing character: There is no 的 (U+7684) in font [lmroman10-italic]:mapping=te
x-text;!
Missing character: There is no 值 (U+503C) in font [lmroman10-italic]:mapping=te
x-text;!
Missing character: There is no 域 (U+57DF) in font [lmroman10-italic]:mapping=te
x-text;!
Missing character: There is no 这 (U+8FD9) in font [lmroman10-italic]:mapping=te
x-text;!
Missing character: There is no 样 (U+6837) in font [lmroman10-italic]:mapping=te
x-text;!
Missing character: There is no 的 (U+7684) in font [lmroman10-italic]:mapping=te
x-text;!
Missing character: There is no 信 (U+4FE1) in font [lmroman10-italic]:mapping=te
x-text;!
Missing character: There is no 息 (U+606F) in font [lmroman10-italic]:mapping=te
x-text;!
Missing character: There is no 系 (U+7CFB) in font [lmroman10-italic]:mapping=te
x-text;!
Missing character: There is no 统 (U+7EDF) in font [lmroman10-italic]:mapping=te
x-text;!
Missing character: There is no 成 (U+6210) in font [lmroman10-italic]:mapping=te
x-text;!
Missing character: There is no 为 (U+4E3A) in font [lmroman10-italic]:mapping=te
x-text;!
Missing character: There is no 决 (U+51B3) in font [lmroman10-italic]:mapping=te
x-text;!
Missing character: There is no 策 (U+7B56) in font [lmroman10-italic]:mapping=te
x-text;!
Missing character: There is no 表 (U+8868) in font [lmroman10-italic]:mapping=te
x-text;!
Missing character: There is no ， (U+FF0C) in font [lmroman10-italic]:mapping=te
x-text;!
Missing character: There is no 一 (U+4E00) in font [lmroman10-italic]:mapping=te
x-text;!
Missing character: There is no 般 (U+822C) in font [lmroman10-italic]:mapping=te
x-text;!
Missing character: There is no 简 (U+7B80) in font [lmroman10-italic]:mapping=te
x-text;!
Missing character: There is no 记 (U+8BB0) in font [lmroman10-italic]:mapping=te
x-text;!
Missing character: There is no 为 (U+4E3A) in font [lmroman10-italic]:mapping=te
x-text;!

Overfull \hbox (59.54001pt too wide) in paragraph at lines 7--8
[]
 []


Overfull \hbox (18.53606pt too wide) in paragraph at lines 7--8
\TU/lmr/m/it/10 设$\OML/cmm/m/it/10 I \OT1/cmr/m/n/10 =
 []


Overfull \hbox (70.4491pt too wide) in paragraph at lines 7--8
\OT1/cmr/m/n/10 (\OML/cmm/m/it/10 U; A; V; f\OT1/cmr/m/n/10 )$\TU/lmr/m/it/10 是
一个信息系统,
 []


Overfull \hbox (24.07355pt too wide) in paragraph at lines 7--8
\TU/lmr/m/it/10 其中$\OML/cmm/m/it/10 U \OT1/cmr/m/n/10 =
 []


Overfull \hbox (101.2321pt too wide) in paragraph at lines 7--8
\OMS/cmsy/m/n/10 f\OML/cmm/m/it/10 x[]; [] ; x[]\OMS/cmsy/m/n/10 g$\TU/lmr/m/it
/10 为有限对象的非空集合(即论域),
 []


Overfull \hbox (18.05553pt too wide) in paragraph at lines 7--8
\OML/cmm/m/it/10 A \OT1/cmr/m/n/10 =
 []


Overfull \hbox (55.80397pt too wide) in paragraph at lines 7--8
\OML/cmm/m/it/10 C [] d$\TU/lmr/m/it/10 为属性的非空有限集合,
 []


Overfull \hbox (84.93738pt too wide) in paragraph at lines 7--8
\TU/lmr/m/it/10 其中子集$\OML/cmm/m/it/10 C$\TU/lmr/m/it/10 和$\OMS/cmsy/m/n/10 f\OM
L/cmm/m/it/10 d\OMS/cmsy/m/n/10 g$\TU/lmr/m/it/10 分别被称为条件属性集和决策属性集.
 []


Overfull \hbox (11.52776pt too wide) in paragraph at lines 7--8
\OML/cmm/m/it/10 f \OT1/cmr/m/n/10 :
 []


Overfull \hbox (15.69583pt too wide) in paragraph at lines 7--8
\OML/cmm/m/it/10 U \OMS/cmsy/m/n/10 ^^B
 []


Overfull \hbox (20.27774pt too wide) in paragraph at lines 7--8
\OML/cmm/m/it/10 A \OMS/cmsy/m/n/10 !
 []


Overfull \hbox (30.72556pt too wide) in paragraph at lines 7--8
\OML/cmm/m/it/10 V$\TU/lmr/m/it/10 是一个信息函数,
 []


Overfull \hbox (56.27pt too wide) in paragraph at lines 7--8
\TU/lmr/m/it/10 它将每个对象的每个属性映射为一个信息值,
 []


Overfull \hbox (24.21107pt too wide) in paragraph at lines 7--8
\TU/lmr/m/it/10 其中$\OML/cmm/m/it/10 V \OT1/cmr/m/n/10 =
 []


Overfull \hbox (95.23239pt too wide) in paragraph at lines 7--8
[][] \OML/cmm/m/it/10 V[]$\TU/lmr/m/it/10 是属性值的集合,$\OML/cmm/m/it/10 V[]$\TU/lmr
/m/it/10 是属性a的值域.
 []


Overfull \hbox (66.13606pt too wide) in paragraph at lines 7--8
\TU/lmr/m/it/10 这样的信息系统成为决策表，一般简记为$\OML/cmm/m/it/10 I \OT1/cmr/m/n/10 =
 []


Overfull \hbox (29.59914pt too wide) in paragraph at lines 7--8
\OT1/cmr/m/n/10 (\OML/cmm/m/it/10 U; A\OT1/cmr/m/n/10 )$\TU/lmr/m/it/10 . 
 []

Missing character: There is no 定 (U+5B9A) in font [lmroman10-bold]:mapping=tex-
text;!
Missing character: There is no 义 (U+4E49) in font [lmroman10-bold]:mapping=tex-
text;!
Missing character: There is no 上 (U+4E0A) in font [lmroman10-bold]:mapping=tex-
text;!
Missing character: There is no 近 (U+8FD1) in font [lmroman10-bold]:mapping=tex-
text;!
Missing character: There is no 似 (U+4F3C) in font [lmroman10-bold]:mapping=tex-
text;!
Missing character: There is no 与 (U+4E0E) in font [lmroman10-bold]:mapping=tex-
text;!
Missing character: There is no 下 (U+4E0B) in font [lmroman10-bold]:mapping=tex-
text;!
Missing character: There is no 近 (U+8FD1) in font [lmroman10-bold]:mapping=tex-
text;!
Missing character: There is no 似 (U+4F3C) in font [lmroman10-bold]:mapping=tex-
text;!
Missing character: There is no 设 (U+8BBE) in font [lmroman10-italic]:mapping=te
x-text;!
Missing character: There is no 有 (U+6709) in font [lmroman10-italic]:mapping=te
x-text;!
Missing character: There is no 决 (U+51B3) in font [lmroman10-italic]:mapping=te
x-text;!
Missing character: There is no 策 (U+7B56) in font [lmroman10-italic]:mapping=te
x-text;!
Missing character: There is no 表 (U+8868) in font [lmroman10-italic]:mapping=te
x-text;!
Missing character: There is no 可 (U+53EF) in font [lmroman10-italic]:mapping=te
x-text;!
Missing character: There is no 以 (U+4EE5) in font [lmroman10-italic]:mapping=te
x-text;!
Missing character: There is no 构 (U+6784) in font [lmroman10-italic]:mapping=te
x-text;!
Missing character: There is no 造 (U+9020) in font [lmroman10-italic]:mapping=te
x-text;!
Missing character: There is no 的 (U+7684) in font [lmroman10-italic]:mapping=te
x-text;!
Missing character: There is no 下 (U+4E0B) in font [lmroman10-italic]:mapping=te
x-text;!
Missing character: There is no 近 (U+8FD1) in font [lmroman10-italic]:mapping=te
x-text;!
Missing character: There is no 似 (U+4F3C) in font [lmroman10-italic]:mapping=te
x-text;!
Missing character: There is no 和 (U+548C) in font [lmroman10-italic]:mapping=te
x-text;!
Missing character: There is no 上 (U+4E0A) in font [lmroman10-italic]:mapping=te
x-text;!
Missing character: There is no 近 (U+8FD1) in font [lmroman10-italic]:mapping=te
x-text;!
Missing character: There is no 似 (U+4F3C) in font [lmroman10-italic]:mapping=te
x-text;!

Overfull \hbox (70.74002pt too wide) in paragraph at lines 10--11
[]
 []


Overfull \hbox (29.73605pt too wide) in paragraph at lines 10--11
\TU/lmr/m/it/10 设有决策表$\OML/cmm/m/it/10 I \OT1/cmr/m/n/10 =
 []


Overfull \hbox (29.59914pt too wide) in paragraph at lines 10--11
\OT1/cmr/m/n/10 (\OML/cmm/m/it/10 U; A\OT1/cmr/m/n/10 )$\TU/lmr/m/it/10 ,
 []


Overfull \hbox (19.62494pt too wide) in paragraph at lines 10--11
\OML/cmm/m/it/10 X \OMS/cmsy/m/n/10 ^^R
 []


Overfull \hbox (10.98804pt too wide) in paragraph at lines 10--11
\OML/cmm/m/it/10 U$\TU/lmr/m/it/10 ,
 []


Overfull \hbox (18.36455pt too wide) in paragraph at lines 10--11
\OML/cmm/m/it/10 P \OMS/cmsy/m/n/10 ^^R
 []


Overfull \hbox (42.36002pt too wide) in paragraph at lines 10--11
\OML/cmm/m/it/10 A$\TU/lmr/m/it/10 ,可以构造X的P-
 []


Overfull \hbox (55.28569pt too wide) in paragraph at lines 10--11
\TU/lmr/m/it/10 下近似$[]\OML/cmm/m/it/10 X\OT1/cmr/m/n/10 (\OML/cmm/m/it/10 X\OT1
/cmr/m/n/10 )$\TU/lmr/m/it/10 和P-
 []


Overfull \hbox (36.12627pt too wide) in paragraph at lines 10--11
\TU/lmr/m/it/10 上近似$[]\OT1/cmr/m/n/10 (\OML/cmm/m/it/10 X\OT1/cmr/m/n/10 )$\TU/
lmr/m/it/10 : 
 []


Overfull \hbox (20.0pt too wide) in paragraph at lines 12--12
[] 
 []


Overfull \hbox (131.58876pt too wide) detected at line 12
[]\OML/cmm/m/it/10 X\OT1/cmr/m/n/10 (\OML/cmm/m/it/10 X\OT1/cmr/m/n/10 ) = []
 []


Overfull \hbox (20.0pt too wide) in paragraph at lines 14--14
[] 
 []


Overfull \hbox (130.85265pt too wide) detected at line 14
[]\OT1/cmr/m/n/10 (\OML/cmm/m/it/10 X\OT1/cmr/m/n/10 ) = []
 []

! Undefined control sequence.
l.17 \section
             {属性约简算法}
The control sequence at the end of the top line
of your error message was never \def'ed. If you have
misspelled it (e.g., `\hobx'), type `I' and the correct
spelling (e.g., `I\hbox'). Otherwise just continue,
and I'll forget about whatever was undefined.

Missing character: There is no 属 ("5C5E) in font nullfont!
Missing character: There is no 性 ("6027) in font nullfont!
Missing character: There is no 约 ("7EA6) in font nullfont!
Missing character: There is no 简 ("7B80) in font nullfont!
Missing character: There is no 算 ("7B97) in font nullfont!
Missing character: There is no 法 ("6CD5) in font nullfont!
)
! Emergency stop.
<*> chap0105.tex
                
*** (job aborted, no legal \end found)

 
Here is how much of TeX's memory you used:
 31 strings out of 476675
 584 string characters out of 5802034
 1844290 words of memory out of 5000000
 20383 multiletter control sequences out of 15000+600000
 512303 words of font info for 34 fonts, out of 8000000 for 9000
 1348 hyphenation exceptions out of 8191
 18i,2n,17p,310b,127s stack positions out of 10000i,1000n,20000p,200000b,200000s
No pages of output.
